49 5 50 5
48 43 50 43
43 38 49 32
49 30 49 33
43 33 50 26
43 26 49 26
49 23 49 24
43 24 50 17
49 17 49 18
49 10 49 15
48 29 48 32
47 28 49 26
48 16 48 25
48 9 48 14
43 39 48 34
43 17 47 21
47 10 47 14
47 5 47 7
46 45 46 49
46 37 46 43
39 39 47 31
44 20 48 24
46 18 47 18
43 14 46 17
46 8 46 14
46 2 50 2
44 49 47 46
40 35 46 41
42 32 45 29
39 27 45 27
43 11 46 14
44 9 46 11
43 9 45 7
43 6 45 6
44 4 46 4
41 47 45 43
42 43 45 40
44 36 45 37
44 35 45 34
42 31 44 33
42 29 45 29
43 25 48 25
39 26 45 20
38 11 44 17
40 10 44 14
44 11 45 10
44 5 45 6
41 21 44 24
43 18 45 16
42 44 45 44
39 36 42 33
40 16 42 18
41 12 43 10
40 6 43 9
42 7 43 7
41 4 42 5
39 47 42 44
41 37 41 42
41 31 43 29
41 24 41 28
40 23 42 21
41 12 41 16
41 8 41 10
40 4 43 1
39 49 43 49
34 44 40 44
40 19 41 20
35 9 41 15
35 7 41 13
37 14 40 11
34 43 40 43
35 38 39 42
29 50 40 39
34 35 39 35
36 33 40 33
31 24 39 32
39 25 39 29
36 26 39 23
37 24 40 21
34 12 40 18
36 7 39 7
38 42 41 45
37 39 39 39
38 28 38 31
35 19 38 19
38 18 40 16
37 15 40 12
37 46 37 49
37 36 37 39
37 29 39 29
36 26 38 28
37 12 38 12
34 5 37 5
33 6 37 2
34 49 37 49
36 46 39 46
36 44 36 46
29 34 36 41
34 42 36 40
35 32 36 31
31 19 38 26
35 17 36 17
34 4 36 2
30 34 35 29
33 16 35 16
34 28 34 30
34 24 34 26
25 22 34 13
25 20 34 11
33 1 34 2
27 45 34 45
31 44 34 41
30 37 33 40
33 37 34 38
33 28 33 32
26 18 33 25
33 22 33 26
26 25 33 18
33 17 37 21
31 15 33 15
26 40 33 47
32 33 33 32
32 24 32 27
31 22 34 22
28 21 32 21
30 19 32 17
31 14 33 14
27 16 32 11
26 2 34 10
29 3 33 7
29 8 33 4
29 46 34 46
22 33 32 43
27 25 31 29
31 13 33 15
29 11 32 11
31 9 32 8
31 8 31 9
29 3 31 3
30 36 32 34
30 26 30 29
30 8 31 8
29 44 31 42
25 28 29 28
29 22 29 25
27 19 29 19
28 14 30 16
29 10 29 12
27 4 29 4
28 50 30 48
26 42 30 46
26 40 30 40
23 39 28 34
28 27 29 28
26 25 29 25
28 21 28 22
21 6 29 14
17 7 28 7
24 47 30 47
21 31 27 37
27 35 27 39
27 11 27 12
24 9 27 6
7 2 27 2
26 50 28 50
21 49 26 49
26 41 27 42
19 27 26 34
17 24 26 33
20 35 26 29
25 22 28 25
21 15 27 15
26 13 26 15
21 5 26 5
22 35 26 39
21 27 25 31
24 29 26 29
23 23 25 21
23 19 25 19
20 39 24 43
24 39 24 41
21 39 24 36
20 37 24 33
20 28 24 24
23 18 28 18
24 15 24 18
16 11 24 11
17 3 24 3
21 44 26 49
19 45 24 45
23 39 23 43
23 21 24 22
23 14 23 14
16 4 24 4
19 42 22 39
19 31 23 31
15 10 22 10
21 46 21 49
21 41 21 43
20 38 22 38
16 21 21 26
18 23 22 23
21 16 21 19
21 12 21 14
18 18 20 20
20 18 22 16
19 16 21 18
15 13 20 13
13 29 19 35
19 34 19 35
19 26 19 28
17 22 19 20
17 47 19 45
12 40 18 40
12 32 18 38
6 18 19 31
17 16 18 16
16 12 18 14
17 5 19 5
17 39 17 44
8 27 18 37
12 30 17 35
17 27 17 30
16 25 18 25
13 24 17 20
7 18 18 18
15 14 21 8
17 8 19 6
14 47 16 47
9 37 16 44
14 39 18 39
13 31 16 31
16 30 19 30
16 17 16 19
11 49 15 49
10 44 16 44
11 38 15 42
14 37 16 37
6 27 15 36
14 29 16 29
15 28 16 27
12 21 15 21
10 24 15 19
8 16 15 16
10 10 15 15
15 12 15 16
9 1 18 10
10 11 15 6
15 5 15 7
15 3 17 5
14 41 14 45
10 21 15 26
12 22 16 22
14 12 17 12
14 11 14 12
13 4 16 1
13 28 13 28
11 15 15 19
13 14 13 17
6 13 14 5
12 41 15 44
7 43 12 38
12 37 12 38
10 33 12 35
6 40 14 32
12 18 12 21
10 15 12 13
7 1 13 7
10 1 15 1
11 46 13 46
11 41 13 41
7 33 11 33
5 19 12 26
11 13 12 13
7 3 11 7
8 41 11 44
10 38 10 40
10 25 10 29
1 14 11 24
10 17 10 21
10 3 12 1
3 50 13 50
9 49 9 50
3 46 9 46
4 36 9 31
9 29 9 29
9 5 9 8
8 47 8 49
3 43 8 43
5 43 8 40
4 35 9 40
8 22 8 27
5 16 8 13
5 9 9 13
8 5 8 10
8 3 10 3
8 1 8 1
3 40 8 35
7 34 7 38
7 27 7 31
3 23 8 23
4 10 8 10
7 4 7 6
4 49 6 49
3 42 6 39
6 38 6 40
4 32 6 32
2 27 6 31
3 31 8 26
5 25 7 25
1 3 6 3
4 42 5 42
5 39 6 38
5 29 5 32
5 21 5 23
5 10 5 13
5 4 5 5
4 38 5 39
4 37 5 36
4 27 4 28
4 19 4 22
3 15 6 15
4 5 5 5
3 41 4 41
3 18 3 26
1 13 4 13
1 11 5 11
3 6 3 9
2 16 4 14
2 8 2 14
47 45 50 48
47 50 50 47
48 31 50 29
49 5 50 5
49 50 49 50
48 43 49 43
49 31 49 31
48 27 49 27
49 23 49 24
49 17 49 17
49 15 49 15
47 13 49 11
49 4 49 4
46 46 48 48
48 47 48 47
45 33 48 36
48 29 48 29
48 23 48 23
46 22 48 20
48 11 48 11
47 44 47 44
46 37 47 37
45 31 47 33
46 17 47 16
47 14 47 14
47 5 47 5
44 4 47 1
43 48 46 48
45 39 46 40
46 35 46 35
45 30 46 30
45 27 46 26
46 20 46 20
45 17 46 18
45 9 46 10
45 46 45 47
42 41 45 38
43 24 45 26
45 24 45 24
45 13 45 14
45 7 45 7
44 5 45 4
44 43 44 43
44 40 44 41
44 35 44 36
44 33 44 33
43 30 44 29
44 20 44 22
44 14 44 15
44 11 44 12
42 47 43 47
42 45 43 45
42 42 43 41
42 37 43 37
42 29 43 28
43 23 43 23
42 18 43 18
42 12 43 13
43 2 43 2
41 34 42 33
42 20 42 20
42 11 42 11
42 7 42 8
42 5 42 5
40 47 41 46
41 41 41 41
40 31 41 31
41 25 41 26
41 22 41 22
39 14 41 16
41 9 41 9
41 3 41 3
39 50 40 49
38 38 40 36
40 26 40 26
39 23 40 24
40 19 40 19
40 14 40 14
39 10 40 11
39 7 40 6
39 49 39 49
38 42 39 42
37 38 39 40
39 38 39 38
38 34 39 35
39 32 39 33
39 28 39 28
39 21 39 22
37 14 39 16
38 7 39 8
37 2 39 4
38 47 38 47
38 23 38 23
38 21 38 21
38 18 38 19
38 14 38 14
37 11 38 10
37 7 38 6
37 37 37 37
37 29 37 29
37 27 37 27
37 12 37 12
35 6 37 8
35 5 37 5
37 4 37 4
34 49 36 49
36 45 36 45
36 40 36 41
34 35 36 33
35 32 36 31
36 22 36 24
35 16 36 17
36 10 36 10
36 2 36 2
34 47 35 47
35 42 35 42
35 38 35 38
35 35 35 36
34 32 35 31
34 28 35 29
34 21 35 20
35 15 35 15
30 50 34 50
33 45 34 44
31 43 34 40
34 24 34 25
34 11 34 13
33 8 34 9
32 5 34 7
34 2 34 2
33 42 33 42
32 40 33 40
33 37 33 38
33 29 33 30
33 24 33 24
33 17 33 19
32 13 33 12
31 48 32 47
31 44 32 44
32 39 32 39
32 37 32 37
31 33 32 33
32 27 32 27
32 21 32 22
32 17 32 17
31 5 32 6
31 3 32 4
32 1 32 2
31 49 31 49
31 46 31 46
31 29 31 29
31 20 31 21
31 13 31 13
31 11 31 11
31 2 31 2
30 42 30 42
30 36 30 36
30 34 30 34
29 31 30 31
28 28 30 26
30 24 30 24
30 17 30 17
30 7 30 8
29 5 30 5
28 44 29 44
29 38 29 39
29 30 29 30
29 19 29 19
29 15 29 15
28 13 29 12
29 4 29 4
28 1 29 2
28 39 28 41
28 34 28 35
28 27 28 27
27 23 28 24
28 22 28 22
28 17 28 17
26 5 28 7
24 50 27 47
26 42 27 43
26 35 27 36
27 32 27 33
27 20 27 20
26 11 27 11
26 3 27 2
26 50 26 50
25 47 26 46
26 41 26 41
26 33 26 34
24 26 26 28
26 27 26 27
24 25 26 23
26 13 26 14
26 1 26 1
25 46 25 46
25 37 25 38
24 32 25 31
25 29 25 29
25 21 25 21
25 19 25 19
25 12 25 15
25 5 25 9
21 46 24 49
23 43 24 43
23 41 24 40
24 35 24 36
22 31 24 33
23 28 24 27
23 24 24 24
23 18 24 17
23 11 24 11
21 6 24 3
24 2 24 2
22 50 23 50
23 45 23 46
23 37 23 37
23 21 23 22
23 14 23 14
21 47 22 48
21 42 22 41
20 37 22 39
22 34 22 34
22 32 22 32
22 28 22 28
21 26 22 25
20 23 22 21
20 10 22 10
22 9 22 9
19 43 21 41
21 39 21 39
21 36 21 36
21 25 21 25
20 22 21 23
20 13 21 14
20 47 20 48
19 20 20 20
20 17 20 18
19 8 20 8
20 6 20 6
19 4 20 4
18 47 19 48
18 46 19 46
19 44 19 44
19 42 19 42
18 33 19 34
18 32 19 32
19 28 19 28
19 22 19 22
18 14 19 14
18 40 18 40
18 38 18 38
18 16 18 16
17 4 18 5
17 2 18 3
16 47 17 48
17 33 17 36
17 27 17 28
16 25 17 25
16 19 17 20
16 17 17 18
16 11 17 10
17 8 17 8
17 1 17 1
15 42 16 42
16 38 16 39
16 33 16 34
16 30 16 31
16 24 16 24
16 14 16 14
11 49 15 49
15 36 15 37
15 32 15 33
15 28 15 29
13 23 15 21
15 5 15 5
14 3 15 3
14 36 14 39
12 34 14 34
14 30 14 31
13 26 14 25
13 22 14 23
13 20 14 19
14 17 14 17
13 15 14 14
14 11 14 11
13 32 13 32
13 28 13 28
13 14 13 14
12 6 13 6
12 4 13 4
12 2 13 2
10 45 12 47
12 44 12 44
12 37 12 37
12 35 12 35
11 30 12 30
12 23 12 23
12 20 12 20
12 9 12 10
11 48 11 48
11 41 11 42
9 31 11 33
10 31 11 32
11 25 11 27
10 19 11 18
11 13 11 13
11 7 11 8
10 42 10 43
9 38 10 39
9 27 10 27
9 24 10 23
8 18 10 20
9 15 10 15
8 7 10 9
10 4 10 5
10 1 10 1
8 49 9 49
9 45 9 47
9 35 9 36
9 29 9 29
9 26 9 26
9 21 9 21
8 17 9 17
8 43 8 44
8 39 8 40
8 19 8 19
8 12 8 13
7 9 8 8
7 5 8 6
8 3 8 3
8 1 8 1
7 44 7 44
7 41 7 41
7 34 7 35
7 29 7 30
7 23 7 23
7 21 7 21
6 14 7 13
7 10 7 11
6 48 6 49
6 31 6 32
6 28 6 29
6 25 6 26
6 17 6 17
6 3 6 3
5 1 6 1
5 49 5 50
5 44 5 46
5 42 5 42
5 40 5 40
5 34 5 35
4 32 5 31
3 20 5 22
3 19 5 19
5 12 5 12
5 8 5 8
4 50 4 50
4 37 4 38
4 33 4 34
4 31 4 31
4 28 4 28
3 25 4 24
2 17 4 15
3 6 4 5
2 5 4 3
3 44 3 45
2 42 3 41
3 21 3 22
3 18 3 18
3 13 3 13
3 11 3 11
3 7 3 9
3 1 3 3
1 40 2 40
1 28 2 28
2 24 2 25
2 16 2 16
1 10 2 9
1 2 2 1
1 12 1 12
1 8 1 9
-1