195 150 200 150
196 96 200 92
199 7 200 8
198 151 198 158
198 30 198 149
196 9 198 7
195 179 197 179
196 131 198 129
196 180 196 200
196 151 196 178
196 97 196 149
196 8 196 95
188 14 197 5
196 1 196 6
194 131 196 129
194 95 198 99
194 94 198 90
188 85 198 75
188 22 198 32
195 8 196 8
188 155 194 149
188 135 194 129
188 91 194 97
188 98 194 92
192 1 192 200
190 97 190 200
188 97 190 95
188 94 190 94
190 1 190 92
189 135 189 200
189 97 189 133
189 63 189 95
189 1 189 61
187 150 192 145
183 128 187 132
186 131 192 125
183 96 187 96
187 93 192 88
187 78 194 71
187 67 194 74
187 62 194 69
187 60 194 60
186 48 194 56
186 49 194 41
186 37 194 37
186 16 194 16
186 8 193 1
183 150 187 150
186 130 187 130
183 126 186 126
183 101 186 101
184 93 187 93
183 78 187 78
183 67 187 67
183 62 187 62
183 56 187 60
182 176 186 180
182 180 186 176
183 49 187 49
183 48 187 48
183 41 185 39
183 20 185 18
182 7 185 7
183 2 186 2
182 181 184 179
184 151 184 177
184 130 184 149
182 130 184 128
184 127 185 126
184 102 184 125
184 97 184 100
182 93 185 96
183 95 185 93
184 79 184 92
184 68 184 77
184 63 184 66
184 58 184 61
184 54 184 56
183 180 183 200
183 151 183 178
183 129 183 149
183 127 184 128
183 102 183 125
183 97 183 100
183 79 183 92
183 68 183 77
183 63 183 66
183 57 183 61
183 50 183 55
183 42 183 47
183 21 183 40
183 8 183 19
183 3 183 6
183 1 184 2
181 179 182 178
181 173 184 173
181 172 184 169
181 153 184 156
176 145 184 153
176 106 184 98
176 91 184 99
176 83 184 75
174 71 184 71
178 70 184 64
176 67 185 58
176 54 184 54
176 54 181 49
176 43 181 48
176 43 183 43
176 22 183 22
176 15 184 7
176 7 182 1
176 183 180 179
176 157 180 153
180 80 180 94
179 81 179 93
177 93 182 93
176 94 176 200
176 79 176 92
176 68 176 77
176 55 176 66
176 50 176 53
176 44 176 48
176 1 176 42
173 181 179 175
173 174 179 168
173 169 179 163
167 145 179 157
168 157 177 148
173 139 180 132
173 124 180 131
173 122 180 115
173 103 179 97
164 85 179 100
173 79 179 79
173 80 180 73
175 77 175 79
173 69 179 63
164 51 177 64
173 47 177 51
173 28 180 28
173 12 180 5
174 1 177 4
174 94 174 200
174 80 174 92
174 72 174 77
174 49 174 70
174 1 174 47
173 82 173 93
164 187 174 177
166 178 174 170
165 159 173 167
171 165 174 162
164 142 174 132
164 134 174 124
161 128 174 115
165 108 174 99
168 100 178 90
164 82 172 82
164 86 174 76
166 77 174 69
164 75 174 65
168 66 174 60
165 50 172 57
164 44 174 54
161 38 174 51
164 40 172 48
164 31 174 31
164 18 174 8
165 9 173 1
171 166 171 200
171 94 171 164
171 59 171 92
171 49 171 57
171 1 171 46
164 87 171 94
164 42 170 48
166 90 174 98
164 57 171 64
168 131 168 200
168 94 168 129
168 83 168 92
168 72 168 81
168 62 168 70
168 49 168 60
168 1 168 47
159 93 167 93
164 59 167 62
166 158 170 154
161 148 168 155
163 153 168 148
164 126 171 119
161 64 167 70
163 185 171 193
161 177 171 187
161 170 169 178
161 168 171 158
161 156 166 161
161 155 165 155
163 125 171 117
161 110 169 102
161 99 171 109
161 98 167 92
161 89 167 95
161 80 169 72
161 69 169 77
161 66 165 70
158 62 166 70
161 60 164 63
157 55 163 61
161 55 167 55
163 49 165 51
163 48 166 45
157 16 170 3
162 1 166 5
162 62 162 64
161 154 161 200
161 90 161 152
161 1 161 54
160 182 169 173
154 179 160 179
160 174 162 174
157 175 162 170
160 166 162 168
160 158 164 154
160 153 165 148
157 155 161 151
158 152 162 148
160 126 162 128
160 122 162 122
160 105 162 105
160 101 162 103
156 92 162 98
160 94 162 94
157 75 162 80
157 69 160 69
154 67 160 67
157 65 161 61
157 52 160 49
157 51 162 46
157 43 162 43
160 13 160 18
157 5 161 1
154 176 160 182
157 174 159 172
158 166 160 166
158 158 160 158
156 153 159 150
158 126 160 126
158 120 160 122
158 103 160 105
156 98 159 101
150 87 159 96
159 68 159 78
157 64 160 67
156 67 159 64
159 50 159 62
159 2 159 48
158 181 158 200
158 173 158 178
158 167 158 171
158 159 158 165
158 151 158 157
158 127 158 149
158 121 158 125
158 104 158 119
158 97 158 102
158 72 158 92
158 68 158 70
158 63 159 64
158 1 158 61
154 172 156 172
156 170 158 170
156 166 158 168
156 158 158 160
154 150 156 150
156 148 158 148
156 126 158 128
156 118 158 118
156 96 158 94
153 78 156 78
153 72 158 77
154 75 156 73
153 71 156 71
153 71 160 64
150 43 157 50
150 54 159 45
156 47 156 49
156 27 159 30
154 2 156 2
150 169 155 169
150 161 155 166
150 163 155 158
154 153 156 153
150 147 155 147
150 131 155 126
150 122 155 117
150 106 155 101
150 105 155 100
150 99 155 99
150 91 155 96
153 78 156 75
150 63 155 63
150 57 155 62
150 28 155 28
154 180 154 200
150 174 155 179
145 168 154 177
151 172 154 175
154 173 154 175
154 154 154 171
150 152 154 152
150 151 154 151
154 102 154 149
154 94 154 98
154 79 154 92
152 74 154 76
154 72 154 74
145 69 155 69
151 68 154 68
154 50 154 66
154 3 154 48
150 1 154 1
153 101 156 98
151 95 153 93
152 164 152 168
151 173 151 200
151 163 151 171
151 97 151 161
143 86 152 95
151 91 154 88
151 74 151 79
151 64 151 67
151 1 151 27
139 172 150 172
144 73 150 79
139 179 149 179
139 161 150 172
149 170 154 170
145 170 151 164
139 153 149 163
144 153 151 160
145 160 151 154
140 153 149 153
139 150 149 150
145 145 154 136
139 126 149 126
145 115 154 106
145 105 149 105
139 101 149 101
139 96 149 96
145 94 151 94
134 97 149 82
145 75 150 75
145 75 150 70
139 67 149 67
144 67 151 60
143 48 154 59
142 49 149 49
139 48 149 48
132 46 149 46
135 48 149 34
139 2 149 2
148 180 148 200
145 175 154 184
148 173 148 178
148 163 148 169
143 166 148 161
144 156 148 160
145 162 150 157
145 155 148 155
145 157 149 153
145 152 148 152
147 152 151 148
148 127 148 149
148 102 148 125
144 96 150 102
148 97 148 100
148 84 148 95
148 82 154 82
148 70 148 80
145 71 150 66
148 50 148 66
145 47 148 47
148 36 148 45
148 3 148 34
148 1 154 7
147 180 147 200
147 173 147 178
145 171 149 171
147 162 147 167
147 157 148 158
145 154 148 154
145 151 148 151
147 127 147 149
147 102 147 125
147 97 147 100
145 95 148 95
147 85 147 91
144 80 148 84
147 72 147 81
145 68 148 68
147 50 147 66
147 37 147 45
147 3 147 35
145 1 148 1
146 180 146 200
146 173 146 178
145 170 147 170
146 161 146 167
146 157 147 157
146 127 146 149
146 109 146 125
146 102 146 107
146 97 146 100
146 86 146 92
145 85 148 82
145 82 150 77
146 79 146 82
146 76 146 77
146 72 146 74
146 50 146 66
146 38 146 45
146 3 146 36
145 180 145 200
145 173 145 178
145 169 147 171
145 160 145 165
145 138 145 149
145 127 145 136
145 102 145 125
144 101 149 96
145 97 145 100
145 87 145 92
145 76 145 83
145 68 145 74
145 50 145 66
145 39 145 45
145 3 145 37
138 137 144 137
143 137 148 132
139 120 148 111
139 115 144 110
140 102 144 106
143 93 148 88
144 89 145 89
139 78 144 78
141 77 144 74
144 62 148 66
144 59 148 59
144 52 146 52
139 160 144 165
139 158 143 158
143 156 145 156
139 131 144 136
140 92 144 92
139 85 144 80
140 77 144 73
142 62 144 62
142 61 144 59
142 50 144 52
139 166 143 166
140 162 142 160
140 161 143 158
141 180 141 200
141 173 141 178
141 167 141 171
140 166 142 164
141 164 142 163
141 159 141 161
141 156 141 157
141 154 142 153
141 151 141 152
141 138 141 149
141 134 141 136
141 127 141 132
141 119 141 125
141 114 141 117
141 104 141 112
141 102 142 101
141 97 141 100
141 95 142 96
141 94 143 92
138 94 141 91
140 89 142 89
141 84 141 87
141 79 141 82
141 68 141 75
141 63 141 66
141 50 141 61
140 46 143 49
141 43 141 45
141 3 141 41
141 1 142 2
140 156 141 157
140 123 141 124
138 115 141 115
138 85 141 85
138 61 141 64
140 62 141 63
138 47 141 50
140 15 141 16
136 159 139 156
139 123 140 123
139 116 140 115
138 84 141 84
139 79 139 79
136 61 139 64
139 49 140 49
132 40 139 47
136 18 139 15
138 87 138 91
131 153 137 153
131 157 137 151
136 151 138 149
136 130 138 128
133 122 138 127
136 124 138 122
134 119 137 122
132 123 137 118
131 123 137 117
132 101 137 101
134 102 138 98
135 94 138 97
132 92 137 87
134 82 138 82
137 80 137 82
132 78 137 78
136 68 138 66
137 66 137 67
136 48 138 50
134 45 137 48
136 159 136 200
136 154 136 157
136 124 136 149
126 132 136 122
136 120 136 122
136 102 136 117
136 96 136 100
136 89 136 94
136 83 136 87
134 80 137 80
134 81 138 77
136 68 136 77
136 49 136 66
136 45 137 45
136 1 136 43
134 180 138 176
134 167 138 163
132 158 135 158
135 156 135 158
132 150 135 150
132 146 135 149
134 127 136 127
135 126 135 127
134 97 136 97
133 92 135 92
132 86 135 83
132 71 135 68
132 67 135 67
132 62 135 62
134 48 136 50
134 32 138 32
134 16 138 12
133 2 138 7
134 1 138 5
134 159 134 200
134 157 135 157
131 155 134 152
134 151 136 149
134 149 135 149
134 127 134 147
131 125 134 122
134 102 134 119
134 98 134 100
126 102 135 93
126 99 134 91
134 85 134 89
134 70 134 77
134 68 136 66
134 63 134 66
134 50 134 61
131 50 134 47
134 44 136 42
134 43 134 45
134 1 134 41
133 179 134 178
133 166 134 165
133 154 133 156
132 85 135 82
133 48 133 50
133 34 134 35
131 15 133 15
131 8 133 6
130 181 132 179
130 168 132 166
126 137 132 143
132 127 135 124
131 95 133 93
130 77 132 77
132 51 133 50
131 47 134 50
130 35 132 35
131 2 133 2
131 181 131 200
127 94 131 98
131 16 131 34
131 9 131 14
131 3 131 7
131 1 132 2
124 99 131 99
130 88 130 93
122 179 129 179
122 166 129 166
121 158 129 158
122 156 129 156
129 144 129 153
129 127 129 142
129 101 129 125
126 95 132 101
124 95 129 95
123 92 130 92
122 84 129 91
126 91 129 88
122 78 129 78
123 67 129 67
119 62 129 62
119 64 129 54
126 50 130 50
126 52 129 49
122 48 129 48
119 46 129 46
118 49 129 38
122 30 129 37
126 18 131 13
126 10 131 10
122 2 129 2
128 180 128 200
128 167 128 178
128 159 128 165
128 157 132 153
128 151 128 155
128 127 128 149
128 98 128 125
127 95 129 93
128 91 130 93
128 79 128 88
128 68 128 77
126 64 131 69
121 58 128 65
124 68 128 64
126 65 131 60
128 56 128 61
126 54 131 54
128 51 128 54
128 47 131 44
128 40 128 45
126 40 130 36
126 35 131 40
128 3 128 35
128 1 131 4
127 180 127 200
127 167 127 178
127 159 127 165
126 157 128 157
127 103 127 155
127 100 131 104
127 91 129 91
127 79 127 88
127 68 127 77
126 66 128 66
126 63 128 63
127 57 127 61
127 49 127 55
126 47 128 47
127 41 127 45
127 36 127 39
127 3 127 34
126 1 128 1
126 180 126 200
126 167 126 178
126 159 126 165
126 104 126 155
124 102 128 98
123 94 127 98
126 94 128 94
126 90 127 91
126 89 128 87
126 79 126 87
126 68 126 77
126 58 126 61
126 49 126 56
121 50 128 43
126 42 126 45
126 35 126 40
126 3 126 33
124 154 127 151
124 151 129 146
124 148 127 145
124 143 127 146
121 147 126 142
124 140 131 133
121 130 131 140
124 130 127 130
125 129 125 130
124 124 127 121
124 118 131 111
124 70 128 70
123 49 125 49
124 16 128 12
121 14 125 14
124 180 124 200
124 167 124 178
124 159 124 165
120 153 128 161
124 145 124 155
124 131 124 142
124 106 124 129
124 96 124 104
121 90 124 93
124 87 124 91
124 79 124 85
124 68 124 77
124 63 124 66
124 60 124 61
124 50 124 58
121 42 124 45
124 44 124 45
124 33 124 42
124 16 124 31
124 3 124 14
124 1 128 5
120 156 124 152
120 153 124 149
121 142 124 145
123 143 123 145
121 139 124 136
122 135 124 137
121 129 124 132
121 125 124 122
121 117 124 114
121 80 124 80
120 82 123 79
121 70 123 68
114 13 124 23
123 14 123 16
122 180 122 200
122 167 122 178
122 157 122 165
122 145 122 155
122 108 122 142
122 94 122 106
122 85 122 91
122 81 122 83
122 68 122 77
122 63 122 66
122 50 122 60
120 47 122 47
122 31 122 44
122 16 122 29
122 3 122 14
122 1 124 3
120 144 122 142
121 104 121 112
117 93 121 93
120 179 122 181
120 166 122 168
112 151 120 143
119 143 122 140
120 139 122 141
114 135 120 135
120 123 122 125
119 111 120 112
119 105 120 104
120 101 122 103
120 97 122 99
120 92 122 94
120 90 122 88
120 83 122 85
115 74 120 79
119 79 122 76
120 67 121 68
120 65 123 62
118 49 120 49
114 54 120 48
120 28 122 28
120 25 122 27
120 17 121 17
119 15 120 15
120 2 122 4
112 186 119 179
112 173 119 166
115 165 119 161
114 151 119 156
108 164 119 153
119 141 121 143
119 140 120 139
119 136 120 135
108 133 119 133
114 118 119 123
114 96 119 101
113 92 119 98
114 97 119 92
115 89 119 89
115 84 119 84
114 86 119 81
113 73 119 67
114 32 119 27
114 21 119 26
119 20 120 19
114 7 119 2
118 111 118 121
117 110 117 115
112 84 117 79
117 52 117 65
116 157 116 200
112 159 116 155
112 154 116 154
116 144 116 152
116 139 116 142
112 141 117 136
112 140 116 136
112 130 116 134
116 114 116 132
116 109 116 112
112 103 119 110
116 102 116 107
116 96 116 100
116 94 118 96
116 85 116 92
116 79 116 83
116 68 116 77
116 24 116 66
116 16 116 22
116 1 116 14
115 157 115 200
115 145 115 155
115 138 115 143
112 139 117 134
115 134 115 136
115 115 115 132
115 94 115 113
115 86 115 92
115 23 115 84
115 1 115 21
114 111 114 117
112 111 113 111
112 106 116 102
108 106 115 99
112 90 118 90
108 84 113 79
113 78 115 76
112 75 115 75
112 70 115 70
112 68 116 64
112 61 116 65
112 59 116 55
102 43 114 55
113 49 115 51
108 43 113 48
113 46 118 41
112 31 118 37
108 26 117 26
112 24 114 24
112 16 118 10
111 144 112 143
112 134 112 138
112 113 112 120
112 93 112 100
108 182 118 172
108 169 115 162
106 151 112 157
108 156 118 146
102 148 114 148
108 137 111 134
108 131 115 124
109 125 113 125
108 120 112 124
111 122 117 122
108 113 111 113
108 103 112 107
108 98 111 101
108 82 111 79
108 81 112 77
108 72 112 72
105 67 111 67
105 62 111 62
108 46 112 50
102 57 111 48
102 25 112 35
108 28 112 28
105 2 111 2
110 168 110 200
107 147 111 143
109 124 111 122
110 115 110 121
110 81 110 99
102 77 110 77
101 67 110 76
102 83 110 75
102 82 111 73
110 68 110 71
110 63 110 66
110 50 110 61
110 3 110 47
110 1 112 3
109 146 109 200
109 125 109 144
102 129 109 122
109 102 109 119
109 94 109 100
109 76 109 92
109 68 109 74
109 63 109 66
109 55 109 61
109 51 109 53
109 29 109 49
109 3 109 27
108 1 110 1
108 157 108 200
106 157 108 155
105 151 108 154
108 147 108 152
108 126 108 145
102 124 108 124
108 94 108 120
108 79 108 92
108 68 108 76
105 69 110 64
108 65 111 62
108 63 108 66
108 50 108 61
102 53 108 47
108 32 108 45
108 3 108 30
106 180 109 177
106 162 110 158
102 139 108 145
102 148 110 140
102 139 107 134
105 124 109 128
102 128 109 121
107 121 107 123
102 112 109 119
102 110 110 110
102 96 109 103
106 99 108 99
105 96 110 96
102 87 107 92
102 76 107 76
106 69 110 69
102 60 110 60
104 56 112 56
102 54 108 48
102 51 108 45
101 38 110 38
102 27 109 34
102 19 110 19
104 18 110 12
101 2 110 11
106 154 106 200
106 149 106 152
104 145 108 149
106 145 106 147
106 126 106 142
106 94 106 123
106 79 106 92
106 69 106 75
102 62 106 66
106 63 106 66
106 50 106 61
106 32 106 46
106 3 106 30
106 1 110 5
105 189 105 200
102 182 106 178
102 169 106 165
102 164 106 160
102 159 106 155
98 154 106 154
105 153 105 154
105 116 105 121
105 93 105 95
105 78 105 78
105 51 105 55
105 47 110 52
105 3 105 45
102 1 106 1
99 130 104 125
104 93 104 95
98 161 103 156
103 93 105 93
103 70 103 75
99 44 104 49
102 158 102 200
98 151 103 156
102 149 102 152
102 140 102 147
102 102 102 109
102 94 102 100
102 63 102 92
102 48 102 61
102 44 102 46
102 1 102 42
101 179 104 176
101 162 103 162
97 161 101 161
100 156 102 156
98 141 104 147
98 146 106 138
101 134 106 129
99 134 101 132
101 123 102 122
101 118 106 113
101 115 101 116
98 99 106 107
101 101 106 106
98 95 103 90
98 85 101 82
99 78 101 78
99 69 101 71
101 66 103 66
99 61 101 63
101 62 102 63
99 47 103 51
98 51 101 48
101 44 102 45
99 38 101 36
101 25 106 30
101 15 106 10
98 11 101 14
99 14 101 12
99 179 101 179
100 153 100 156
99 134 101 134
93 116 100 123
93 114 100 114
98 103 100 103
98 92 101 92
98 44 100 46
99 40 101 38
99 27 101 25
99 2 101 2
99 180 99 200
99 162 99 178
93 165 99 159
99 157 99 159
99 135 99 155
99 94 99 99
99 85 99 92
99 79 99 83
99 70 99 77
99 62 99 68
99 47 99 60
99 41 99 43
99 39 100 39
99 28 99 37
99 15 99 26
99 3 99 13
99 1 100 2
98 156 99 157
96 93 98 93
93 183 99 177
91 152 98 159
97 156 97 158
93 157 99 151
93 148 97 144
93 139 97 143
94 136 98 136
93 138 99 132
93 132 98 132
93 127 99 121
91 111 99 111
91 106 99 106
91 107 98 100
93 93 99 87
93 82 99 76
93 70 100 70
91 68 99 60
93 59 99 59
91 55 97 49
93 50 98 45
93 40 98 40
93 25 99 31
93 26 99 20
93 18 99 18
93 19 99 13
93 6 98 1
94 51 97 48
94 43 97 40
95 157 95 200
95 137 95 155
93 137 95 135
95 94 95 133
95 51 95 92
88 47 95 47
91 45 96 45
95 43 95 47
93 41 96 41
95 28 95 39
95 1 95 26
94 162 94 200
91 162 95 158
94 157 94 160
94 137 94 155
94 124 94 135
94 112 94 122
94 94 94 110
94 52 94 92
93 51 95 49
94 44 96 42
94 19 94 42
94 1 94 17
90 164 93 161
90 113 93 110
91 44 94 47
93 20 93 24
91 180 96 175
87 158 96 167
91 157 94 154
91 143 96 148
91 144 96 139
87 136 92 141
90 139 92 137
91 135 93 133
86 119 96 129
91 124 95 120
91 120 93 118
91 110 94 107
91 100 99 108
91 85 96 80
91 79 96 74
91 75 94 75
91 52 96 57
92 46 92 49
91 38 96 33
88 30 96 38
91 30 95 30
90 25 93 22
90 22 92 22
91 16 96 11
91 1 96 6
91 164 91 200
91 145 91 161
91 139 91 142
91 125 91 137
91 113 91 123
91 94 91 111
91 49 91 92
91 25 91 45
88 20 91 23
91 1 91 21
88 187 91 184
87 182 91 178
77 152 91 166
87 159 91 155
87 150 91 154
87 147 90 144
87 137 91 133
83 120 91 128
87 116 90 119
88 109 90 107
87 104 91 104
88 99 91 102
88 84 91 81
89 79 91 77
88 77 90 77
88 69 91 66
88 60 91 63
89 60 91 60
85 50 91 56
88 54 91 51
90 46 90 49
89 35 91 37
88 37 91 34
88 17 91 14
89 1 91 3
89 144 90 144
89 84 89 99
89 78 90 78
86 51 89 48
88 85 88 98
83 179 87 179
87 131 87 168
87 117 87 129
87 112 87 115
87 80 89 82
87 78 87 80
87 67 89 69
87 62 89 64
86 57 88 59
83 57 87 57
87 48 87 50
87 46 89 44
87 35 89 37
87 32 91 32
87 28 89 30
87 22 91 26
87 15 89 17
83 178 87 182
82 173 87 168
82 168 86 168
82 160 88 154
79 146 88 155
85 146 89 150
82 148 86 144
82 138 89 131
82 127 88 133
86 129 88 127
82 117 87 117
82 105 86 105
82 103 86 103
82 97 86 101
86 100 87 101
82 81 86 81
83 70 86 67
78 70 86 62
82 59 86 59
86 56 87 57
86 53 87 52
86 49 87 48
79 39 86 46
82 36 86 36
82 35 86 31
82 25 86 29
82 26 86 22
82 19 86 15
85 181 85 200
85 171 85 178
85 158 85 169
85 144 86 144
85 83 85 98
85 31 85 36
85 3 85 29
82 4 85 1
84 118 84 120
84 100 84 102
84 84 84 97
83 56 84 55
84 45 84 47
83 180 83 200
83 151 83 177
83 135 83 149
83 121 83 133
83 94 83 119
83 63 83 92
83 57 83 61
83 3 83 53
82 1 85 1
82 86 82 95
80 2 82 2
79 191 85 185
79 181 85 175
77 180 85 172
79 171 83 175
77 157 85 149
79 152 81 152
79 146 81 144
81 143 85 139
79 134 85 140
81 134 84 131
74 117 81 124
79 121 85 127
77 118 81 122
79 117 84 122
79 110 85 110
79 103 83 99
77 102 81 98
78 95 81 95
79 86 81 86
79 80 85 74
79 73 85 73
81 71 84 68
77 60 83 66
78 59 81 62
79 58 85 58
79 56 82 56
81 51 81 53
79 46 84 51
81 46 85 42
72 52 81 43
79 34 82 34
79 28 81 26
79 24 85 18
79 17 85 11
75 153 81 153
80 88 80 93
75 37 81 43
79 155 79 200
79 147 79 152
79 135 79 145
79 123 79 133
79 63 79 121
78 62 80 60
78 59 79 59
79 47 79 57
79 44 82 47
79 42 79 45
79 3 79 40
79 1 80 2
75 189 78 189
77 173 81 173
78 155 78 156
77 151 80 151
77 143 80 146
72 137 78 143
73 144 78 139
77 135 80 132
72 119 80 127
75 123 78 123
74 117 78 113
75 89 79 93
76 91 78 89
75 78 78 78
78 48 78 50
77 45 78 44
75 40 78 37
75 22 78 22
75 15 78 15
77 157 77 180
72 160 77 155
77 154 78 155
77 144 77 151
77 141 77 142
77 124 77 139
77 122 78 123
77 121 78 121
77 115 77 119
77 99 77 113
77 94 79 92
72 69 77 69
71 68 77 68
72 72 77 67
77 45 77 49
72 183 77 178
72 175 77 170
72 140 77 145
72 138 77 133
72 127 77 127
72 105 77 100
76 67 78 67
75 64 78 61
72 58 76 62
72 61 76 61
72 51 77 46
75 190 75 200
75 154 75 188
67 144 75 152
75 145 75 152
75 124 75 141
75 119 75 122
72 114 75 117
75 94 75 115
72 88 75 91
72 87 76 91
75 79 75 88
75 70 75 77
75 66 77 68
73 63 75 65
75 63 76 63
75 49 75 60
75 41 75 45
72 39 77 39
72 38 77 38
75 23 75 36
75 16 75 21
75 3 75 14
72 4 75 1
74 46 74 48
73 154 73 158
69 2 74 2
61 78 72 67
61 32 72 43
71 189 75 193
71 179 75 183
71 166 75 166
71 158 75 162
71 156 72 155
71 153 75 149
71 146 72 146
65 138 71 144
66 148 72 142
66 129 75 138
71 132 75 132
71 123 74 126
67 116 73 122
71 119 74 122
71 114 75 110
71 101 75 105
71 99 75 95
71 96 76 101
71 93 73 95
68 85 71 88
61 75 71 85
71 78 75 82
71 74 75 74
61 67 72 67
71 66 72 66
61 53 71 63
71 62 72 63
66 56 71 51
68 48 71 48
61 46 71 46
71 41 71 44
71 33 75 33
71 22 75 26
71 15 75 19
66 193 70 189
66 183 70 179
66 169 70 165
60 149 70 159
66 160 70 156
66 149 70 153
67 149 70 149
67 134 71 134
66 127 70 123
66 121 70 121
66 117 70 113
67 104 70 101
67 102 70 99
67 97 70 97
67 96 70 93
68 78 71 78
68 77 71 74
70 45 72 47
61 33 71 43
61 31 71 41
67 29 71 33
67 22 71 22
67 15 71 15
56 81 69 68
59 62 69 62
68 152 68 200
65 153 68 150
68 135 68 148
68 124 68 133
68 102 68 122
67 101 68 100
68 86 68 98
67 85 69 83
66 83 68 83
65 78 68 81
65 80 68 80
65 79 68 79
68 72 68 76
68 70 69 70
67 69 69 67
68 63 68 66
67 61 69 61
68 55 68 59
68 49 68 53
68 41 68 45
68 31 68 37
68 23 68 29
68 16 68 21
68 3 68 14
66 1 69 1
67 163 67 200
67 157 67 161
67 151 67 155
67 145 67 149
67 135 67 143
67 117 67 133
67 102 67 115
67 85 67 100
67 82 68 83
67 73 67 77
67 71 68 72
67 68 69 68
67 63 67 66
67 60 69 62
67 56 67 58
67 49 67 54
67 47 68 47
67 40 67 45
60 36 68 36
67 30 67 36
67 23 67 28
67 16 67 21
67 3 67 14
61 153 66 153
66 109 69 109
61 99 66 99
61 88 66 88
66 78 68 80
61 54 66 49
61 48 66 48
66 2 66 14
60 194 69 185
60 184 69 175
61 164 68 164
58 160 65 160
63 154 68 159
65 152 68 155
60 139 68 147
60 148 69 139
65 134 67 132
63 128 65 126
65 123 69 127
65 119 69 115
63 106 66 109
63 104 66 101
61 101 65 101
56 18 65 27
56 22 65 22
61 15 65 15
64 159 64 194
61 159 64 156
58 133 64 139
60 138 64 134
60 127 64 123
60 115 64 119
54 68 64 58
63 165 63 200
63 157 63 163
61 155 64 155
63 129 63 152
63 107 63 127
55 97 63 105
61 103 64 103
60 105 64 101
60 100 63 100
63 89 63 98
63 81 63 87
60 82 63 79
60 72 63 75
58 73 64 73
55 80 63 72
52 60 63 71
63 68 63 73
58 61 64 67
63 63 63 66
63 61 64 62
58 55 63 60
60 58 64 58
60 60 64 56
58 56 63 56
61 56 63 54
60 50 63 53
58 51 64 51
60 53 63 50
60 49 63 49
60 47 63 47
63 36 63 45
63 26 63 32
60 27 63 24
63 23 64 22
63 16 63 21
63 3 63 14
60 1 63 1
62 165 62 200
62 158 62 163
58 154 63 154
62 142 62 152
62 106 62 116
61 102 63 102
62 89 62 98
62 80 62 87
62 68 62 72
62 63 62 66
60 59 62 61
62 55 62 57
62 50 64 48
62 35 62 45
62 25 62 31
60 25 62 23
62 16 62 21
62 3 62 14
61 165 61 200
61 157 61 163
61 105 61 152
61 89 61 98
61 79 61 87
60 76 63 79
61 68 61 72
61 63 61 66
61 57 63 57
60 54 61 55
61 50 63 50
61 34 61 45
61 24 61 30
61 16 61 21
61 3 61 14
56 147 60 143
60 2 60 14
58 190 64 184
58 180 64 174
58 170 64 170
55 160 61 166
56 156 59 156
58 154 63 149
58 144 63 139
58 132 63 132
58 122 63 127
58 118 62 122
58 108 63 108
59 101 59 102
55 103 63 95
58 89 63 84
56 89 59 86
56 80 61 80
58 71 61 68
55 44 59 48
55 50 63 42
56 28 59 31
58 31 63 26
55 29 59 29
58 14 63 19
58 157 58 200
55 158 59 154
58 146 58 152
58 134 58 143
58 102 58 132
58 88 58 99
58 80 58 86
58 76 58 78
58 65 58 74
56 61 58 63
58 48 58 61
58 31 58 46
58 23 58 28
58 21 63 21
58 3 58 19
55 4 58 1
55 191 58 188
55 181 58 178
55 172 58 172
55 162 58 165
52 158 58 152
55 154 58 151
55 145 58 142
55 121 58 124
55 117 58 120
55 110 58 110
57 99 57 101
56 82 58 82
55 74 58 74
48 71 57 71
52 73 57 68
57 67 58 68
54 61 57 61
52 58 58 58
55 30 58 27
57 27 58 26
55 13 58 16
56 164 56 200
56 157 56 162
56 154 56 155
56 148 56 152
56 100 56 146
56 90 56 98
56 82 56 88
56 68 56 80
51 65 56 65
49 70 57 62
56 30 56 60
56 23 56 27
55 20 58 23
52 24 58 18
56 19 56 21
56 3 56 17
55 2 56 1
55 163 55 171
52 191 56 187
52 181 56 177
52 175 56 175
52 165 54 165
52 162 54 164
47 160 55 152
47 136 58 147
47 130 56 139
52 136 56 132
52 125 56 121
52 113 56 113
52 99 56 103
52 97 55 100
54 97 56 95
51 88 56 93
54 88 54 89
52 85 56 85
52 83 55 83
53 67 55 67
51 48 54 48
51 46 54 46
54 24 54 26
51 13 54 16
54 15 56 17
51 62 54 62
53 22 53 25
53 1 53 10
52 116 52 200
52 100 52 112
52 90 52 98
47 86 52 86
52 68 52 84
46 70 53 63
52 49 52 61
47 52 53 46
52 25 52 45
52 15 52 21
52 3 52 13
47 6 52 1
47 193 53 187
47 183 53 177
46 173 51 178
47 168 53 168
48 167 53 162
47 149 56 158
47 148 51 152
49 148 56 141
47 147 53 141
47 127 53 121
47 112 53 118
47 105 52 100
47 95 51 99
47 93 53 87
47 82 53 76
48 75 53 75
50 63 52 65
47 55 53 55
47 23 52 23
51 21 51 23
47 11 52 16
47 176 50 179
47 150 50 153
48 87 50 89
50 22 52 20
47 5 50 2
47 146 49 144
47 73 50 73
49 64 49 66
47 4 50 1
48 150 48 200
48 89 48 91
48 60 48 64
48 3 48 45
47 1 49 1
47 154 47 159
43 138 47 142
43 2 47 2
45 196 50 196
46 189 50 193
46 183 50 187
46 179 47 180
46 164 50 160
45 158 47 156
46 156 46 157
46 153 47 152
44 147 46 145
46 143 49 140
46 140 48 142
46 134 50 130
44 121 50 127
41 126 46 121
45 100 50 105
44 91 48 95
46 91 48 91
46 88 47 87
44 76 50 82
41 81 46 76
44 69 46 69
46 63 47 63
46 62 46 63
46 60 52 54
46 57 48 57
41 45 46 50
41 48 46 48
44 46 46 46
46 22 47 21
46 16 46 18
46 8 50 8
45 189 46 189
45 184 46 183
45 179 46 179
44 175 46 173
44 172 45 171
45 164 46 164
45 156 46 156
45 153 46 153
45 143 46 143
45 141 46 140
45 134 46 134
41 123 46 123
41 101 46 101
42 102 45 99
42 94 45 94
45 88 46 88
41 78 46 78
44 70 48 70
45 59 46 60
45 56 46 57
45 22 46 22
44 18 48 14
45 15 45 17
42 197 44 195
39 189 43 189
39 190 43 186
42 180 44 178
38 171 43 171
38 159 44 165
42 160 44 160
42 155 45 158
38 153 43 153
38 139 44 133
41 104 46 99
38 96 44 96
42 89 44 87
42 72 44 72
42 68 44 66
42 61 44 63
38 65 44 59
42 58 44 56
42 55 44 53
42 23 44 21
43 13 43 15
42 190 42 200
38 192 42 188
42 172 42 186
42 154 42 170
42 138 42 152
42 126 42 136
38 120 42 124
42 104 42 122
42 81 42 100
38 75 42 79
42 62 42 77
42 49 42 60
38 51 42 47
42 3 42 45
38 5 42 1
38 199 42 195
38 182 42 178
38 167 41 164
39 154 42 157
38 145 42 145
38 146 42 142
38 137 42 133
38 98 42 98
38 91 42 87
38 74 42 74
38 68 42 64
37 62 42 57
38 58 42 54
39 54 42 51
38 25 42 21
38 16 41 13
38 15 42 11
41 11 41 13
38 4 40 2
39 191 39 200
39 165 39 188
39 146 39 163
39 135 39 144
39 99 39 133
39 77 39 97
39 51 39 75
39 3 39 49
38 1 40 1
38 100 38 106
35 62 38 62
36 2 38 2
37 196 40 193
31 195 40 186
31 185 40 176
35 168 37 166
37 164 39 162
37 156 40 159
37 149 42 154
37 143 40 140
35 134 37 134
37 132 40 132
37 130 40 130
37 123 40 126
37 108 40 111
32 97 37 102
37 100 37 102
37 88 40 85
34 88 37 85
32 66 40 58
37 54 39 52
34 48 37 51
37 41 40 41
37 22 40 19
37 8 40 5
31 7 37 7
32 200 36 196
36 179 36 192
31 169 36 164
32 160 36 156
32 150 36 150
32 147 36 143
32 119 36 123
32 109 36 109
35 104 36 103
32 92 36 88
32 79 36 79
32 82 36 78
32 60 36 60
32 57 36 53
32 44 36 48
35 46 37 48
32 40 36 40
31 27 36 22
31 11 36 6
35 169 35 200
35 135 35 167
35 105 35 133
35 88 35 103
35 80 35 86
35 63 35 78
35 55 35 61
32 53 36 53
35 50 35 53
35 8 35 45
35 3 35 6
31 5 35 1
33 129 33 142
32 1 35 4
31 162 31 200
31 156 35 160
31 155 35 155
31 143 35 147
29 138 31 136
29 134 31 134
31 126 35 126
31 123 35 119
31 114 35 118
18 95 31 108
29 108 31 106
29 93 31 91
31 88 35 92
31 84 35 84
31 78 35 74
31 62 35 66
31 55 33 55
29 43 31 45
31 42 35 42
31 1 31 33
20 199 36 183
21 188 35 174
20 173 35 173
20 153 30 143
20 135 30 125
18 135 30 123
23 115 30 115
29 110 31 108
20 98 30 88
20 85 30 85
20 68 30 78
20 52 30 62
20 64 30 54
20 57 30 47
18 34 35 17
20 12 31 1
29 139 29 200
20 137 30 137
20 136 29 136
21 135 29 135
20 124 30 134
29 125 29 133
29 111 29 123
20 100 29 109
29 94 29 107
29 44 29 92
29 1 29 42
20 131 29 122
20 81 29 90
26 59 26 200
26 1 26 57
25 116 25 125
24 180 24 200
24 86 24 178
24 1 24 84
21 135 21 200
21 117 21 133
21 102 21 115
21 1 21 100
18 188 29 199
18 178 28 188
18 142 29 153
18 126 21 126
18 118 22 118
18 115 27 106
18 102 29 113
18 87 22 91
18 1 29 12
18 144 18 200
18 1 18 114
15 189 17 189
15 179 17 179
15 143 17 143
15 134 17 134
15 130 17 128
15 122 17 120
15 110 17 112
15 107 17 105
17 98 18 99
17 88 18 89
15 29 17 31
15 2 17 2
13 1 13 200
12 1 12 200
11 127 11 178
4 195 14 185
4 173 14 183
4 141 11 134
4 140 10 134
4 133 10 127
4 111 14 101
10 63 10 74
4 30 14 20
4 8 11 1
9 1 9 200
8 1 8 200
6 1 6 200
5 1 5 200
4 1 4 200
1 100 9 92
200 151 200 200
200 93 200 149
200 9 200 91
200 1 200 6
198 151 199 150
198 92 199 93
198 7 199 7
198 152 198 158
198 131 198 149
198 100 198 128
196 100 198 98
197 97 198 97
197 94 198 95
196 89 198 91
198 76 198 89
198 33 198 74
196 33 198 31
197 30 198 30
196 200 197 200
196 180 197 179
196 151 197 150
197 130 197 130
197 100 197 110
196 91 197 92
197 77 197 89
197 33 197 75
197 9 197 29
197 1 197 4
196 181 196 199
196 152 196 178
196 132 196 149
196 101 196 128
196 98 196 99
196 94 196 95
196 90 196 90
196 78 196 88
196 34 196 76
196 31 196 32
188 29 196 29
196 10 196 27
196 1 196 5
188 172 195 179
194 151 195 150
195 130 195 130
195 96 195 96
195 93 195 93
192 75 195 78
195 7 195 8
194 180 194 200
194 152 194 177
194 132 194 148
194 98 194 128
194 80 194 91
188 70 194 76
193 74 194 75
194 72 194 73
188 64 194 70
194 61 194 68
188 59 194 59
188 58 194 58
188 57 194 57
194 42 194 55
188 46 194 40
188 45 194 39
188 44 194 38
194 31 194 36
194 17 194 27
194 10 194 15
194 1 194 6
193 180 193 200
188 178 193 178
193 166 193 176
191 148 193 150
191 128 193 130
188 101 193 96
191 91 193 93
188 86 193 81
188 84 193 79
188 72 193 77
190 68 193 71
188 75 193 70
193 61 193 67
188 56 193 56
193 43 193 54
188 43 193 38
188 31 193 36
193 32 193 35
188 30 193 30
188 28 193 28
193 17 193 26
193 11 193 15
188 13 193 8
188 1 193 6
193 2 193 5
192 180 192 200
188 177 192 177
192 152 192 175
188 144 192 148
192 146 192 147
192 132 192 144
188 124 192 128
192 126 192 127
192 98 192 124
188 87 192 91
192 89 192 90
192 83 192 87
188 83 192 79
189 77 192 77
188 73 192 69
192 61 192 66
188 55 192 55
192 44 192 53
188 42 192 38
189 36 192 36
192 33 192 34
189 31 192 31
188 27 192 27
192 17 192 25
192 12 192 15
188 12 192 8
189 6 192 6
192 3 192 4
189 1 192 1
191 184 191 200
188 185 191 182
191 180 191 181
188 176 191 176
191 153 191 174
188 154 191 151
188 146 191 149
191 133 191 145
188 134 191 131
188 126 191 129
191 99 191 125
188 100 191 97
188 89 191 92
191 84 191 88
188 82 191 79
190 76 191 76
188 71 191 68
191 61 191 65
188 54 191 54
191 45 191 52
188 41 191 38
190 35 191 35
190 32 191 32
188 26 191 26
191 17 191 24
191 13 191 15
188 11 191 8
190 5 191 5
190 2 191 2
190 184 190 200
188 183 190 181
189 180 190 180
188 175 190 175
190 154 190 173
188 153 190 151
189 149 190 149
190 136 190 145
188 136 190 134
188 131 190 131
189 129 190 129
190 100 190 125
188 99 190 97
188 95 190 95
190 94 190 94
190 92 190 92
190 85 190 88
188 81 190 79
189 63 190 64
189 61 190 61
188 53 190 53
190 46 190 51
188 40 190 38
188 25 190 25
190 17 190 23
190 14 190 15
188 10 190 8
189 185 189 200
188 184 189 183
188 174 189 174
189 155 189 172
188 152 189 151
188 147 189 146
189 136 189 144
187 132 189 132
188 127 189 126
189 101 189 124
188 90 189 89
189 86 189 87
188 80 189 79
188 76 189 75
188 69 189 68
188 66 189 66
188 52 189 52
189 49 189 50
189 47 189 47
188 39 189 38
189 33 189 34
188 24 189 24
189 17 189 22
189 15 189 15
188 9 189 8
189 3 189 4
188 186 188 200
188 181 188 182
188 173 188 173
188 156 188 171
188 151 188 151
188 148 188 148
188 145 188 145
188 137 188 143
188 128 188 128
188 125 188 125
188 102 188 123
188 88 188 88
188 79 188 79
188 74 188 74
188 65 188 65
188 51 188 51
186 36 188 38
188 32 188 35
188 23 188 23
188 17 188 21
186 6 188 8
188 2 188 5
187 179 187 179
186 96 187 96
186 15 187 16
186 181 186 200
184 177 186 177
186 160 186 175
185 150 186 150
186 130 186 130
186 126 186 126
185 101 186 101
186 93 186 93
185 78 186 78
185 67 186 67
185 62 186 62
186 59 186 59
186 39 186 44
186 18 186 35
186 9 186 14
186 3 186 5
185 2 186 1
184 179 185 179
182 46 185 49
182 51 185 48
184 40 185 39
184 19 185 18
185 7 185 7
182 177 184 175
183 174 184 174
184 170 184 171
184 157 184 168
182 157 184 155
183 154 184 154
184 151 184 152
184 131 184 149
183 127 184 127
184 102 184 125
183 100 184 100
183 97 184 97
182 95 184 95
182 94 184 94
184 79 184 92
184 76 184 77
180 70 184 74
182 75 184 73
183 72 184 72
184 68 184 70
184 65 184 66
182 65 184 63
184 60 184 61
182 60 184 58
182 58 184 56
183 55 184 55
183 181 183 200
183 178 183 178
182 170 183 171
183 157 183 169
181 153 183 151
183 131 183 149
183 102 183 125
183 79 183 92
182 76 183 77
182 74 183 75
182 69 183 70
182 68 183 68
183 66 183 66
182 64 183 63
183 61 183 61
182 59 183 58
183 51 183 53
183 44 183 46
182 41 183 42
183 23 183 40
182 20 183 21
183 9 183 19
183 3 183 6
183 1 183 1
182 182 182 200
182 175 182 175
182 158 182 169
182 155 182 156
182 131 182 149
182 128 182 129
182 102 182 125
182 98 182 99
182 79 182 92
182 73 182 73
176 57 182 63
182 56 182 57
178 57 182 53
182 52 182 52
181 49 182 50
181 48 182 47
182 44 182 45
182 23 182 40
182 11 182 19
182 8 182 8
182 3 182 6
180 179 181 179
181 172 181 173
179 152 181 150
179 128 181 126
179 99 181 101
179 98 181 96
179 76 181 78
179 65 181 67
176 38 181 43
176 17 181 22
179 8 181 10
180 1 181 2
180 194 180 200
176 176 180 172
180 153 180 153
180 133 180 148
176 134 180 130
180 128 180 129
180 116 180 124
180 103 180 114
180 98 180 99
180 74 180 76
179 70 180 69
180 64 180 65
180 56 180 60
180 51 180 52
180 45 180 46
180 29 180 41
180 24 180 27
180 12 180 20
176 4 180 8
180 6 180 7
179 5 180 4
179 181 179 200
176 175 179 178
179 176 179 177
178 175 179 174
179 169 179 170
174 167 179 167
176 163 179 166
179 164 179 165
179 158 179 162
176 159 179 156
178 154 179 155
176 151 179 151
176 146 179 149
179 134 179 147
176 135 179 132
176 132 179 129
176 130 179 127
176 125 179 125
179 117 179 123
179 104 179 115
176 105 179 102
176 95 179 95
178 77 179 77
176 75 179 72
176 68 179 68
178 66 179 66
176 61 179 61
176 56 179 59
179 57 179 58
176 55 179 55
178 53 179 53
178 50 179 50
178 47 179 47
178 44 179 44
176 42 179 42
179 29 179 40
176 24 179 27
179 25 179 26
176 23 179 23
176 21 179 21
179 13 179 19
176 14 179 11
176 6 179 9
177 3 179 3
176 1 179 1
178 182 178 200
176 182 178 180
177 178 178 178
176 173 178 173
177 171 178 171
177 168 178 168
177 166 178 166
178 158 178 163
176 152 178 152
177 149 178 149
178 135 178 146
176 133 178 131
177 127 178 127
176 124 178 124
178 118 178 122
178 105 178 116
176 104 178 102
177 100 178 100
177 97 178 97
176 94 178 94
178 91 178 92
178 82 178 89
176 82 178 80
176 74 178 72
176 69 178 69
177 63 178 63
176 60 178 60
177 56 178 56
176 41 178 41
178 29 178 39
177 27 178 27
177 24 178 24
176 20 178 20
178 14 178 18
176 13 178 11
177 9 178 9
178 4 178 4
177 183 177 200
176 181 177 180
176 174 177 174
177 159 177 163
176 158 177 157
176 155 177 154
177 136 177 145
176 131 177 130
176 123 177 123
177 119 177 121
177 106 177 117
176 103 177 102
177 93 177 93
177 83 177 90
176 81 177 80
176 73 177 72
176 70 177 70
176 59 177 59
176 53 177 52
175 48 177 46
176 46 177 45
176 40 177 40
177 29 177 38
176 19 177 19
177 15 177 17
176 12 177 11
176 184 176 200
173 177 176 180
176 177 176 177
176 169 176 170
176 164 176 165
176 160 176 162
176 156 176 156
176 147 176 148
176 137 176 144
176 128 176 129
176 122 176 122
173 120 176 120
176 107 176 118
173 99 176 102
176 98 176 99
176 84 176 90
176 80 176 80
174 70 176 72
176 64 176 65
176 58 176 58
176 51 176 52
176 44 176 45
176 39 176 39
176 29 176 37
176 25 176 26
176 18 176 18
176 16 176 16
173 8 176 11
176 8 176 8
176 5 176 5
173 170 175 172
173 155 175 153
173 148 175 150
173 137 175 137
173 128 175 126
173 98 175 96
174 77 175 77
173 65 175 67
173 64 175 62
175 49 175 49
173 26 175 28
173 4 175 2
174 181 174 200
174 174 174 176
173 168 174 169
174 163 174 165
174 155 174 161
174 139 174 148
174 133 174 135
174 128 174 131
174 122 174 123
174 116 174 118
174 103 174 114
174 81 174 92
174 72 174 75
168 58 174 64
171 59 174 59
173 57 174 58
174 55 174 56
174 52 174 53
174 32 174 47
173 29 174 30
174 12 174 26
174 4 174 7
173 182 173 200
166 173 173 180
173 175 173 176
167 167 173 173
172 166 173 166
171 164 173 164
173 156 173 162
170 151 173 154
170 152 173 149
173 140 173 147
173 138 173 138
173 136 173 136
165 134 173 134
173 129 173 132
169 123 173 127
173 123 173 123
173 121 173 121
173 119 173 119
172 117 173 117
173 104 173 115
168 97 173 102
173 93 173 93
173 72 173 76
169 64 173 68
173 54 173 55
168 52 173 52
173 32 173 46
173 27 173 27
173 13 173 25
169 7 173 11
173 5 173 7
171 1 173 3
171 81 172 82
166 72 172 78
171 70 172 71
171 57 172 57
170 51 172 49
172 48 172 48
164 23 172 31
164 200 171 200
164 199 171 199
164 198 171 198
164 197 171 197
164 196 171 196
164 195 171 195
164 194 171 194
166 187 171 192
164 184 171 191
167 186 171 190
164 182 171 189
168 185 171 188
171 181 171 186
171 174 171 177
171 167 171 170
171 159 171 162
171 155 171 157
171 136 171 148
166 127 171 132
171 128 171 131
171 120 171 124
164 122 171 115
166 109 171 114
164 120 171 113
167 108 171 112
164 118 171 111
168 107 171 110
171 103 171 108
171 98 171 99
171 84 171 91
170 81 171 80
171 73 171 76
170 70 171 69
170 66 171 65
169 57 171 55
170 53 171 54
171 33 171 46
171 12 171 29
171 4 171 8
164 193 170 193
170 182 170 185
165 180 170 180
169 177 170 178
170 175 170 176
169 174 170 173
164 171 170 171
170 167 170 169
165 165 170 165
169 164 170 163
167 164 170 161
168 158 170 160
170 156 170 158
167 146 170 149
170 137 170 147
164 141 170 135
161 124 170 133
170 129 170 130
167 127 170 127
166 125 170 125
170 121 170 123
164 123 170 117
164 116 170 110
170 104 170 107
168 104 170 102
169 100 170 100
169 97 170 97
168 95 170 95
170 92 170 93
170 85 170 90
167 86 170 83
164 79 170 79
169 76 170 77
170 74 170 75
169 73 170 72
166 68 170 68
169 58 170 58
169 49 170 48
170 34 170 45
164 38 170 32
164 30 170 30
170 13 170 28
164 17 170 11
166 9 170 9
170 5 170 7
164 1 170 1
164 192 169 192
169 183 169 184
166 181 169 181
164 170 169 170
169 167 169 168
167 160 169 158
169 157 169 157
168 154 169 154
167 152 169 152
167 151 169 151
168 149 169 149
169 138 169 146
164 140 169 135
166 133 169 133
168 128 169 128
167 124 169 124
168 123 169 122
164 121 169 116
164 114 169 109
169 105 169 106
167 94 169 94
169 93 169 93
167 89 169 91
169 86 169 89
164 88 169 83
164 80 169 80
167 69 169 69
168 65 169 66
166 66 169 63
169 61 169 62
168 54 169 53
169 50 169 51
169 35 169 44
164 37 169 32
164 29 169 29
169 14 169 27
164 16 169 11
167 8 169 8
168 7 169 6
164 8 169 3
164 191 168 191
167 182 168 182
167 178 168 178
167 173 168 173
164 169 168 169
167 168 168 167
164 160 168 164
168 139 168 145
164 139 168 135
167 132 168 132
164 119 168 115
164 112 168 108
165 102 168 102
164 99 168 99
164 98 168 98
168 87 168 88
166 85 168 83
164 81 168 81
167 77 168 77
168 72 168 72
168 70 168 70
168 59 168 60
167 58 168 57
167 50 168 51
167 46 168 47
168 36 168 43
164 36 168 32
164 28 168 28
168 15 168 26
164 15 168 11
165 3 168 3
164 190 167 190
165 156 167 156
167 155 167 155
167 147 167 148
167 140 167 144
164 138 167 135
164 117 167 114
164 110 167 107
166 103 167 103
164 100 167 100
164 97 167 97
165 91 167 93
167 66 167 66
162 68 167 63
167 61 167 62
165 61 167 59
164 56 167 56
166 54 167 53
167 37 167 42
164 35 167 32
164 27 167 27
167 16 167 25
164 14 167 11
166 4 167 4
164 189 166 189
164 185 166 183
164 175 166 177
164 176 166 174
164 168 166 168
164 167 166 167
164 162 166 164
166 157 166 159
165 154 166 153
164 148 166 150
166 141 166 143
164 137 166 135
164 133 166 131
164 132 166 130
164 115 166 113
164 108 166 106
165 95 166 95
164 93 166 91
164 83 166 83
164 74 166 76
165 57 166 57
166 50 166 50
165 47 166 47
166 38 166 41
164 34 166 32
164 26 166 26
166 17 166 24
164 13 166 11
164 188 165 188
164 183 165 182
164 177 165 178
164 174 165 173
164 163 165 162
165 142 165 147
164 136 165 135
165 129 165 130
164 113 165 112
165 104 165 105
164 91 165 90
164 84 165 84
164 76 165 77
164 73 165 72
164 64 165 63
164 53 165 54
164 45 165 44
165 39 165 40
164 33 165 32
164 25 165 25
165 18 165 23
164 12 165 11
165 5 165 6
164 181 164 181
164 164 164 164
164 161 164 161
161 160 164 157
164 143 164 147
164 135 164 135
164 128 164 131
163 125 164 126
164 111 164 111
164 103 164 106
164 94 164 94
164 89 164 89
161 73 164 70
163 68 164 67
163 62 164 61
164 58 164 58
164 52 164 52
164 46 164 46
164 43 164 43
164 32 164 32
164 24 164 24
164 19 164 22
161 8 164 11
164 4 164 7
161 187 163 185
162 173 163 172
161 164 163 166
162 152 163 153
161 108 163 108
161 103 163 101
162 95 163 96
161 91 163 91
161 76 163 78
162 67 163 66
162 62 163 61
162 54 163 55
163 48 163 49
161 40 163 40
161 4 163 2
162 187 162 200
161 186 162 185
162 181 162 183
160 179 162 177
161 176 162 175
161 169 162 169
162 160 162 164
162 129 162 147
162 123 162 123
162 110 162 121
161 107 162 106
161 104 162 104
160 101 162 99
161 92 162 93
162 81 162 89
162 73 162 76
162 57 162 59
162 50 162 53
161 46 162 47
157 40 162 45
161 45 162 44
161 41 162 42
162 12 162 38
162 4 162 8
161 188 161 200
161 184 161 185
161 182 161 182
161 180 161 180
160 174 161 173
161 165 161 165
161 161 161 163
161 159 161 159
160 153 161 154
161 129 161 147
161 125 161 125
161 111 161 121
161 109 161 109
160 96 161 95
161 90 161 90
161 81 161 88
160 78 161 77
161 74 161 75
160 71 161 72
157 58 161 58
161 56 161 56
161 39 161 39
161 13 161 37
161 9 161 11
161 5 161 7
160 2 161 3
159 173 160 172
159 153 160 152
159 151 160 150
159 95 160 94
159 68 160 69
159 61 160 62
160 48 160 49
160 14 160 18
157 183 159 181
157 177 159 179
158 171 159 172
157 168 159 166
157 160 159 158
158 149 159 150
157 128 159 126
157 123 159 121
157 106 159 104
157 103 159 101
157 98 159 96
159 73 159 76
159 66 159 66
158 61 159 60
159 51 159 56
159 46 159 47
159 31 159 41
159 15 159 29
159 4 159 13
157 4 159 2
158 183 158 200
156 179 158 181
158 175 158 177
157 169 158 169
158 161 158 165
158 155 158 157
158 129 158 147
158 123 158 125
157 122 158 121
157 120 158 119
158 106 158 117
157 105 158 104
156 101 158 99
158 98 158 98
158 95 158 95
158 79 158 92
158 74 158 75
157 73 158 72
157 70 158 70
156 68 158 68
156 62 158 64
158 63 158 63
157 60 158 59
157 57 158 57
158 52 158 55
158 47 158 47
157 45 158 44
157 42 158 42
158 30 158 40
158 16 158 28
158 5 158 14
157 1 158 1
157 184 157 200
157 181 157 182
156 178 157 178
157 176 157 176
156 172 157 173
157 161 157 165
157 156 157 157
157 154 157 154
156 150 157 151
157 129 157 147
157 124 157 125
157 121 157 121
157 107 157 117
157 104 157 104
156 92 157 93
157 79 157 91
156 78 157 77
157 59 157 59
157 56 157 56
157 53 157 54
157 44 157 44
157 41 157 41
157 29 157 39
156 27 157 27
157 17 157 25
157 6 157 15
156 2 157 3
155 169 156 170
155 166 156 166
155 158 156 158
155 147 156 148
155 126 156 126
155 117 156 118
155 96 156 96
156 73 156 73
155 71 156 71
156 47 156 47
154 178 155 177
154 173 155 172
153 155 155 153
153 148 155 150
155 100 155 101
153 95 155 93
155 92 155 92
152 81 155 78
154 76 155 76
154 68 155 67
155 62 155 63
155 49 155 49
152 25 155 28
153 4 155 2
154 185 154 200
150 187 154 183
154 180 154 182
153 178 154 177
153 173 154 174
151 171 154 171
153 168 154 167
154 160 154 164
151 157 154 157
153 154 154 155
154 151 154 152
153 149 154 148
154 137 154 145
154 128 154 135
154 119 154 125
150 121 154 117
154 107 154 115
150 109 154 105
150 108 154 104
150 107 154 103
154 97 154 98
154 89 154 90
154 83 154 87
154 80 154 81
153 74 154 74
153 73 154 72
153 70 154 69
154 65 154 66
150 56 154 60
154 51 154 58
154 30 154 46
154 8 154 26
150 10 154 6
154 4 154 5
154 1 154 1
153 185 153 200
150 185 153 182
153 180 153 181
150 168 153 165
150 160 153 163
153 161 153 162
151 159 153 159
150 146 153 146
153 138 153 144
153 129 153 136
150 130 153 127
153 120 153 125
150 120 153 117
150 119 153 116
153 108 153 114
153 100 153 101
152 98 153 97
152 93 153 93
151 91 153 91
153 83 153 88
152 80 153 81
153 79 153 79
152 76 153 77
152 65 153 66
152 64 153 64
150 58 153 61
153 52 153 57
150 47 153 47
153 31 153 45
150 32 153 29
152 27 153 27
153 8 153 25
150 8 153 5
150 6 153 3
152 186 152 200
150 186 152 184
150 183 152 181
151 180 152 180
150 178 152 178
150 177 152 177
152 160 152 160
152 154 152 155
152 148 152 149
150 145 152 145
152 139 152 143
152 130 152 137
150 129 152 127
152 121 152 125
150 118 152 116
150 117 152 115
152 109 152 113
150 100 152 100
152 83 152 88
152 75 152 75
151 72 152 73
151 70 152 70
151 61 152 61
152 53 152 56
150 52 152 50
150 44 152 46
152 32 152 44
150 31 152 29
152 26 152 26
152 9 152 24
150 9 152 7
151 3 152 3
151 187 151 200
150 184 151 183
150 176 151 176
147 164 151 168
150 162 151 163
150 154 151 155
150 148 151 149
150 144 151 144
151 140 151 142
151 131 151 138
150 128 151 127
151 122 151 125
151 114 151 115
151 110 151 112
150 103 151 102
151 97 151 98
151 95 151 95
151 89 151 90
151 83 151 87
150 80 151 81
149 80 151 78
151 67 151 67
151 54 151 55
150 51 151 50
150 45 151 46
151 33 151 43
150 30 151 29
151 10 151 15
150 7 151 6
150 188 150 200
150 181 150 182
150 175 150 175
150 143 150 143
145 141 150 141
150 132 150 139
145 122 150 127
150 123 150 125
150 113 150 116
149 111 150 111
150 97 150 98
148 93 150 93
150 88 150 90
150 83 150 86
148 74 150 76
150 72 150 73
150 64 150 65
150 59 150 60
149 49 150 50
150 34 150 42
150 29 150 29
150 11 150 27
150 4 150 5
149 170 149 170
147 165 149 163
147 154 149 156
146 102 149 105
149 94 149 94
149 92 149 92
149 71 149 71
149 69 149 69
147 60 149 62
145 54 149 54
148 47 149 48
145 42 149 46
145 34 149 34
148 180 148 200
148 173 148 177
147 167 148 168
147 163 148 163
145 158 148 161
148 159 148 160
148 156 148 156
147 151 148 152
148 143 148 149
148 138 148 139
148 133 148 136
148 127 148 131
148 113 148 124
145 112 148 109
148 107 148 108
148 102 148 103
148 98 148 99
148 89 148 90
145 87 148 87
145 83 148 86
147 86 148 85
147 81 148 80
147 74 148 73
148 64 148 65
147 61 148 60
145 55 148 58
148 56 148 57
148 50 148 52
148 36 148 44
148 3 148 33
147 180 147 200
145 178 147 178
147 173 147 176
147 159 147 159
147 144 147 149
145 144 147 142
144 137 147 140
147 138 147 138
147 134 147 136
147 127 147 132
145 125 147 125
147 114 147 123
145 113 147 111
145 110 147 108
144 106 147 106
145 104 147 104
146 103 147 102
146 100 147 100
146 97 147 97
145 95 147 95
145 94 147 94
147 91 147 91
146 88 147 88
146 80 147 79
146 73 147 72
145 70 147 70
146 69 147 68
146 66 147 66
146 63 147 63
146 58 147 58
146 55 147 55
146 53 147 53
147 50 147 51
145 47 147 47
145 45 147 45
147 37 147 43
145 37 147 35
147 3 147 33
145 1 147 1
146 180 146 200
145 177 146 177
146 173 146 175
145 171 146 171
146 164 146 165
145 163 146 162
146 157 146 157
145 155 146 154
144 150 146 152
145 152 146 151
146 145 146 149
145 143 146 142
145 140 146 140
146 135 146 136
146 127 146 133
145 124 146 124
146 115 146 122
145 111 146 110
145 108 146 107
145 85 146 86
145 80 146 79
146 76 146 77
146 68 146 68
146 60 146 61
145 51 146 50
145 44 146 44
146 38 146 42
145 36 146 35
146 3 146 33
145 180 145 200
145 176 145 176
145 173 145 174
145 168 145 169
145 165 145 165
145 161 145 161
145 146 145 149
145 142 145 142
145 139 145 139
145 136 145 136
145 127 145 134
145 123 145 123
145 116 145 121
145 102 145 103
145 98 145 99
145 76 145 77
145 64 145 65
145 60 145 61
145 56 145 57
145 43 145 43
145 39 145 41
145 35 145 35
145 3 145 33
142 179 144 179
142 172 144 172
142 126 144 126
142 117 144 115
142 112 144 110
144 93 144 93
144 89 144 89
144 85 144 85
142 78 144 78
142 76 144 74
144 48 144 48
142 46 144 46
142 41 144 39
143 2 144 2
141 167 143 165
143 164 143 164
143 156 143 157
143 153 143 153
142 150 143 150
142 134 143 135
142 104 143 105
143 101 143 101
143 96 143 96
142 82 143 81
142 75 143 74
142 67 143 67
141 60 143 62
143 60 143 60
142 50 143 51
140 158 142 160
142 159 142 159
141 138 142 137
141 91 142 92
141 61 142 62
142 49 142 49
141 180 141 200
141 173 141 178
141 168 141 171
141 164 141 165
140 154 141 154
141 151 141 152
141 139 141 149
141 134 141 136
141 127 141 132
140 126 141 125
141 119 141 122
141 116 141 117
141 104 141 112
140 102 141 102
141 97 141 100
141 94 141 95
141 89 141 89
141 87 141 87
141 79 141 82
141 68 141 75
141 65 141 66
141 51 141 59
141 47 141 47
141 43 141 45
141 17 141 41
141 3 141 14
140 2 141 1
139 179 140 179
139 172 140 172
139 156 140 156
140 153 140 153
139 150 140 150
139 137 140 137
139 131 140 132
139 120 140 119
140 114 140 114
140 101 140 101
139 96 140 96
140 93 140 93
139 90 140 91
139 84 140 85
140 77 140 77
139 67 140 67
140 62 140 63
139 44 140 43
139 15 140 15
136 169 139 166
136 164 139 161
136 163 139 160
139 158 139 158
138 125 139 126
138 124 139 123
139 116 139 116
139 79 139 79
138 64 139 64
139 62 139 62
139 49 139 49
139 46 139 47
138 3 139 2
138 180 138 200
138 177 138 178
138 173 138 175
138 168 138 171
138 164 138 165
138 154 138 155
136 151 138 151
138 138 138 148
138 131 138 136
136 129 138 129
138 118 138 120
138 102 138 114
136 99 138 99
137 96 138 95
138 91 138 91
137 81 138 81
138 68 138 76
138 51 138 60
138 33 138 44
138 17 138 31
138 13 138 14
138 8 138 11
136 8 138 6
136 6 138 4
136 1 138 1
137 180 137 200
136 177 137 178
137 173 137 176
137 169 137 171
136 168 137 167
137 165 137 165
137 160 137 161
137 157 137 158
136 154 137 153
137 150 137 150
137 126 137 126
137 122 137 123
137 117 137 118
136 102 137 101
137 93 137 94
136 87 137 87
136 65 137 66
136 63 137 62
137 48 137 49
137 33 137 35
136 30 137 31
137 18 137 29
136 17 137 16
136 13 137 14
137 8 137 12
136 4 137 3
136 180 136 200
136 173 136 176
136 170 136 171
135 166 136 167
136 160 136 162
136 155 136 155
136 152 136 152
136 131 136 148
134 118 136 120
136 103 136 117
136 94 136 94
136 89 136 91
136 83 136 86
136 79 136 80
136 69 136 77
136 64 136 64
136 51 136 60
136 45 136 45
136 43 136 43
136 33 136 41
136 19 136 29
134 14 136 16
136 9 136 12
136 7 136 7
135 179 135 179
135 126 135 126
132 126 135 123
135 96 135 97
134 91 135 92
134 89 135 89
134 82 135 83
134 79 135 78
134 68 135 68
134 63 135 62
135 49 135 49
134 31 135 32
134 4 135 4
135 2 135 2
134 181 134 200
134 168 134 177
134 159 134 164
133 158 134 157
134 154 134 155
134 151 134 152
133 150 134 149
134 128 134 147
132 124 134 122
134 103 134 117
134 98 134 100
132 96 134 94
134 85 134 88
134 80 134 81
134 70 134 77
134 64 134 66
134 51 134 61
133 46 134 47
134 43 134 43
134 36 134 41
133 34 134 34
134 17 134 30
134 6 134 13
132 179 133 179
132 166 133 166
132 156 133 156
132 154 133 154
132 146 133 147
132 122 133 121
133 101 133 101
133 91 133 91
130 85 133 85
133 84 133 84
132 71 133 70
132 67 133 67
132 62 133 62
132 40 133 41
132 15 133 15
132 7 133 6
130 160 132 158
128 146 132 150
132 143 132 143
132 127 132 127
131 98 132 97
132 94 132 94
132 86 132 86
130 80 132 78
132 77 132 77
131 51 132 51
132 48 132 49
130 44 132 46
132 35 132 35
131 196 131 200
131 168 131 178
131 160 131 165
131 151 131 153
131 146 131 148
128 138 131 141
131 134 131 139
131 129 131 132
131 112 131 122
124 103 131 110
126 114 131 109
127 104 131 108
125 101 131 107
128 103 131 106
128 102 131 105
131 102 131 103
131 88 131 91
131 80 131 84
131 73 131 75
131 70 131 71
130 69 131 68
131 63 131 66
130 60 131 61
131 55 131 59
130 52 131 53
131 41 131 43
131 37 131 38
131 16 131 24
130 13 131 14
126 7 131 12
130 12 131 11
130 8 131 9
131 5 131 7
130 4 131 3
130 1 131 1
130 182 130 200
126 176 130 180
130 169 130 178
126 163 130 167
130 161 130 165
129 158 130 159
130 157 130 157
128 152 130 154
129 152 130 151
128 149 130 149
130 146 130 147
127 139 130 142
130 135 130 138
130 130 130 133
128 129 130 127
130 113 130 121
126 115 130 111
126 112 130 108
130 102 130 102
130 100 130 100
130 86 130 86
130 81 130 84
128 77 130 79
130 76 130 76
126 74 130 74
130 70 130 72
130 63 130 66
130 55 130 59
129 48 130 47
130 40 130 43
130 16 130 34
130 5 130 7
128 148 129 148
129 144 129 145
126 139 129 142
129 136 129 137
124 134 129 134
129 131 129 133
127 129 129 127
126 124 129 124
126 119 129 122
129 114 129 120
126 113 129 110
126 110 129 107
129 98 129 98
129 95 129 95
128 88 129 88
126 53 129 50
129 49 129 49
128 14 129 15
128 180 128 200
128 167 128 177
128 162 128 164
126 162 128 160
127 159 128 159
126 155 128 155
126 154 128 154
127 152 128 151
128 145 128 145
127 135 128 135
128 132 128 133
126 125 128 125
127 122 128 122
128 115 128 119
126 111 128 109
126 108 128 106
128 79 128 86
127 77 128 76
128 71 128 72
126 69 128 69
126 68 128 68
128 64 128 65
128 56 128 61
128 52 128 53
128 44 128 45
124 42 128 42
128 40 128 41
126 38 128 38
126 37 128 37
128 17 128 35
127 14 128 13
128 6 128 8
126 6 128 4
127 3 128 3
127 180 127 200
126 178 127 178
127 167 127 176
126 165 127 165
127 162 127 163
126 157 127 157
124 147 127 147
126 141 127 142
127 133 127 133
127 116 127 118
126 109 127 108
126 106 127 105
126 101 127 100
125 99 127 97
127 79 127 87
126 76 127 75
126 73 127 73
126 72 127 71
126 65 127 66
126 64 127 63
127 57 127 61
126 56 127 55
127 53 127 53
126 47 127 47
126 44 127 45
126 43 127 43
127 41 127 41
127 18 127 34
126 17 127 16
126 12 127 11
126 9 127 9
127 6 127 7
126 1 127 1
126 180 126 200
126 177 126 177
126 167 126 175
126 164 126 164
126 160 126 161
125 150 126 151
126 136 126 136
126 131 126 131
126 126 126 127
126 120 126 121
124 117 126 117
126 107 126 107
126 104 126 104
126 100 126 100
125 96 126 97
125 95 126 94
126 89 126 90
126 79 126 87
126 75 126 75
126 58 126 61
126 55 126 55
126 51 126 51
126 39 126 39
126 36 126 36
126 19 126 33
125 15 126 16
126 11 126 11
126 8 126 8
126 4 126 5
124 180 125 179
124 167 125 166
121 160 125 156
125 153 125 153
125 143 125 144
124 139 125 139
124 129 125 129
125 123 125 123
124 94 125 93
124 88 125 87
124 71 125 70
124 58 125 58
125 48 125 49
124 34 125 33
125 14 125 14
124 181 124 200
124 168 124 178
124 159 124 165
124 155 124 155
124 141 124 142
124 125 124 128
124 119 124 121
121 115 124 115
124 106 124 113
124 104 124 104
124 97 124 98
123 94 124 93
124 89 124 91
124 87 124 87
124 81 124 85
124 72 124 77
124 63 124 66
124 60 124 60
124 50 124 57
123 46 124 47
124 44 124 44
124 35 124 41
124 33 124 33
124 24 124 31
121 22 124 22
124 17 124 20
124 4 124 12
124 1 124 1
121 181 123 179
121 168 123 166
121 151 123 153
121 148 123 150
123 143 123 143
123 136 123 137
123 131 123 132
121 121 123 123
122 106 123 106
121 99 123 101
121 87 123 85
123 78 123 80
123 67 123 68
121 51 123 49
121 33 123 31
123 15 123 16
122 182 122 200
122 169 122 178
122 160 122 165
121 157 122 157
122 147 122 148
121 146 122 145
122 139 122 139
122 134 122 134
122 126 122 129
122 117 122 121
122 108 122 113
122 104 122 105
122 96 122 98
122 89 122 90
121 88 122 87
122 82 122 83
122 79 122 79
121 76 122 77
122 70 122 75
121 69 122 68
122 64 122 66
120 62 122 60
122 51 122 58
122 47 122 47
120 46 122 44
122 33 122 42
121 32 122 31
121 30 122 29
122 24 122 26
122 18 122 20
122 16 122 16
122 5 122 13
121 4 122 3
121 1 122 1
121 182 121 200
121 169 121 178
121 161 121 165
121 159 121 159
121 149 121 149
116 140 121 145
121 136 121 137
121 131 121 132
121 126 121 128
120 123 121 122
121 118 121 120
121 116 121 116
121 114 121 114
120 109 121 108
120 101 121 100
120 97 121 97
121 94 121 95
121 85 121 86
121 71 121 75
120 65 121 65
120 63 121 63
121 59 121 60
121 52 121 57
121 43 121 44
121 34 121 41
121 31 121 31
120 28 121 27
120 25 121 25
121 23 121 23
121 21 121 21
121 19 121 19
121 5 121 13
119 179 120 179
119 166 120 166
119 156 120 156
119 144 120 143
119 135 120 134
119 111 120 112
119 105 120 104
119 92 120 92
119 89 120 90
120 82 120 83
120 78 120 79
119 67 120 67
120 48 120 49
119 18 120 17
119 15 120 15
119 2 120 2
116 158 119 161
116 150 119 153
119 140 119 141
119 136 119 136
118 134 119 133
115 127 119 123
115 105 119 101
117 98 119 98
115 80 119 84
117 81 119 81
119 78 119 79
118 61 119 62
117 44 119 46
119 26 119 27
118 20 119 20
118 181 118 200
118 173 118 178
112 177 118 171
112 176 118 170
112 175 118 169
112 174 118 168
118 163 118 165
118 157 118 159
118 147 118 151
115 142 118 139
118 138 118 138
118 125 118 131
117 112 118 111
118 107 118 108
118 103 118 105
118 94 118 95
114 91 118 91
118 86 118 87
118 74 118 76
118 69 118 72
118 66 118 66
118 64 118 64
118 51 118 60
114 47 118 47
114 40 118 44
118 42 118 43
114 36 118 40
114 43 118 39
114 34 118 38
118 29 118 36
114 20 118 24
118 22 118 23
114 18 118 18
117 17 118 16
118 11 118 14
118 4 118 9
112 1 118 1
117 182 117 200
112 185 117 180
117 174 117 178
112 172 117 167
117 164 117 165
114 165 117 162
113 160 117 160
117 157 117 158
115 150 117 152
117 148 117 150
115 147 117 145
113 128 117 132
117 126 117 130
114 127 117 124
117 117 117 120
117 104 117 106
115 104 117 102
113 93 117 97
116 94 117 93
116 88 117 88
116 85 117 85
117 79 117 80
116 77 117 77
117 74 117 75
117 70 117 72
116 69 117 68
116 63 117 62
114 42 117 45
114 38 117 41
114 41 117 38
117 30 117 35
114 30 117 27
114 22 117 25
115 19 117 21
116 19 117 19
114 11 117 14
117 12 117 13
117 5 117 10
114 6 117 3
116 183 116 200
112 184 116 180
116 175 116 178
112 171 116 167
116 165 116 165
113 165 116 162
114 159 116 159
115 158 116 157
112 155 116 155
116 154 116 154
115 151 116 152
116 149 116 149
114 147 116 145
115 141 116 142
116 136 116 137
115 134 116 134
112 128 116 132
116 127 116 129
114 126 116 124
113 121 116 121
116 118 116 119
116 114 116 116
116 109 116 112
116 105 116 106
116 99 116 100
114 99 116 97
112 83 116 83
115 82 116 82
116 76 116 76
116 74 116 74
116 71 116 72
115 69 116 68
115 66 116 66
116 56 116 60
114 56 116 54
115 54 116 53
115 50 116 50
115 45 116 45
114 39 116 37
116 31 116 34
114 29 116 27
115 25 116 25
114 17 116 17
114 16 116 16
116 14 116 14
116 6 116 11
114 5 116 3
115 184 115 200
112 183 115 180
115 176 115 178
112 170 115 167
113 147 115 145
115 128 115 128
114 120 115 120
115 115 115 117
115 110 115 113
114 109 115 108
115 100 115 100
115 86 115 87
112 69 115 72
114 64 115 63
114 61 115 61
115 57 115 59
114 37 115 36
115 32 115 33
114 28 115 27
114 19 115 20
115 7 115 11
114 4 115 3
114 185 114 200
112 182 114 180
114 177 114 178
112 169 114 167
112 164 114 162
113 152 114 152
114 142 114 142
113 124 114 124
110 119 114 115
114 107 114 108
113 101 114 102
114 98 114 98
114 95 114 95
113 92 114 93
114 87 114 88
114 85 114 85
114 80 114 81
112 76 114 74
112 66 114 68
114 65 114 65
114 60 114 60
112 58 114 58
114 51 114 52
114 44 114 44
114 35 114 35
113 26 114 27
114 12 114 12
114 8 114 10
114 3 114 3
113 186 113 200
112 181 113 180
113 178 113 178
112 168 113 167
112 163 113 162
112 158 113 157
112 150 113 149
112 146 113 145
113 136 113 137
112 132 113 132
112 110 113 111
113 104 113 105
112 89 113 90
113 78 113 79
113 73 113 73
112 63 113 62
112 54 113 54
113 48 113 49
112 45 113 46
112 32 113 32
112 23 113 24
113 15 113 15
112 187 112 200
110 178 112 180
108 163 112 167
110 160 112 162
110 147 112 149
112 145 112 145
112 143 112 143
108 130 112 134
112 131 112 131
112 108 112 109
108 89 112 93
112 85 112 88
110 81 112 81
112 64 112 65
112 60 112 60
111 52 112 52
112 36 112 44
110 34 112 34
112 29 112 30
112 17 112 22
112 4 112 13
108 159 111 156
108 150 111 153
111 134 111 134
110 128 111 128
108 128 111 125
110 123 111 123
109 111 111 113
109 106 111 106
110 103 111 103
111 101 111 101
109 95 111 93
111 78 111 79
109 70 111 72
110 68 111 67
111 48 111 49
110 47 111 46
111 28 111 28
108 23 111 26
110 14 111 15
110 181 110 200
108 166 110 164
109 162 110 163
109 160 110 159
110 150 110 151
109 147 110 146
110 144 110 144
110 141 110 142
110 136 110 139
110 130 110 131
109 112 110 111
110 108 110 109
110 97 110 98
110 95 110 95
110 93 110 93
110 83 110 90
110 74 110 79
110 70 110 70
110 65 110 66
108 61 110 61
110 58 110 59
108 52 110 54
110 50 110 50
110 39 110 44
110 36 110 37
110 30 110 32
110 20 110 24
110 17 110 18
108 11 110 13
110 6 110 10
108 6 110 4
109 3 110 3
109 182 109 200
108 181 109 180
108 177 109 178
109 169 109 176
109 166 109 167
108 158 109 157
107 152 109 152
109 149 109 149
108 141 109 142
109 137 109 140
108 136 109 135
108 132 109 132
108 129 109 129
109 122 109 122
109 116 109 118
108 115 109 114
108 108 109 109
108 107 109 107
109 102 109 102
109 100 109 100
106 95 109 98
109 97 109 97
108 91 109 91
109 84 109 89
108 83 109 82
108 68 109 68
109 66 109 66
108 64 109 63
108 58 109 59
108 57 109 57
108 54 109 55
109 52 109 52
108 44 109 45
109 39 109 43
108 36 109 37
108 35 109 35
108 34 109 33
108 32 109 31
108 30 109 29
108 27 109 27
108 25 109 25
109 20 109 23
108 17 109 18
108 16 109 16
108 13 109 14
108 12 109 11
109 7 109 9
108 1 109 1
108 183 108 200
107 179 108 180
108 170 108 176
108 167 108 168
108 165 108 165
107 161 108 162
107 156 108 157
108 154 108 155
108 138 108 140
105 132 108 135
106 126 108 126
108 124 108 124
108 119 108 119
106 117 108 117
108 114 108 114
108 111 108 112
108 104 108 105
107 93 108 94
108 90 108 90
108 85 108 88
108 79 108 80
108 71 108 71
107 62 108 63
104 43 108 47
108 39 108 42
108 24 108 24
108 20 108 22
108 10 108 10
102 8 108 8
108 4 108 5
107 153 107 153
106 146 107 147
107 143 107 144
106 122 107 121
102 105 107 110
105 103 107 101
107 99 107 99
107 92 107 92
107 78 107 78
105 74 107 76
106 74 107 73
106 70 107 69
106 59 107 60
106 55 107 56
105 52 107 52
105 36 107 38
106 32 107 32
107 30 107 30
106 18 107 19
105 13 107 15
106 181 106 200
106 166 106 177
106 163 106 164
106 158 106 159
106 150 106 150
106 145 106 145
106 139 106 142
104 139 106 137
102 140 106 136
103 129 106 132
106 130 106 131
105 129 106 128
106 121 106 121
103 119 106 119
106 114 106 115
105 113 106 112
102 104 106 108
103 102 106 105
106 103 106 104
106 94 106 94
106 80 106 90
103 68 106 71
106 63 106 65
105 59 106 58
105 53 106 54
106 40 106 44
102 32 106 36
106 34 106 35
106 21 106 28
105 18 106 17
106 11 106 13
106 3 106 6
102 200 105 200
102 199 105 199
102 198 105 198
104 178 105 179
102 166 105 166
102 158 105 161
105 156 105 156
104 152 105 153
105 147 105 147
105 140 105 141
102 138 105 135
102 130 105 133
104 128 105 127
102 111 105 111
102 106 105 109
104 102 105 102
104 100 105 100
102 88 105 91
105 81 105 89
105 78 105 78
104 72 105 72
105 66 105 68
105 61 105 64
103 59 105 57
104 50 105 49
103 47 105 47
102 42 105 45
102 40 105 43
105 41 105 42
102 39 105 39
102 34 105 37
102 30 105 33
102 28 105 31
105 22 105 27
102 23 105 20
102 16 105 16
103 14 105 14
104 13 105 12
102 12 105 9
102 7 105 7
105 3 105 5
105 1 105 1
104 181 104 197
102 175 104 177
104 168 104 175
104 163 104 164
104 158 104 159
102 151 104 149
103 142 104 142
102 137 104 135
103 133 104 133
102 127 104 125
103 122 104 122
104 116 104 117
103 112 104 112
103 109 104 109
102 99 104 97
103 91 104 91
104 82 104 88
104 75 104 75
104 71 104 71
104 68 104 68
104 65 104 65
102 61 104 61
103 58 104 59
103 57 104 57
102 56 104 54
102 55 104 53
103 40 104 40
103 37 104 37
102 33 104 31
104 23 104 26
102 22 104 20
102 17 104 17
102 9 104 9
102 6 104 6
104 3 104 4
103 182 103 197
102 181 103 180
102 177 103 178
103 169 103 175
102 168 103 167
102 165 103 165
102 160 103 160
103 157 103 157
101 153 103 155
102 150 103 149
102 146 103 145
102 136 103 135
102 126 103 125
101 118 103 118
102 114 103 115
103 108 103 108
101 101 103 99
102 97 103 96
103 93 103 94
103 83 103 87
102 80 103 79
102 74 103 73
103 48 103 48
102 44 103 45
102 31 103 30
103 24 103 25
102 21 103 20
102 18 103 18
102 10 103 10
102 5 103 5
102 4 103 3
102 183 102 197
102 180 102 180
102 176 102 176
102 170 102 174
102 167 102 167
101 156 102 155
102 149 102 149
102 147 102 147
102 141 102 141
102 135 102 135
101 132 102 132
102 125 102 125
102 120 102 121
102 113 102 113
102 98 102 98
102 95 102 95
102 89 102 90
102 84 102 86
101 78 102 79
102 75 102 75
102 73 102 73
102 69 102 71
102 58 102 59
102 52 102 52
102 41 102 41
101 36 102 36
102 29 102 29
102 20 102 20
101 161 101 162
100 159 101 158
101 143 101 144
100 123 101 123
101 115 101 116
100 103 101 102
100 83 101 82
101 71 101 71
101 66 101 67
101 62 101 63
101 48 101 49
101 44 101 44
101 14 101 15
101 12 101 12
98 181 100 179
100 155 100 155
100 143 100 144
100 133 100 134
98 117 100 117
98 116 100 114
99 102 100 101
100 92 100 92
98 80 100 78
98 65 100 67
100 48 100 49
99 45 100 46
98 37 100 37
98 26 100 26
100 15 100 15
99 181 99 200
98 177 99 178
99 162 99 176
98 158 99 158
99 146 99 150
97 143 99 141
99 133 99 133
99 124 99 131
96 120 99 120
98 118 99 119
95 116 99 112
99 109 99 110
98 108 99 107
98 104 99 105
99 95 99 98
99 88 99 90
99 85 99 86
99 80 99 83
98 76 99 77
99 71 99 75
95 69 99 65
95 60 99 64
98 64 99 63
99 51 99 58
99 41 99 43
98 38 99 39
99 32 99 36
99 28 99 30
99 21 99 25
98 20 99 19
93 11 99 17
99 3 99 11
99 1 99 1
98 182 98 200
93 175 98 180
98 162 98 176
98 155 98 156
98 147 98 150
97 144 98 145
98 137 98 140
98 124 98 130
95 113 98 110
98 109 98 109
93 97 98 102
98 96 98 98
98 93 98 94
98 91 98 91
93 89 98 89
98 86 98 87
98 81 98 84
95 76 98 79
98 71 98 75
98 52 98 58
97 49 98 50
97 42 98 42
98 31 98 36
94 29 98 29
98 27 98 27
98 22 98 25
95 16 98 19
98 12 98 13
98 3 98 10
97 156 97 157
93 149 97 153
97 136 97 136
97 134 97 134
93 128 97 132
94 120 97 123
95 68 97 70
95 61 97 59
97 46 97 46
96 21 97 22
96 1 97 2
96 181 96 200
96 176 96 177
96 168 96 174
96 163 96 166
96 160 96 160
95 154 96 155
96 149 96 151
93 150 96 147
95 145 96 146
96 140 96 141
95 139 96 138
94 128 96 130
96 125 96 128
93 115 96 118
96 116 96 117
96 108 96 109
96 103 96 104
96 91 96 99
96 81 96 87
96 75 96 76
96 72 96 73
96 64 96 65
96 51 96 56
96 49 96 49
96 44 96 44
94 37 96 39
96 34 96 37
94 34 96 32
93 34 96 31
96 24 96 27
95 21 96 20
96 12 96 13
96 7 96 10
93 8 96 5
95 3 96 4
95 182 95 200
93 182 95 180
94 178 95 178
95 167 95 175
93 167 95 165
94 163 95 164
94 162 95 162
93 159 95 157
93 152 95 152
95 149 95 150
94 142 95 142
94 138 95 137
95 135 95 135
94 133 95 133
93 131 95 131
95 126 95 127
94 125 95 124
93 117 95 119
94 115 95 115
93 110 95 110
95 107 95 107
94 105 95 105
94 102 95 102
93 100 95 100
95 94 95 98
93 90 95 92
94 90 95 90
93 88 95 88
95 82 95 86
93 81 95 79
94 77 95 77
95 73 95 74
93 73 95 71
94 66 95 66
94 63 95 63
93 58 95 58
95 52 95 55
93 43 95 41
93 37 95 39
95 35 95 36
94 27 95 28
95 25 95 26
94 24 95 23
94 20 95 19
94 14 95 14
95 7 95 11
93 1 95 1
94 183 94 200
93 181 94 180
94 167 94 175
93 158 94 157
93 151 94 151
93 147 94 148
93 146 94 145
93 130 94 130
93 125 94 124
93 121 94 122
93 120 94 119
94 112 94 113
93 99 94 99
94 94 94 97
93 87 94 87
94 83 94 85
93 80 94 79
94 74 94 74
93 72 94 71
92 67 94 69
93 69 94 68
94 60 94 61
93 57 94 57
94 53 94 54
94 50 94 50
94 48 94 48
92 46 94 46
94 44 94 44
93 32 94 31
94 23 94 23
94 19 94 19
92 15 94 17
93 17 94 16
94 8 94 11
93 7 94 6
93 4 94 3
93 184 93 200
92 179 93 180
93 176 93 177
93 168 93 174
93 166 93 166
92 163 93 163
92 162 93 161
91 141 93 141
92 134 93 135
93 129 93 129
93 112 93 113
91 109 93 109
93 103 93 104
93 98 93 98
93 91 93 96
93 86 93 86
91 84 93 84
92 78 93 79
91 74 93 76
93 71 93 71
93 64 93 65
93 60 93 61
93 56 93 56
93 42 93 42
93 39 93 39
91 29 93 31
93 27 93 28
93 12 93 13
93 9 93 10
93 5 93 5
91 160 92 161
92 156 92 156
92 153 92 153
92 143 92 144
91 137 92 137
91 125 92 125
91 122 92 123
91 118 92 119
92 101 92 101
91 94 92 93
92 62 92 62
92 53 92 54
92 48 92 49
92 37 92 37
92 34 92 34
92 22 92 23
92 2 92 2
91 187 91 200
88 185 91 185
91 181 91 183
91 167 91 177
88 162 91 165
91 158 91 159
91 145 91 151
91 139 91 139
91 136 91 136
91 129 91 132
89 127 91 127
91 121 91 121
91 113 91 117
88 106 91 103
91 95 91 99
91 86 91 92
90 82 91 82
91 80 91 80
91 69 91 73
91 64 91 65
91 57 91 59
91 50 91 50
88 44 91 47
91 39 91 43
91 27 91 28
91 25 91 25
91 23 91 23
91 17 91 21
91 4 91 13
88 177 90 179
90 165 90 165
89 162 90 161
89 155 90 156
89 154 90 153
89 144 90 143
89 133 90 134
89 124 90 123
89 120 90 119
87 113 90 113
88 107 90 107
89 102 90 101
84 93 90 93
88 75 90 77
88 65 90 67
88 64 90 62
90 60 90 60
88 55 90 55
88 52 90 52
89 48 90 48
90 35 90 36
88 13 90 15
90 2 90 2
89 187 89 200
89 181 89 183
89 167 89 177
89 158 89 159
87 149 89 151
89 146 89 149
89 141 89 142
87 141 89 139
87 139 89 137
88 135 89 136
89 132 89 132
89 129 89 130
87 127 89 125
88 122 89 121
89 115 89 117
89 109 89 112
89 80 89 80
89 78 89 78
89 70 89 75
87 67 89 65
89 57 89 58
89 38 89 43
89 27 89 29
88 26 89 25
88 24 89 23
89 18 89 20
89 4 89 13
88 188 88 200
88 186 88 186
88 184 88 184
88 182 88 182
87 179 88 180
88 178 88 178
88 168 88 176
88 164 88 165
87 160 88 160
87 157 88 157
87 152 88 152
88 147 88 148
88 142 88 142
87 140 88 139
87 131 88 130
87 129 88 128
87 125 88 124
87 121 88 120
87 118 88 118
87 115 88 116
87 114 88 114
88 110 88 112
88 108 88 108
88 100 88 100
88 82 88 83
88 76 88 76
88 70 88 74
87 62 88 61
88 56 88 56
88 49 88 49
88 38 88 43
87 35 88 35
87 32 88 31
87 28 88 28
88 25 88 25
87 22 88 21
88 18 88 19
87 15 88 14
88 3 88 12
87 2 88 1
87 163 87 166
87 151 87 151
87 145 87 145
87 138 87 138
82 130 87 135
87 126 87 126
84 125 87 122
87 112 87 112
87 78 87 79
86 59 87 58
86 46 87 46
82 185 86 181
83 176 86 179
86 168 86 169
82 165 86 161
84 154 86 156
84 155 86 153
84 147 86 147
82 139 86 143
85 131 86 131
85 129 86 129
85 120 86 119
82 113 86 117
85 104 86 105
86 103 86 103
86 100 86 101
84 79 86 81
84 80 86 78
83 64 86 67
84 60 86 62
86 56 86 56
85 53 86 53
86 48 86 49
82 32 86 36
85 31 86 31
85 29 86 29
82 18 86 22
82 11 86 15
82 6 86 2
85 186 85 200
82 187 85 184
79 177 85 183
84 181 85 181
85 176 85 177
85 173 85 174
83 173 85 171
85 163 85 167
82 164 85 161
85 150 85 151
85 144 85 144
84 142 85 141
85 136 85 138
85 125 85 126
85 121 85 121
85 111 85 115
82 106 85 109
85 107 85 108
85 75 85 76
82 72 85 72
85 69 85 70
85 64 85 65
83 49 85 51
85 43 85 44
80 41 85 41
82 37 85 40
85 38 85 39
85 33 85 34
85 24 85 27
85 19 85 20
84 18 85 17
85 12 85 13
85 4 85 10
84 187 84 200
82 186 84 184
83 180 84 180
84 178 84 178
84 174 84 175
82 171 84 169
84 164 84 167
82 163 84 161
82 162 84 160
83 157 84 157
83 152 84 152
82 150 84 148
82 140 84 138
83 136 84 137
83 135 84 135
82 128 84 130
82 126 84 128
83 124 84 124
83 118 84 119
82 116 84 116
84 111 84 114
83 109 84 109
83 106 84 106
82 104 84 104
83 102 84 101
82 84 84 82
83 77 84 77
83 74 84 74
84 70 84 70
84 66 84 66
83 63 84 63
83 55 84 55
82 50 84 52
83 47 84 46
83 42 84 42
83 40 84 40
83 37 84 37
83 35 84 35
82 30 84 32
82 28 84 30
83 27 84 28
84 25 84 26
82 23 84 23
83 21 84 21
82 16 84 16
83 14 84 14
84 5 84 11
82 5 84 3
83 1 84 2
83 188 83 200
83 182 83 183
82 170 83 169
83 165 83 167
82 161 83 160
83 154 83 155
83 148 83 148
82 146 83 145
82 141 83 142
82 132 83 133
82 131 83 130
81 122 83 122
82 115 83 115
83 111 83 113
83 94 83 96
83 85 83 92
82 83 83 82
79 76 83 80
82 80 83 79
82 69 83 68
83 60 83 61
82 51 83 52
82 31 83 30
82 24 83 24
82 17 83 17
83 6 83 11
82 190 82 200
82 181 82 184
79 176 82 176
82 169 82 169
82 166 82 167
82 158 82 159
79 158 82 155
82 154 82 154
81 144 82 145
79 136 82 136
82 129 82 129
80 120 82 118
82 114 82 114
82 111 82 112
82 107 82 108
79 99 82 102
79 98 82 98
80 93 82 93
82 82 82 82
82 75 82 76
79 65 82 68
79 64 82 64
82 60 82 61
82 43 82 43
82 38 82 39
82 29 82 29
82 20 82 20
82 12 82 13
82 7 82 10
82 2 82 3
79 187 81 189
80 153 81 152
79 148 81 148
79 141 81 143
79 132 81 134
81 123 81 124
79 108 81 110
79 97 81 95
79 84 81 86
79 75 81 73
80 70 81 71
81 62 81 62
81 58 81 58
79 54 81 56
81 51 81 53
80 49 81 48
79 32 81 34
79 26 81 26
79 20 81 22
79 13 81 15
80 191 80 200
80 181 80 187
80 158 80 171
79 149 80 150
80 138 80 141
80 128 80 131
80 124 80 126
80 112 80 117
80 103 80 108
80 80 80 84
78 78 80 76
79 74 80 75
79 70 80 69
80 53 80 54
80 42 80 43
80 36 80 39
80 28 80 32
78 22 80 24
80 17 80 20
80 3 80 13
79 1 80 1
79 192 79 200
78 189 79 190
79 188 79 188
79 182 79 186
78 179 79 180
77 174 79 172
79 159 79 170
79 157 79 157
79 147 79 147
78 143 79 142
77 138 79 140
79 139 79 139
79 137 79 137
78 134 79 135
79 127 79 131
77 125 79 125
78 119 79 118
79 113 79 116
79 111 79 111
79 109 79 109
79 104 79 107
78 101 79 102
78 95 79 94
79 89 79 91
79 87 79 87
79 85 79 85
79 81 79 83
79 79 79 79
79 72 79 72
79 68 79 68
78 62 79 63
79 61 79 61
79 59 79 59
79 57 79 57
79 55 79 55
79 52 79 53
78 46 79 47
79 42 79 42
78 40 79 40
79 37 79 38
79 35 79 35
79 33 79 33
79 29 79 31
79 27 79 27
79 25 79 25
79 21 79 21
79 18 79 19
78 15 79 16
79 14 79 14
79 3 79 12
77 150 78 151
78 144 78 144
77 113 78 113
76 90 78 92
77 90 78 89
77 69 78 70
78 49 78 50
78 44 78 44
78 37 78 37
76 2 78 2
76 189 77 189
77 175 77 177
72 171 77 171
77 158 77 169
77 154 77 155
77 146 77 149
77 141 77 141
77 139 77 139
77 136 77 137
77 128 77 132
77 121 77 122
77 115 77 117
77 103 77 112
77 99 77 99
77 93 77 94
76 78 77 78
76 61 77 60
77 49 77 49
76 22 77 22
76 15 77 15
73 176 76 179
74 154 76 156
72 148 76 144
76 143 76 143
75 133 76 134
73 124 76 127
74 115 76 115
75 68 76 69
75 63 76 62
76 47 76 47
75 194 75 200
72 195 75 192
75 190 75 191
75 184 75 188
72 185 75 182
74 180 75 181
75 173 75 177
75 167 75 169
72 165 75 165
72 164 75 164
72 163 75 163
75 158 75 161
75 150 75 151
75 146 75 148
73 139 75 141
74 138 75 139
75 136 75 137
72 128 75 131
75 129 75 130
75 124 75 125
75 120 75 121
74 118 75 117
75 111 75 114
75 106 75 109
72 107 75 104
74 102 75 103
75 96 75 99
72 91 75 94
75 90 75 91
75 83 75 88
71 85 75 81
75 79 75 80
72 77 75 77
72 76 75 76
72 75 75 75
75 71 75 73
75 65 75 66
75 50 75 60
75 41 75 44
73 41 75 39
72 35 75 38
75 34 75 36
75 27 75 32
72 28 75 25
75 23 75 24
72 21 75 21
72 20 75 20
75 16 75 18
75 3 75 14
72 1 75 1
74 194 74 200
72 193 74 191
73 190 74 190
74 184 74 188
72 178 74 178
74 174 74 176
72 174 74 172
72 170 74 170
74 167 74 168
72 162 74 162
74 159 74 160
73 156 74 157
73 152 74 152
74 147 74 149
72 141 74 143
72 139 74 141
73 135 74 135
72 133 74 133
73 131 74 131
73 128 74 128
74 124 74 124
74 120 74 120
74 112 74 114
74 106 74 110
72 100 74 100
74 97 74 98
74 94 74 95
72 90 74 92
74 83 74 87
72 82 74 80
73 79 74 79
74 72 74 73
74 51 74 59
73 47 74 48
74 46 74 46
74 42 74 43
74 34 74 35
74 27 74 32
72 26 74 24
73 23 74 23
72 19 74 19
74 16 74 17
74 3 74 14
73 195 73 200
72 194 73 193
73 185 73 188
72 184 73 183
72 181 73 180
72 177 73 177
72 176 73 175
72 173 73 172
72 169 73 169
72 168 73 167
72 161 73 161
73 148 73 149
73 144 73 145
72 126 73 126
71 119 73 117
73 113 73 114
73 107 73 111
72 106 73 105
72 103 73 102
73 99 73 99
71 96 73 96
73 84 73 86
72 83 73 82
73 73 73 73
72 71 73 70
72 60 73 60
73 52 73 58
72 41 73 40
72 37 73 37
73 34 73 34
73 28 73 32
72 27 73 26
72 18 73 18
72 17 73 16
73 4 73 14
72 3 73 2
72 196 72 200
72 191 72 192
72 186 72 188
72 182 72 182
72 172 72 172
71 158 72 158
71 153 72 154
72 150 72 151
72 136 72 136
72 129 72 130
72 125 72 125
71 123 72 122
70 121 72 119
72 116 72 117
72 108 72 112
72 104 72 104
71 93 72 92
72 85 72 85
72 80 72 81
72 70 72 70
72 59 72 59
72 53 72 57
71 48 72 49
71 44 72 45
72 43 72 43
72 40 72 40
72 36 72 36
72 29 72 32
72 24 72 25
72 5 72 14
72 2 72 2
70 189 71 189
70 179 71 179
70 165 71 166
70 156 71 156
70 149 71 148
70 147 71 146
71 143 71 144
69 134 71 132
70 113 71 114
70 101 71 101
70 99 71 99
69 86 71 88
71 66 71 67
71 62 71 63
69 53 71 51
69 159 70 159
69 154 70 153
70 143 70 144
66 138 70 134
70 123 70 123
69 120 70 119
69 96 70 97
67 90 70 93
70 84 70 84
69 78 70 78
69 76 70 75
70 69 70 69
69 48 70 48
70 45 70 46
70 40 70 42
69 31 70 32
69 22 70 22
69 15 70 15
69 191 69 200
66 185 69 188
69 186 69 187
69 181 69 184
66 175 69 178
69 176 69 177
69 167 69 174
66 168 69 165
69 161 69 163
68 154 69 155
68 152 69 151
68 148 69 147
69 140 69 141
69 136 69 138
66 130 69 133
69 128 69 131
67 128 69 126
68 124 69 125
69 116 69 117
66 116 69 113
67 113 69 111
68 110 69 110
69 103 69 108
67 93 69 95
69 87 69 91
69 39 69 41
69 2 69 12
68 192 68 200
66 192 68 190
67 188 68 188
68 182 68 185
66 182 68 180
67 178 68 178
68 168 68 175
66 167 68 165
67 163 68 162
66 162 68 160
68 150 68 150
67 142 68 142
68 137 68 139
67 133 68 133
68 128 68 130
66 122 68 122
66 120 68 120
67 118 68 118
67 114 68 113
68 104 68 108
67 103 68 102
68 100 68 100
67 98 68 98
67 95 68 96
67 92 68 92
66 88 68 90
68 89 68 89
68 86 68 87
67 83 68 84
67 82 68 81
68 79 68 79
68 73 68 76
67 71 68 70
68 63 68 66
68 55 68 59
68 49 68 53
68 41 68 45
68 37 68 37
68 31 68 35
68 23 68 29
68 16 68 21
68 3 68 14
67 1 68 1
67 193 67 200
66 191 67 190
67 183 67 185
66 181 67 180
67 169 67 175
66 166 67 165
66 159 67 160
66 158 67 157
66 154 67 155
66 147 67 148
66 146 67 145
67 138 67 139
66 136 67 135
66 128 67 129
66 126 67 127
67 111 67 112
67 105 67 108
67 94 67 94
67 91 67 91
67 86 67 87
67 73 67 77
67 68 67 69
67 63 67 66
67 60 67 61
67 56 67 58
67 49 67 54
66 48 67 47
67 40 67 45
67 30 67 35
67 23 67 28
67 16 67 21
67 3 67 14
66 194 66 200
63 187 66 190
66 186 66 187
66 184 66 184
63 177 66 180
66 176 66 177
66 170 66 174
62 161 66 165
66 150 66 150
66 140 66 141
65 134 66 135
66 131 66 132
64 99 66 99
65 78 66 78
64 75 66 73
65 72 66 71
65 67 66 67
65 62 66 62
66 58 66 58
66 56 66 56
65 50 66 49
64 46 66 46
66 37 66 38
66 23 66 27
66 16 66 21
64 2 66 2
64 161 65 160
64 156 65 156
65 154 65 154
65 152 65 152
65 143 65 144
64 139 65 138
64 127 65 126
64 123 65 123
64 119 65 119
64 107 65 108
65 101 65 102
64 88 65 88
65 82 65 82
65 80 65 80
65 48 65 48
65 37 65 37
64 35 65 35
64 26 65 27
65 22 65 22
64 15 65 15
60 198 64 194
60 197 64 193
60 196 64 192
60 195 64 191
60 183 64 187
64 185 64 186
61 180 64 183
60 186 64 182
63 180 64 181
60 173 64 177
64 175 64 176
61 173 64 173
60 172 64 172
60 171 64 171
64 166 64 169
63 163 64 162
62 159 64 159
64 143 64 144
63 133 64 134
64 34 64 34
63 196 63 200
60 193 63 190
60 185 63 188
60 181 63 184
60 175 63 178
62 174 63 174
60 166 63 169
63 167 63 168
61 165 63 165
61 163 63 161
60 158 63 155
63 150 63 151
60 145 63 148
60 150 63 147
62 145 63 146
62 142 63 141
60 140 63 137
62 135 63 136
60 128 63 131
63 129 63 130
60 129 63 126
62 124 63 125
63 120 63 122
63 109 63 117
60 104 63 107
62 104 63 105
62 102 63 103
61 100 63 100
60 95 63 98
63 96 63 97
63 89 63 94
60 84 63 87
63 85 63 86
62 84 63 83
61 83 63 81
63 78 63 78
62 74 63 75
63 68 63 70
63 63 63 65
63 60 63 61
60 61 63 58
63 56 63 56
63 53 63 54
62 52 63 51
61 47 63 47
60 42 63 45
63 43 63 44
63 37 63 41
63 27 63 32
63 23 63 24
60 20 63 20
63 16 63 18
63 3 63 14
61 1 63 1
62 197 62 200
60 192 62 190
61 188 62 188
60 182 62 180
61 178 62 178
61 169 62 169
62 166 62 166
58 159 62 163
62 154 62 155
61 152 62 152
60 147 62 149
60 137 62 139
60 133 62 133
61 131 62 131
60 126 62 128
62 120 62 121
60 118 62 118
58 107 62 111
60 112 62 110
61 109 62 109
61 107 62 107
61 98 62 98
62 89 62 95
61 87 62 87
60 83 62 81
60 70 62 72
61 70 62 71
62 68 62 69
60 66 62 66
62 63 62 64
62 61 62 61
61 50 62 49
61 45 62 45
62 37 62 42
60 35 62 35
62 28 62 31
59 29 62 26
62 23 62 23
60 19 62 19
62 16 62 17
62 3 62 14
61 198 61 200
60 191 61 190
60 176 61 175
60 162 61 161
61 154 61 155
60 146 61 145
60 136 61 135
60 125 61 124
60 122 61 122
60 121 61 120
60 117 61 117
61 112 61 115
61 102 61 102
61 89 61 95
61 79 61 79
61 77 61 77
61 74 61 74
61 63 61 63
61 59 61 59
61 57 61 57
61 55 61 55
61 52 61 52
61 49 61 49
61 37 61 42
60 34 61 34
61 29 61 30
60 26 61 25
60 18 61 18
60 17 61 16
61 3 61 14
60 199 60 200
59 189 60 190
60 187 60 187
59 179 60 180
60 177 60 177
60 174 60 174
60 167 60 168
59 164 60 163
58 155 60 157
60 151 60 151
59 143 60 143
60 141 60 141
60 130 60 130
60 116 60 116
60 113 60 114
60 110 60 111
60 106 60 106
60 96 60 97
60 89 60 94
58 86 60 86
59 80 60 81
60 65 60 65
60 43 60 44
60 37 60 41
60 33 60 33
60 23 60 24
59 2 60 2
58 169 59 170
59 153 59 153
58 135 59 134
58 131 59 132
59 123 59 123
59 119 59 119
58 103 59 102
58 98 59 99
59 88 59 88
59 73 59 73
58 70 59 70
59 67 59 67
58 52 59 51
58 49 59 48
58 45 59 46
59 30 59 31
58 21 59 22
59 15 59 15
58 191 58 200
58 181 58 187
58 173 58 177
58 166 58 168
56 162 58 162
58 157 58 158
58 148 58 150
58 146 58 146
58 136 58 141
58 125 58 130
58 121 58 121
58 111 58 117
58 104 58 106
58 102 58 102
58 90 58 97
58 83 58 85
58 76 58 76
58 65 58 65
58 63 58 63
56 62 58 60
55 56 58 59
58 53 58 54
58 50 58 50
58 32 58 44
58 24 58 25
58 19 58 19
58 17 58 17
58 3 58 13
58 1 58 1
55 187 57 189
55 177 57 179
56 171 57 172
56 165 57 164
55 151 57 153
57 152 57 152
55 141 57 143
55 132 57 134
55 125 57 123
56 120 57 119
55 108 57 110
56 100 57 100
57 82 57 82
55 76 57 78
56 75 57 74
55 73 57 71
55 68 57 68
57 67 57 67
56 47 57 48
57 46 57 46
57 27 57 28
56 16 57 15
56 191 56 200
56 181 56 186
55 176 56 176
55 173 56 174
56 166 56 170
56 159 56 160
56 155 56 155
56 148 56 150
55 147 56 146
55 140 56 140
56 136 56 138
56 125 56 131
56 114 56 117
55 111 56 112
56 104 56 108
56 96 56 97
55 95 56 94
56 90 56 92
54 85 56 87
54 88 56 86
56 84 56 84
52 80 56 76
56 63 56 65
56 50 56 56
56 30 56 44
56 23 56 25
55 19 56 19
56 4 56 13
55 2 56 1
55 192 55 200
52 187 55 190
55 182 55 186
53 178 55 180
54 165 55 164
55 161 55 161
55 159 55 159
52 149 55 149
55 146 55 146
55 139 55 139
52 137 55 137
52 132 55 135
55 126 55 131
52 121 55 124
55 120 55 120
55 118 55 118
55 114 55 116
55 109 55 109
55 104 55 107
55 93 55 94
52 91 55 91
55 81 55 81
55 75 55 75
53 59 55 57
55 51 55 55
54 48 55 49
54 46 55 47
55 45 55 45
55 31 55 43
55 28 55 28
53 24 55 24
54 22 55 23
55 18 55 18
54 15 55 14
55 5 55 12
54 2 55 3
55 1 55 1
52 173 54 175
54 164 54 164
53 152 54 153
53 112 54 113
53 102 54 101
54 99 54 99
53 97 54 97
54 89 54 89
52 81 54 83
53 68 54 67
52 59 54 61
54 25 54 26
54 16 54 16
53 191 53 200
53 181 53 186
53 169 53 173
52 166 53 167
53 158 53 161
49 155 53 151
53 145 53 147
50 140 53 140
52 138 53 139
53 125 53 132
53 119 53 120
53 115 53 117
53 103 53 111
53 93 53 95
53 80 53 81
53 73 53 74
52 68 53 67
52 61 53 62
52 57 53 56
52 53 53 54
49 44 53 48
52 26 53 25
52 21 53 22
52 3 53 2
52 192 52 200
47 185 52 190
52 182 52 186
47 175 52 180
52 176 52 176
52 174 52 174
52 169 52 172
52 159 52 161
50 155 52 157
52 150 52 150
52 148 52 148
49 146 52 146
48 140 52 144
49 136 52 133
52 126 52 131
47 119 52 124
52 118 52 120
52 114 52 114
50 100 52 98
52 96 52 96
48 94 52 94
52 92 52 92
51 89 52 90
48 83 52 87
52 86 52 86
52 84 52 84
52 82 52 82
49 76 52 79
49 77 52 74
49 69 52 72
52 66 52 66
51 64 52 64
52 49 52 52
52 27 52 45
52 25 52 25
52 17 52 19
52 4 52 13
52 1 52 1
50 179 51 178
50 167 51 168
48 161 51 164
50 153 51 152
47 116 51 116
51 101 51 101
49 68 51 68
49 17 51 15
50 13 51 13
46 196 50 200
50 197 50 199
47 195 50 195
47 194 50 194
50 191 50 192
50 181 50 186
50 170 50 176
49 167 50 166
50 161 50 162
50 158 50 159
50 148 50 150
50 137 50 138
50 131 50 132
47 129 50 129
47 128 50 128
50 125 50 126
50 118 50 121
50 106 50 114
47 107 50 104
49 102 50 103
50 96 50 97
50 91 50 92
49 88 50 89
47 81 50 84
49 82 50 83
50 80 50 81
50 57 50 60
50 50 50 53
47 47 50 47
50 24 50 44
50 22 50 22
47 16 50 19
50 17 50 18
47 14 50 11
50 9 50 10
50 4 50 7
49 2 50 2
47 200 49 200
49 197 49 198
48 193 49 193
48 190 49 190
47 188 49 188
49 182 49 185
49 171 49 175
47 171 49 169
47 167 49 165
48 163 49 163
49 159 49 160
48 158 49 157
48 148 49 149
48 147 49 147
48 144 49 144
48 139 49 139
47 137 49 135
48 133 49 133
48 130 49 130
48 127 49 127
48 124 49 124
47 122 49 122
49 119 49 120
47 117 49 117
47 115 49 115
49 106 49 113
47 100 49 100
48 98 49 98
49 95 49 95
48 93 49 93
49 87 49 87
47 85 49 85
48 79 49 79
49 72 49 74
47 66 49 66
48 62 49 61
49 58 49 59
47 56 49 56
47 54 49 54
49 51 49 52
47 49 49 49
49 45 49 45
49 24 49 43
48 16 49 16
49 14 49 14
47 12 49 10
48 9 49 9
49 5 49 7
47 199 48 199
47 198 48 197
47 187 48 187
48 183 48 184
47 181 48 180
47 178 48 178
48 172 48 174
47 170 48 169
47 166 48 165
47 161 48 160
48 157 48 157
48 154 48 154
47 151 48 152
47 135 48 135
46 121 48 121
47 118 48 118
47 114 48 114
48 107 48 112
47 106 48 105
47 103 48 102
48 89 48 89
47 84 48 84
48 76 48 77
48 69 48 69
47 53 48 53
46 50 48 50
48 24 48 32
47 20 48 21
48 6 48 7
47 2 48 1
47 191 47 192
47 186 47 186
47 177 47 177
47 173 47 173
47 169 47 169
47 165 47 165
47 162 47 162
46 145 47 145
47 140 47 140
47 138 47 138
47 131 47 132
47 125 47 126
47 113 47 113
47 108 47 111
47 104 47 104
47 96 47 97
47 83 47 83
47 80 47 80
47 76 47 77
47 74 47 74
47 72 47 72
47 67 47 67
47 65 47 65
47 60 47 60
47 24 47 45
47 13 47 13
47 10 47 10
46 8 47 7
47 3 47 3
45 94 46 93
45 92 46 91
46 76 46 76
45 70 46 69
45 62 46 62
44 50 46 48
45 46 46 46
46 17 46 18
44 197 45 196
44 190 45 189
44 184 45 184
44 180 45 179
44 174 45 174
44 170 45 171
44 163 45 164
44 155 45 156
44 154 45 153
44 146 45 146
44 144 45 143
44 141 45 141
44 135 45 134
44 124 45 123
44 102 45 101
44 98 45 99
44 89 45 88
44 79 45 78
45 69 45 69
44 60 45 59
44 57 45 56
44 49 45 48
44 23 45 22
45 15 45 16
44 198 44 200
44 191 44 194
44 186 44 188
44 181 44 183
44 176 44 177
44 173 44 173
44 166 44 169
44 161 44 162
44 158 44 158
44 148 44 152
44 145 44 145
44 136 44 140
44 125 44 132
42 124 44 122
44 103 44 120
43 96 44 97
44 92 44 92
44 90 44 90
44 80 44 86
42 79 44 77
44 73 44 75
42 67 44 67
44 64 44 65
43 54 44 54
44 51 44 52
42 49 44 47
44 24 44 45
44 19 44 20
44 17 44 17
44 1 44 13
43 196 43 196
42 190 43 189
42 186 43 186
43 179 43 179
42 172 43 171
42 165 43 164
42 159 43 160
43 156 43 156
42 152 43 153
43 143 43 143
43 134 43 134
43 124 43 124
42 102 43 102
42 93 43 94
43 88 43 88
43 79 43 79
42 71 43 72
42 63 43 62
42 60 43 60
43 57 43 57
42 47 43 47
43 22 43 22
43 13 43 15
42 198 42 200
42 191 42 194
39 188 42 188
42 181 42 185
42 173 42 177
42 166 42 170
40 162 42 162
42 158 42 158
42 146 42 151
42 138 42 141
42 136 42 136
42 126 42 132
42 104 42 122
39 103 42 100
41 98 42 99
42 90 42 92
42 81 42 86
42 75 42 77
42 69 42 70
39 65 42 65
40 52 42 52
42 50 42 50
42 24 42 45
42 15 42 20
42 3 42 10
42 1 42 1
40 195 41 196
40 178 41 179
38 174 41 171
41 164 41 164
40 157 41 156
41 145 41 145
40 142 41 143
40 135 41 134
39 124 41 126
37 100 41 104
38 93 41 96
40 87 41 88
38 81 41 81
38 71 41 74
40 61 41 62
41 58 41 58
39 55 41 55
38 45 41 45
40 21 41 22
41 11 41 11
40 198 40 200
39 195 40 194
38 194 40 192
38 193 40 191
38 185 40 187
40 181 40 185
38 175 40 177
40 173 40 175
40 166 40 170
38 162 40 160
38 160 40 158
39 155 40 154
40 147 40 151
39 142 40 141
38 141 40 139
38 140 40 138
38 138 40 136
39 133 40 133
38 131 40 131
40 128 40 129
40 124 40 124
40 112 40 121
40 106 40 110
39 105 40 104
39 99 40 100
40 90 40 94
39 87 40 86
38 86 40 84
38 85 40 83
38 80 40 80
38 79 40 79
39 77 40 76
40 67 40 72
38 62 40 60
39 51 40 50
38 47 40 47
38 46 40 46
40 42 40 43
40 24 40 40
38 18 40 20
40 15 40 18
40 6 40 9
37 7 40 4
39 1 40 2
39 199 39 200
38 198 39 197
39 182 39 185
38 181 39 180
38 177 39 178
39 174 39 175
38 173 39 172
39 167 39 170
38 166 39 165
39 163 39 163
38 158 39 157
38 152 39 152
39 148 39 150
38 147 39 146
38 144 39 144
38 136 39 135
38 128 39 129
39 126 39 127
38 122 39 122
39 111 39 120
39 107 39 109
39 104 39 104
38 97 39 97
38 95 39 95
39 91 39 93
38 90 39 89
38 83 39 82
38 76 39 75
38 73 39 73
39 68 39 71
38 67 39 66
38 59 39 58
37 51 39 49
38 44 39 44
38 43 39 42
39 25 39 40
38 24 39 23
38 20 39 21
39 16 39 18
39 12 39 13
39 7 39 8
38 200 38 200
37 196 38 197
33 185 38 190
38 186 38 187
38 183 38 184
37 179 38 180
38 176 38 176
38 172 38 172
38 168 38 170
38 161 38 161
38 154 38 155
38 151 38 151
37 149 38 149
37 134 38 135
38 125 38 127
38 121 38 121
38 110 38 119
37 108 38 108
38 94 38 94
38 92 38 92
37 88 38 89
38 82 38 82
38 72 38 72
38 69 38 70
38 66 38 66
38 63 38 64
38 56 38 57
37 54 38 54
38 26 38 40
37 22 38 23
38 19 38 19
38 17 38 17
38 10 38 14
38 2 38 3
36 167 37 166
36 164 37 164
36 156 37 156
36 143 37 143
36 131 37 132
37 130 37 130
36 123 37 123
37 101 37 101
36 86 37 85
36 79 37 78
36 60 37 61
36 40 37 41
36 7 37 8
34 194 36 196
36 191 36 192
36 184 36 187
34 184 36 182
31 186 36 181
31 184 36 179
32 146 36 150
34 136 36 134
34 107 36 109
35 103 36 103
36 88 36 88
32 74 36 78
34 52 36 50
34 48 36 48
34 47 36 47
34 20 36 22
36 6 36 6
31 196 35 200
35 198 35 199
26 185 35 194
35 192 35 193
32 190 35 190
32 188 35 188
35 185 35 186
35 175 35 178
35 169 35 172
31 171 35 167
31 170 35 166
32 163 35 163
32 162 35 162
32 161 35 161
35 158 35 159
32 151 35 154
35 152 35 153
34 149 35 148
32 149 35 146
34 144 35 145
35 136 35 142
34 132 35 133
34 131 35 131
35 127 35 129
32 125 35 125
32 124 35 124
35 120 35 121
35 111 35 117
32 104 35 107
35 105 35 106
35 93 35 99
32 94 35 91
34 89 35 90
32 86 35 86
32 85 35 85
35 81 35 83
35 75 35 76
35 67 35 73
32 68 35 65
34 63 35 64
32 61 35 61
35 57 35 58
34 50 35 50
35 43 35 45
32 41 35 41
35 24 35 38
31 16 35 20
35 18 35 19
35 8 35 16
33 1 35 3
34 1 35 1
33 200 34 200
31 194 34 197
31 192 34 195
33 191 34 191
33 187 34 187
31 183 34 180
31 175 34 178
34 176 34 177
31 174 34 174
34 170 34 172
31 168 34 165
33 160 34 160
33 157 34 157
33 154 34 154
33 151 34 151
34 137 34 142
32 133 34 135
34 130 34 130
34 127 34 128
33 122 34 122
32 117 34 119
32 120 34 118
34 112 34 116
32 112 34 110
32 108 34 108
32 102 34 104
32 100 34 102
32 98 34 100
34 93 34 98
34 87 34 88
34 82 34 83
33 77 34 77
34 67 34 74
32 59 34 59
34 56 34 57
32 54 34 54
33 49 34 49
34 43 34 44
32 39 34 39
34 25 34 37
31 26 34 23
31 18 34 21
34 9 34 17
31 6 34 6
31 199 33 197
31 197 33 195
31 182 33 180
32 178 33 178
32 175 33 175
33 171 33 172
31 167 33 165
32 148 33 149
32 145 33 144
32 128 33 127
32 118 33 117
33 113 33 115
32 111 33 110
32 106 33 107
32 103 33 102
32 101 33 100
33 94 33 97
32 93 33 92
32 87 33 87
33 83 33 83
32 81 33 80
33 68 33 74
32 67 33 66
32 64 33 63
32 58 33 58
33 51 33 52
31 48 33 46
33 43 33 43
32 38 33 38
33 26 33 36
31 25 33 23
32 21 33 21
33 10 33 17
31 10 33 8
32 5 33 5
31 4 33 2
31 200 32 199
31 193 32 192
31 187 32 186
31 181 32 180
32 172 32 172
31 166 32 165
32 158 32 159
32 152 32 153
32 136 32 142
32 129 32 132
32 121 32 121
32 116 32 116
31 114 32 114
32 110 32 110
32 99 32 99
32 95 32 96
31 91 32 91
32 80 32 80
32 75 32 76
32 69 32 73
32 65 32 65
32 50 32 52
31 45 32 45
32 27 32 37
31 24 32 23
31 19 32 18
32 11 32 16
31 9 32 8
31 198 31 198
31 191 31 191
28 177 31 180
31 176 31 177
31 165 31 165
31 155 31 156
30 143 31 143
31 136 31 136
31 134 31 134
30 125 31 126
30 123 31 123
31 106 31 106
30 88 31 88
30 85 31 84
30 78 31 78
30 62 31 62
30 54 31 55
31 42 31 42
31 28 31 33
21 13 31 23
31 20 31 20
31 17 31 17
31 12 31 15
31 8 31 8
29 1 31 3
20 163 30 173
20 146 30 156
28 113 30 115
29 109 30 109
27 92 30 92
20 47 30 47
28 46 30 44
20 200 29 200
29 191 29 198
22 180 29 187
29 181 29 186
26 174 29 177
29 175 29 176
29 158 29 171
25 150 29 154
29 145 29 152
20 142 29 142
26 138 29 141
29 139 29 140
29 135 29 137
29 127 29 132
26 128 29 125
29 117 29 121
29 111 29 112
23 101 29 107
29 94 29 105
28 91 29 91
28 86 29 87
20 75 29 84
20 74 29 83
20 73 29 82
20 72 29 81
29 79 29 80
29 63 29 76
20 69 29 60
29 56 29 59
20 63 29 54
20 61 29 52
26 48 29 51
20 59 29 50
28 48 29 49
20 35 29 44
29 24 29 42
20 29 29 20
22 12 29 19
20 27 29 18
23 11 29 17
20 25 29 16
24 10 29 15
20 23 29 14
25 9 29 13
29 4 29 11
21 199 28 199
28 192 28 197
21 190 28 190
28 182 28 185
23 180 28 180
24 174 28 178
27 174 28 174
20 172 28 172
28 159 28 170
20 157 28 157
20 155 28 155
28 146 28 151
21 144 28 144
27 141 28 141
27 138 28 138
23 133 28 133
28 128 28 131
28 118 28 124
26 118 28 116
20 106 28 114
21 103 28 110
21 114 28 107
28 95 28 104
23 98 28 93
20 76 28 84
28 79 28 79
21 70 28 77
28 63 28 75
20 67 28 59
28 57 28 58
22 48 28 54
20 36 28 44
28 25 28 41
20 31 28 23
20 30 28 22
20 21 28 13
28 5 28 10
21 3 28 3
20 1 28 1
22 198 27 198
27 193 27 196
22 191 27 191
22 188 27 188
27 183 27 184
24 181 27 181
26 178 27 178
20 171 27 171
27 160 27 169
20 158 27 158
20 154 27 154
27 147 27 150
22 145 27 145
24 132 27 132
27 129 27 130
25 127 27 125
27 119 27 121
26 117 27 116
24 114 27 114
27 96 27 103
21 99 27 93
21 96 27 90
20 96 27 89
27 86 27 88
20 77 27 84
20 70 27 77
27 63 27 74
21 67 27 61
20 65 27 58
20 48 27 55
20 55 27 48
20 46 27 46
20 45 27 45
27 26 27 40
20 28 27 21
20 19 27 12
27 6 27 9
22 4 27 4
23 197 26 197
26 194 26 195
23 192 26 192
23 187 26 187
25 182 26 182
23 178 26 175
20 170 26 170
26 161 26 168
20 159 26 159
21 153 26 153
26 148 26 149
23 146 26 146
20 140 26 140
20 139 26 139
25 131 26 131
26 124 26 124
26 122 26 122
20 120 26 120
26 116 26 116
25 113 26 113
20 111 26 105
26 97 26 102
22 97 26 93
25 87 26 86
20 78 26 84
20 71 26 77
26 64 26 73
20 66 26 60
20 50 26 56
20 44 26 44
20 43 26 43
26 27 26 39
20 26 26 20
20 17 26 11
26 7 26 8
23 5 26 5
24 196 25 196
24 193 25 193
24 186 25 186
22 174 25 177
21 178 25 174
20 169 25 169
25 162 25 167
20 160 25 160
22 152 25 152
24 147 25 147
20 141 25 141
20 138 25 138
20 109 25 104
25 98 25 101
20 94 25 89
20 79 25 84
25 65 25 72
20 53 25 48
20 42 25 42
25 28 25 38
20 24 25 19
20 15 25 10
24 6 25 6
20 187 24 183
20 174 24 178
20 168 24 168
20 162 24 166
20 161 24 165
24 163 24 164
21 161 24 161
23 151 24 151
21 133 24 130
24 122 24 126
20 114 24 118
24 116 24 117
20 108 24 112
20 107 24 103
24 99 24 100
21 89 24 89
20 87 24 87
20 86 24 86
20 80 24 84
24 66 24 71
20 62 24 58
20 41 24 41
24 29 24 37
20 22 24 18
20 13 24 9
20 198 23 195
20 197 23 194
18 190 23 185
20 185 23 182
20 177 23 174
20 167 23 167
22 162 23 162
20 151 23 148
20 132 23 129
23 123 23 126
20 121 23 121
20 119 23 119
23 116 23 116
20 110 23 113
20 105 23 102
22 90 23 90
23 67 23 70
20 60 23 57
20 51 23 48
20 40 23 40
23 30 23 36
20 20 23 17
20 11 23 8
20 10 23 7
20 196 22 194
20 195 22 193
20 186 22 184
20 183 22 181
20 176 22 178
20 166 22 166
20 152 22 150
20 149 22 147
20 130 22 128
20 129 22 127
22 124 22 125
20 122 22 122
20 112 22 114
20 103 22 101
20 84 22 84
22 68 22 69
20 58 22 56
20 39 22 39
22 31 22 35
20 18 22 16
20 9 22 7
20 8 22 6
21 192 21 193
20 184 21 183
20 181 21 180
20 175 21 174
20 165 21 165
20 156 21 156
20 150 21 149
20 147 21 146
20 128 21 127
20 123 21 123
20 116 21 117
20 101 21 100
21 91 21 92
20 83 21 83
20 56 21 55
20 49 21 48
20 38 21 38
21 32 21 34
20 16 21 15
21 5 21 6
20 191 20 194
20 182 20 182
18 180 20 178
20 164 20 164
20 148 20 148
20 145 20 145
18 125 20 127
20 99 20 99
20 90 20 93
20 82 20 82
20 54 20 54
20 37 20 37
18 33 20 33
20 14 20 14
20 4 20 7
19 143 19 143
18 133 19 134
18 117 19 118
18 114 19 114
18 103 19 103
18 96 19 96
19 88 19 88
18 3 19 2
18 191 18 200
18 181 18 187
18 177 18 177
18 136 18 141
18 128 18 132
18 120 18 124
18 116 18 116
18 105 18 112
18 100 18 101
17 98 18 98
18 90 18 94
18 35 18 86
18 4 18 31
15 189 17 189
15 179 17 179
15 143 17 143
15 134 17 134
15 130 17 128
15 122 17 120
15 110 17 112
15 107 17 105
17 88 17 88
15 29 17 31
15 2 17 2
14 190 14 200
11 185 14 188
14 186 14 187
11 184 14 184
14 180 14 182
14 144 14 178
14 135 14 142
14 132 14 133
14 124 14 130
14 110 14 122
14 102 14 107
14 29 14 100
14 21 14 27
14 3 14 19
12 1 14 1
13 190 13 200
12 188 13 188
12 185 13 185
11 183 13 183
13 180 13 181
13 144 13 178
13 135 13 142
12 132 13 133
13 125 13 131
13 109 13 123
13 103 13 107
13 28 13 101
13 22 13 26
13 3 13 20
12 190 12 200
11 182 12 182
11 181 12 180
12 135 12 178
12 126 12 131
12 108 12 124
12 104 12 106
12 27 12 102
12 23 12 25
12 3 12 21
11 190 11 200
11 186 11 187
11 107 11 125
4 105 11 105
11 26 11 103
4 24 11 24
11 3 11 22
4 183 10 189
6 183 10 179
10 134 10 135
4 127 10 127
10 63 10 74
9 1 10 2
9 191 9 200
9 181 9 187
9 137 9 177
4 128 9 133
9 129 9 132
9 107 9 126
9 93 9 103
9 26 9 91
9 4 9 22
8 192 8 200
4 194 8 190
4 193 8 189
4 192 8 188
8 182 8 186
4 184 8 180
4 179 8 179
4 178 8 178
8 138 8 176
4 139 8 135
5 133 8 133
8 130 8 131
5 128 8 128
8 108 8 126
4 110 8 106
4 104 8 104
8 94 8 102
8 27 8 92
4 29 8 25
4 23 8 23
8 5 8 21
4 7 8 3
4 1 8 1
7 193 7 200
4 191 7 188
4 190 7 187
4 188 7 185
7 183 7 184
4 180 7 180
4 177 7 177
7 139 7 175
4 138 7 135
6 132 7 132
6 129 7 129
7 109 7 126
4 109 7 106
4 103 7 103
7 95 7 101
7 28 7 93
4 28 7 25
4 22 7 22
7 6 7 20
4 6 7 3
6 194 6 200
4 189 6 187
4 186 6 184
4 181 6 181
4 176 6 176
6 140 6 174
4 137 6 135
4 136 6 134
6 110 6 126
4 108 6 106
4 102 6 102
6 96 6 100
6 29 6 94
4 27 6 25
4 21 6 21
6 7 6 19
4 5 6 3
5 195 5 200
4 187 5 186
4 182 5 182
4 175 5 175
5 141 5 173
4 135 5 134
5 130 5 131
5 111 5 126
4 107 5 106
4 101 5 101
5 97 5 99
5 30 5 95
4 26 5 25
5 8 5 20
4 4 5 3
4 196 4 200
4 185 4 185
4 174 4 174
4 142 4 172
4 134 4 134
4 129 4 132
4 112 4 126
4 106 4 106
4 100 4 100
1 98 4 98
4 31 4 96
4 25 4 25
4 9 4 20
4 3 4 3
2 100 2 200
2 1 2 96
1 101 1 200
1 99 1 99
1 97 1 97
1 1 1 95
-1