74
47 56 65 74 38
AND -1 -5
AND -2 -6
AND -3 -7
AND -4 -8
OR -1 -5
OR -2 -6
OR -3 -7
OR -4 -8
AND 5 0
OR 1 9
AND 6 1
AND 6 5
AND 12 0
OR 2 11
OR 14 13
AND 7 2
AND 7 6
AND 17 1
AND 7 6
AND 5 0
AND 19 20
OR 3 16
OR 18 21
OR 22 23
AND 8 3
AND 8 7
AND 26 2
AND 8 7
AND 6 1
AND 28 29
AND 8 7
AND 6 5
AND 31 32
AND 33 0
OR 4 25
OR 27 30
OR 35 36
OR 37 34
AND 1 0
NOT 5
AND 0 40
NOT 1
AND 5 42
NOT 0
AND 44 43
OR 39 41
OR 46 45
AND 2 10
NOT 6
AND 10 49
NOT 2
AND 6 51
NOT 10
AND 53 52
OR 48 50
OR 55 54
AND 3 15
NOT 7
AND 15 58
NOT 3
AND 7 60
NOT 15
AND 62 61
OR 57 59
OR 64 63
AND 4 24
NOT 8
AND 24 67
NOT 4
AND 8 69
NOT 24
AND 71 70
OR 66 68
OR 73 72
