6864
6585 6594 6603 6612 6621 6630 6639 6648 6657 6666 6675 6684 6693 6702 6711 6720 6729 6738 6747 6756 6765 6774 6783 6792 6801 6810 6819 6828 6837 6846 6855 6864 6576
AND -1 -33
AND -2 -34
AND -3 -35
AND -4 -36
AND -5 -37
AND -6 -38
AND -7 -39
AND -8 -40
AND -9 -41
AND -10 -42
AND -11 -43
AND -12 -44
AND -13 -45
AND -14 -46
AND -15 -47
AND -16 -48
AND -17 -49
AND -18 -50
AND -19 -51
AND -20 -52
AND -21 -53
AND -22 -54
AND -23 -55
AND -24 -56
AND -25 -57
AND -26 -58
AND -27 -59
AND -28 -60
AND -29 -61
AND -30 -62
AND -31 -63
AND -32 -64
OR -1 -33
OR -2 -34
OR -3 -35
OR -4 -36
OR -5 -37
OR -6 -38
OR -7 -39
OR -8 -40
OR -9 -41
OR -10 -42
OR -11 -43
OR -12 -44
OR -13 -45
OR -14 -46
OR -15 -47
OR -16 -48
OR -17 -49
OR -18 -50
OR -19 -51
OR -20 -52
OR -21 -53
OR -22 -54
OR -23 -55
OR -24 -56
OR -25 -57
OR -26 -58
OR -27 -59
OR -28 -60
OR -29 -61
OR -30 -62
OR -31 -63
OR -32 -64
AND 33 0
OR 1 65
AND 34 1
AND 34 33
AND 68 0
OR 2 67
OR 70 69
AND 35 2
AND 35 34
AND 73 1
AND 35 34
AND 33 0
AND 75 76
OR 3 72
OR 74 77
OR 78 79
AND 36 3
AND 36 35
AND 82 2
AND 36 35
AND 34 1
AND 84 85
AND 36 35
AND 34 33
AND 87 88
AND 89 0
OR 4 81
OR 83 86
OR 91 92
OR 93 90
AND 37 4
AND 37 36
AND 96 3
AND 37 36
AND 35 2
AND 98 99
AND 37 36
AND 35 34
AND 101 102
AND 103 1
AND 37 36
AND 35 34
AND 105 106
AND 33 0
AND 107 108
OR 5 95
OR 97 100
OR 110 111
OR 104 109
OR 112 113
AND 38 5
AND 38 37
AND 116 4
AND 38 37
AND 36 3
AND 118 119
AND 38 37
AND 36 35
AND 121 122
AND 123 2
AND 38 37
AND 36 35
AND 125 126
AND 34 1
AND 127 128
AND 38 37
AND 36 35
AND 130 131
AND 34 33
AND 133 0
AND 132 134
OR 6 115
OR 117 120
OR 136 137
OR 124 129
OR 139 135
OR 138 140
AND 39 6
AND 39 38
AND 143 5
AND 39 38
AND 37 4
AND 145 146
AND 39 38
AND 37 36
AND 148 149
AND 150 3
AND 39 38
AND 37 36
AND 152 153
AND 35 2
AND 154 155
AND 39 38
AND 37 36
AND 157 158
AND 35 34
AND 160 1
AND 159 161
AND 39 38
AND 37 36
AND 163 164
AND 35 34
AND 33 0
AND 166 167
AND 165 168
OR 7 142
OR 144 147
OR 170 171
OR 151 156
OR 162 169
OR 173 174
OR 172 175
AND 40 7
AND 40 39
AND 178 6
AND 40 39
AND 38 5
AND 180 181
AND 40 39
AND 38 37
AND 183 184
AND 185 4
AND 40 39
AND 38 37
AND 187 188
AND 36 3
AND 189 190
AND 40 39
AND 38 37
AND 192 193
AND 36 35
AND 195 2
AND 194 196
AND 40 39
AND 38 37
AND 198 199
AND 36 35
AND 34 1
AND 201 202
AND 200 203
AND 40 39
AND 38 37
AND 205 206
AND 36 35
AND 34 33
AND 208 209
AND 207 210
AND 211 0
OR 8 177
OR 179 182
OR 213 214
OR 186 191
OR 197 204
OR 216 217
OR 215 218
OR 219 212
AND 41 8
AND 41 40
AND 222 7
AND 41 40
AND 39 6
AND 224 225
AND 41 40
AND 39 38
AND 227 228
AND 229 5
AND 41 40
AND 39 38
AND 231 232
AND 37 4
AND 233 234
AND 41 40
AND 39 38
AND 236 237
AND 37 36
AND 239 3
AND 238 240
AND 41 40
AND 39 38
AND 242 243
AND 37 36
AND 35 2
AND 245 246
AND 244 247
AND 41 40
AND 39 38
AND 249 250
AND 37 36
AND 35 34
AND 252 253
AND 251 254
AND 255 1
AND 41 40
AND 39 38
AND 257 258
AND 37 36
AND 35 34
AND 260 261
AND 259 262
AND 33 0
AND 263 264
OR 9 221
OR 223 226
OR 266 267
OR 230 235
OR 241 248
OR 269 270
OR 268 271
OR 256 265
OR 272 273
AND 42 9
AND 42 41
AND 276 8
AND 42 41
AND 40 7
AND 278 279
AND 42 41
AND 40 39
AND 281 282
AND 283 6
AND 42 41
AND 40 39
AND 285 286
AND 38 5
AND 287 288
AND 42 41
AND 40 39
AND 290 291
AND 38 37
AND 293 4
AND 292 294
AND 42 41
AND 40 39
AND 296 297
AND 38 37
AND 36 3
AND 299 300
AND 298 301
AND 42 41
AND 40 39
AND 303 304
AND 38 37
AND 36 35
AND 306 307
AND 305 308
AND 309 2
AND 42 41
AND 40 39
AND 311 312
AND 38 37
AND 36 35
AND 314 315
AND 313 316
AND 34 1
AND 317 318
AND 42 41
AND 40 39
AND 320 321
AND 38 37
AND 36 35
AND 323 324
AND 322 325
AND 34 33
AND 327 0
AND 326 328
OR 10 275
OR 277 280
OR 330 331
OR 284 289
OR 295 302
OR 333 334
OR 332 335
OR 310 319
OR 337 329
OR 336 338
AND 43 10
AND 43 42
AND 341 9
AND 43 42
AND 41 8
AND 343 344
AND 43 42
AND 41 40
AND 346 347
AND 348 7
AND 43 42
AND 41 40
AND 350 351
AND 39 6
AND 352 353
AND 43 42
AND 41 40
AND 355 356
AND 39 38
AND 358 5
AND 357 359
AND 43 42
AND 41 40
AND 361 362
AND 39 38
AND 37 4
AND 364 365
AND 363 366
AND 43 42
AND 41 40
AND 368 369
AND 39 38
AND 37 36
AND 371 372
AND 370 373
AND 374 3
AND 43 42
AND 41 40
AND 376 377
AND 39 38
AND 37 36
AND 379 380
AND 378 381
AND 35 2
AND 382 383
AND 43 42
AND 41 40
AND 385 386
AND 39 38
AND 37 36
AND 388 389
AND 387 390
AND 35 34
AND 392 1
AND 391 393
AND 43 42
AND 41 40
AND 395 396
AND 39 38
AND 37 36
AND 398 399
AND 397 400
AND 35 34
AND 33 0
AND 402 403
AND 401 404
OR 11 340
OR 342 345
OR 406 407
OR 349 354
OR 360 367
OR 409 410
OR 408 411
OR 375 384
OR 394 405
OR 413 414
OR 412 415
AND 44 11
AND 44 43
AND 418 10
AND 44 43
AND 42 9
AND 420 421
AND 44 43
AND 42 41
AND 423 424
AND 425 8
AND 44 43
AND 42 41
AND 427 428
AND 40 7
AND 429 430
AND 44 43
AND 42 41
AND 432 433
AND 40 39
AND 435 6
AND 434 436
AND 44 43
AND 42 41
AND 438 439
AND 40 39
AND 38 5
AND 441 442
AND 440 443
AND 44 43
AND 42 41
AND 445 446
AND 40 39
AND 38 37
AND 448 449
AND 447 450
AND 451 4
AND 44 43
AND 42 41
AND 453 454
AND 40 39
AND 38 37
AND 456 457
AND 455 458
AND 36 3
AND 459 460
AND 44 43
AND 42 41
AND 462 463
AND 40 39
AND 38 37
AND 465 466
AND 464 467
AND 36 35
AND 469 2
AND 468 470
AND 44 43
AND 42 41
AND 472 473
AND 40 39
AND 38 37
AND 475 476
AND 474 477
AND 36 35
AND 34 1
AND 479 480
AND 478 481
AND 44 43
AND 42 41
AND 483 484
AND 40 39
AND 38 37
AND 486 487
AND 485 488
AND 36 35
AND 34 33
AND 490 491
AND 492 0
AND 489 493
OR 12 417
OR 419 422
OR 495 496
OR 426 431
OR 437 444
OR 498 499
OR 497 500
OR 452 461
OR 471 482
OR 502 503
OR 504 494
OR 501 505
AND 45 12
AND 45 44
AND 508 11
AND 45 44
AND 43 10
AND 510 511
AND 45 44
AND 43 42
AND 513 514
AND 515 9
AND 45 44
AND 43 42
AND 517 518
AND 41 8
AND 519 520
AND 45 44
AND 43 42
AND 522 523
AND 41 40
AND 525 7
AND 524 526
AND 45 44
AND 43 42
AND 528 529
AND 41 40
AND 39 6
AND 531 532
AND 530 533
AND 45 44
AND 43 42
AND 535 536
AND 41 40
AND 39 38
AND 538 539
AND 537 540
AND 541 5
AND 45 44
AND 43 42
AND 543 544
AND 41 40
AND 39 38
AND 546 547
AND 545 548
AND 37 4
AND 549 550
AND 45 44
AND 43 42
AND 552 553
AND 41 40
AND 39 38
AND 555 556
AND 554 557
AND 37 36
AND 559 3
AND 558 560
AND 45 44
AND 43 42
AND 562 563
AND 41 40
AND 39 38
AND 565 566
AND 564 567
AND 37 36
AND 35 2
AND 569 570
AND 568 571
AND 45 44
AND 43 42
AND 573 574
AND 41 40
AND 39 38
AND 576 577
AND 575 578
AND 37 36
AND 35 34
AND 580 581
AND 582 1
AND 579 583
AND 45 44
AND 43 42
AND 585 586
AND 41 40
AND 39 38
AND 588 589
AND 587 590
AND 37 36
AND 35 34
AND 592 593
AND 33 0
AND 594 595
AND 591 596
OR 13 507
OR 509 512
OR 598 599
OR 516 521
OR 527 534
OR 601 602
OR 600 603
OR 542 551
OR 561 572
OR 605 606
OR 584 597
OR 607 608
OR 604 609
AND 46 13
AND 46 45
AND 612 12
AND 46 45
AND 44 11
AND 614 615
AND 46 45
AND 44 43
AND 617 618
AND 619 10
AND 46 45
AND 44 43
AND 621 622
AND 42 9
AND 623 624
AND 46 45
AND 44 43
AND 626 627
AND 42 41
AND 629 8
AND 628 630
AND 46 45
AND 44 43
AND 632 633
AND 42 41
AND 40 7
AND 635 636
AND 634 637
AND 46 45
AND 44 43
AND 639 640
AND 42 41
AND 40 39
AND 642 643
AND 641 644
AND 645 6
AND 46 45
AND 44 43
AND 647 648
AND 42 41
AND 40 39
AND 650 651
AND 649 652
AND 38 5
AND 653 654
AND 46 45
AND 44 43
AND 656 657
AND 42 41
AND 40 39
AND 659 660
AND 658 661
AND 38 37
AND 663 4
AND 662 664
AND 46 45
AND 44 43
AND 666 667
AND 42 41
AND 40 39
AND 669 670
AND 668 671
AND 38 37
AND 36 3
AND 673 674
AND 672 675
AND 46 45
AND 44 43
AND 677 678
AND 42 41
AND 40 39
AND 680 681
AND 679 682
AND 38 37
AND 36 35
AND 684 685
AND 686 2
AND 683 687
AND 46 45
AND 44 43
AND 689 690
AND 42 41
AND 40 39
AND 692 693
AND 691 694
AND 38 37
AND 36 35
AND 696 697
AND 34 1
AND 698 699
AND 695 700
AND 46 45
AND 44 43
AND 702 703
AND 42 41
AND 40 39
AND 705 706
AND 704 707
AND 38 37
AND 36 35
AND 709 710
AND 34 33
AND 712 0
AND 711 713
AND 708 714
OR 14 611
OR 613 616
OR 716 717
OR 620 625
OR 631 638
OR 719 720
OR 718 721
OR 646 655
OR 665 676
OR 723 724
OR 688 701
OR 726 715
OR 725 727
OR 722 728
AND 47 14
AND 47 46
AND 731 13
AND 47 46
AND 45 12
AND 733 734
AND 47 46
AND 45 44
AND 736 737
AND 738 11
AND 47 46
AND 45 44
AND 740 741
AND 43 10
AND 742 743
AND 47 46
AND 45 44
AND 745 746
AND 43 42
AND 748 9
AND 747 749
AND 47 46
AND 45 44
AND 751 752
AND 43 42
AND 41 8
AND 754 755
AND 753 756
AND 47 46
AND 45 44
AND 758 759
AND 43 42
AND 41 40
AND 761 762
AND 760 763
AND 764 7
AND 47 46
AND 45 44
AND 766 767
AND 43 42
AND 41 40
AND 769 770
AND 768 771
AND 39 6
AND 772 773
AND 47 46
AND 45 44
AND 775 776
AND 43 42
AND 41 40
AND 778 779
AND 777 780
AND 39 38
AND 782 5
AND 781 783
AND 47 46
AND 45 44
AND 785 786
AND 43 42
AND 41 40
AND 788 789
AND 787 790
AND 39 38
AND 37 4
AND 792 793
AND 791 794
AND 47 46
AND 45 44
AND 796 797
AND 43 42
AND 41 40
AND 799 800
AND 798 801
AND 39 38
AND 37 36
AND 803 804
AND 805 3
AND 802 806
AND 47 46
AND 45 44
AND 808 809
AND 43 42
AND 41 40
AND 811 812
AND 810 813
AND 39 38
AND 37 36
AND 815 816
AND 35 2
AND 817 818
AND 814 819
AND 47 46
AND 45 44
AND 821 822
AND 43 42
AND 41 40
AND 824 825
AND 823 826
AND 39 38
AND 37 36
AND 828 829
AND 35 34
AND 831 1
AND 830 832
AND 827 833
AND 47 46
AND 45 44
AND 835 836
AND 43 42
AND 41 40
AND 838 839
AND 837 840
AND 39 38
AND 37 36
AND 842 843
AND 35 34
AND 33 0
AND 845 846
AND 844 847
AND 841 848
OR 15 730
OR 732 735
OR 850 851
OR 739 744
OR 750 757
OR 853 854
OR 852 855
OR 765 774
OR 784 795
OR 857 858
OR 807 820
OR 834 849
OR 860 861
OR 859 862
OR 856 863
AND 48 15
AND 48 47
AND 866 14
AND 48 47
AND 46 13
AND 868 869
AND 48 47
AND 46 45
AND 871 872
AND 873 12
AND 48 47
AND 46 45
AND 875 876
AND 44 11
AND 877 878
AND 48 47
AND 46 45
AND 880 881
AND 44 43
AND 883 10
AND 882 884
AND 48 47
AND 46 45
AND 886 887
AND 44 43
AND 42 9
AND 889 890
AND 888 891
AND 48 47
AND 46 45
AND 893 894
AND 44 43
AND 42 41
AND 896 897
AND 895 898
AND 899 8
AND 48 47
AND 46 45
AND 901 902
AND 44 43
AND 42 41
AND 904 905
AND 903 906
AND 40 7
AND 907 908
AND 48 47
AND 46 45
AND 910 911
AND 44 43
AND 42 41
AND 913 914
AND 912 915
AND 40 39
AND 917 6
AND 916 918
AND 48 47
AND 46 45
AND 920 921
AND 44 43
AND 42 41
AND 923 924
AND 922 925
AND 40 39
AND 38 5
AND 927 928
AND 926 929
AND 48 47
AND 46 45
AND 931 932
AND 44 43
AND 42 41
AND 934 935
AND 933 936
AND 40 39
AND 38 37
AND 938 939
AND 940 4
AND 937 941
AND 48 47
AND 46 45
AND 943 944
AND 44 43
AND 42 41
AND 946 947
AND 945 948
AND 40 39
AND 38 37
AND 950 951
AND 36 3
AND 952 953
AND 949 954
AND 48 47
AND 46 45
AND 956 957
AND 44 43
AND 42 41
AND 959 960
AND 958 961
AND 40 39
AND 38 37
AND 963 964
AND 36 35
AND 966 2
AND 965 967
AND 962 968
AND 48 47
AND 46 45
AND 970 971
AND 44 43
AND 42 41
AND 973 974
AND 972 975
AND 40 39
AND 38 37
AND 977 978
AND 36 35
AND 34 1
AND 980 981
AND 979 982
AND 976 983
AND 48 47
AND 46 45
AND 985 986
AND 44 43
AND 42 41
AND 988 989
AND 987 990
AND 40 39
AND 38 37
AND 992 993
AND 36 35
AND 34 33
AND 995 996
AND 994 997
AND 991 998
AND 999 0
OR 16 865
OR 867 870
OR 1001 1002
OR 874 879
OR 885 892
OR 1004 1005
OR 1003 1006
OR 900 909
OR 919 930
OR 1008 1009
OR 942 955
OR 969 984
OR 1011 1012
OR 1010 1013
OR 1007 1014
OR 1015 1000
AND 49 16
AND 49 48
AND 1018 15
AND 49 48
AND 47 14
AND 1020 1021
AND 49 48
AND 47 46
AND 1023 1024
AND 1025 13
AND 49 48
AND 47 46
AND 1027 1028
AND 45 12
AND 1029 1030
AND 49 48
AND 47 46
AND 1032 1033
AND 45 44
AND 1035 11
AND 1034 1036
AND 49 48
AND 47 46
AND 1038 1039
AND 45 44
AND 43 10
AND 1041 1042
AND 1040 1043
AND 49 48
AND 47 46
AND 1045 1046
AND 45 44
AND 43 42
AND 1048 1049
AND 1047 1050
AND 1051 9
AND 49 48
AND 47 46
AND 1053 1054
AND 45 44
AND 43 42
AND 1056 1057
AND 1055 1058
AND 41 8
AND 1059 1060
AND 49 48
AND 47 46
AND 1062 1063
AND 45 44
AND 43 42
AND 1065 1066
AND 1064 1067
AND 41 40
AND 1069 7
AND 1068 1070
AND 49 48
AND 47 46
AND 1072 1073
AND 45 44
AND 43 42
AND 1075 1076
AND 1074 1077
AND 41 40
AND 39 6
AND 1079 1080
AND 1078 1081
AND 49 48
AND 47 46
AND 1083 1084
AND 45 44
AND 43 42
AND 1086 1087
AND 1085 1088
AND 41 40
AND 39 38
AND 1090 1091
AND 1092 5
AND 1089 1093
AND 49 48
AND 47 46
AND 1095 1096
AND 45 44
AND 43 42
AND 1098 1099
AND 1097 1100
AND 41 40
AND 39 38
AND 1102 1103
AND 37 4
AND 1104 1105
AND 1101 1106
AND 49 48
AND 47 46
AND 1108 1109
AND 45 44
AND 43 42
AND 1111 1112
AND 1110 1113
AND 41 40
AND 39 38
AND 1115 1116
AND 37 36
AND 1118 3
AND 1117 1119
AND 1114 1120
AND 49 48
AND 47 46
AND 1122 1123
AND 45 44
AND 43 42
AND 1125 1126
AND 1124 1127
AND 41 40
AND 39 38
AND 1129 1130
AND 37 36
AND 35 2
AND 1132 1133
AND 1131 1134
AND 1128 1135
AND 49 48
AND 47 46
AND 1137 1138
AND 45 44
AND 43 42
AND 1140 1141
AND 1139 1142
AND 41 40
AND 39 38
AND 1144 1145
AND 37 36
AND 35 34
AND 1147 1148
AND 1146 1149
AND 1143 1150
AND 1151 1
AND 49 48
AND 47 46
AND 1153 1154
AND 45 44
AND 43 42
AND 1156 1157
AND 1155 1158
AND 41 40
AND 39 38
AND 1160 1161
AND 37 36
AND 35 34
AND 1163 1164
AND 1162 1165
AND 1159 1166
AND 33 0
AND 1167 1168
OR 17 1017
OR 1019 1022
OR 1170 1171
OR 1026 1031
OR 1037 1044
OR 1173 1174
OR 1172 1175
OR 1052 1061
OR 1071 1082
OR 1177 1178
OR 1094 1107
OR 1121 1136
OR 1180 1181
OR 1179 1182
OR 1176 1183
OR 1152 1169
OR 1184 1185
AND 50 17
AND 50 49
AND 1188 16
AND 50 49
AND 48 15
AND 1190 1191
AND 50 49
AND 48 47
AND 1193 1194
AND 1195 14
AND 50 49
AND 48 47
AND 1197 1198
AND 46 13
AND 1199 1200
AND 50 49
AND 48 47
AND 1202 1203
AND 46 45
AND 1205 12
AND 1204 1206
AND 50 49
AND 48 47
AND 1208 1209
AND 46 45
AND 44 11
AND 1211 1212
AND 1210 1213
AND 50 49
AND 48 47
AND 1215 1216
AND 46 45
AND 44 43
AND 1218 1219
AND 1217 1220
AND 1221 10
AND 50 49
AND 48 47
AND 1223 1224
AND 46 45
AND 44 43
AND 1226 1227
AND 1225 1228
AND 42 9
AND 1229 1230
AND 50 49
AND 48 47
AND 1232 1233
AND 46 45
AND 44 43
AND 1235 1236
AND 1234 1237
AND 42 41
AND 1239 8
AND 1238 1240
AND 50 49
AND 48 47
AND 1242 1243
AND 46 45
AND 44 43
AND 1245 1246
AND 1244 1247
AND 42 41
AND 40 7
AND 1249 1250
AND 1248 1251
AND 50 49
AND 48 47
AND 1253 1254
AND 46 45
AND 44 43
AND 1256 1257
AND 1255 1258
AND 42 41
AND 40 39
AND 1260 1261
AND 1262 6
AND 1259 1263
AND 50 49
AND 48 47
AND 1265 1266
AND 46 45
AND 44 43
AND 1268 1269
AND 1267 1270
AND 42 41
AND 40 39
AND 1272 1273
AND 38 5
AND 1274 1275
AND 1271 1276
AND 50 49
AND 48 47
AND 1278 1279
AND 46 45
AND 44 43
AND 1281 1282
AND 1280 1283
AND 42 41
AND 40 39
AND 1285 1286
AND 38 37
AND 1288 4
AND 1287 1289
AND 1284 1290
AND 50 49
AND 48 47
AND 1292 1293
AND 46 45
AND 44 43
AND 1295 1296
AND 1294 1297
AND 42 41
AND 40 39
AND 1299 1300
AND 38 37
AND 36 3
AND 1302 1303
AND 1301 1304
AND 1298 1305
AND 50 49
AND 48 47
AND 1307 1308
AND 46 45
AND 44 43
AND 1310 1311
AND 1309 1312
AND 42 41
AND 40 39
AND 1314 1315
AND 38 37
AND 36 35
AND 1317 1318
AND 1316 1319
AND 1313 1320
AND 1321 2
AND 50 49
AND 48 47
AND 1323 1324
AND 46 45
AND 44 43
AND 1326 1327
AND 1325 1328
AND 42 41
AND 40 39
AND 1330 1331
AND 38 37
AND 36 35
AND 1333 1334
AND 1332 1335
AND 1329 1336
AND 34 1
AND 1337 1338
AND 50 49
AND 48 47
AND 1340 1341
AND 46 45
AND 44 43
AND 1343 1344
AND 1342 1345
AND 42 41
AND 40 39
AND 1347 1348
AND 38 37
AND 36 35
AND 1350 1351
AND 1349 1352
AND 1346 1353
AND 34 33
AND 1355 0
AND 1354 1356
OR 18 1187
OR 1189 1192
OR 1358 1359
OR 1196 1201
OR 1207 1214
OR 1361 1362
OR 1360 1363
OR 1222 1231
OR 1241 1252
OR 1365 1366
OR 1264 1277
OR 1291 1306
OR 1368 1369
OR 1367 1370
OR 1364 1371
OR 1322 1339
OR 1373 1357
OR 1372 1374
AND 51 18
AND 51 50
AND 1377 17
AND 51 50
AND 49 16
AND 1379 1380
AND 51 50
AND 49 48
AND 1382 1383
AND 1384 15
AND 51 50
AND 49 48
AND 1386 1387
AND 47 14
AND 1388 1389
AND 51 50
AND 49 48
AND 1391 1392
AND 47 46
AND 1394 13
AND 1393 1395
AND 51 50
AND 49 48
AND 1397 1398
AND 47 46
AND 45 12
AND 1400 1401
AND 1399 1402
AND 51 50
AND 49 48
AND 1404 1405
AND 47 46
AND 45 44
AND 1407 1408
AND 1406 1409
AND 1410 11
AND 51 50
AND 49 48
AND 1412 1413
AND 47 46
AND 45 44
AND 1415 1416
AND 1414 1417
AND 43 10
AND 1418 1419
AND 51 50
AND 49 48
AND 1421 1422
AND 47 46
AND 45 44
AND 1424 1425
AND 1423 1426
AND 43 42
AND 1428 9
AND 1427 1429
AND 51 50
AND 49 48
AND 1431 1432
AND 47 46
AND 45 44
AND 1434 1435
AND 1433 1436
AND 43 42
AND 41 8
AND 1438 1439
AND 1437 1440
AND 51 50
AND 49 48
AND 1442 1443
AND 47 46
AND 45 44
AND 1445 1446
AND 1444 1447
AND 43 42
AND 41 40
AND 1449 1450
AND 1451 7
AND 1448 1452
AND 51 50
AND 49 48
AND 1454 1455
AND 47 46
AND 45 44
AND 1457 1458
AND 1456 1459
AND 43 42
AND 41 40
AND 1461 1462
AND 39 6
AND 1463 1464
AND 1460 1465
AND 51 50
AND 49 48
AND 1467 1468
AND 47 46
AND 45 44
AND 1470 1471
AND 1469 1472
AND 43 42
AND 41 40
AND 1474 1475
AND 39 38
AND 1477 5
AND 1476 1478
AND 1473 1479
AND 51 50
AND 49 48
AND 1481 1482
AND 47 46
AND 45 44
AND 1484 1485
AND 1483 1486
AND 43 42
AND 41 40
AND 1488 1489
AND 39 38
AND 37 4
AND 1491 1492
AND 1490 1493
AND 1487 1494
AND 51 50
AND 49 48
AND 1496 1497
AND 47 46
AND 45 44
AND 1499 1500
AND 1498 1501
AND 43 42
AND 41 40
AND 1503 1504
AND 39 38
AND 37 36
AND 1506 1507
AND 1505 1508
AND 1502 1509
AND 1510 3
AND 51 50
AND 49 48
AND 1512 1513
AND 47 46
AND 45 44
AND 1515 1516
AND 1514 1517
AND 43 42
AND 41 40
AND 1519 1520
AND 39 38
AND 37 36
AND 1522 1523
AND 1521 1524
AND 1518 1525
AND 35 2
AND 1526 1527
AND 51 50
AND 49 48
AND 1529 1530
AND 47 46
AND 45 44
AND 1532 1533
AND 1531 1534
AND 43 42
AND 41 40
AND 1536 1537
AND 39 38
AND 37 36
AND 1539 1540
AND 1538 1541
AND 1535 1542
AND 35 34
AND 1544 1
AND 1543 1545
AND 51 50
AND 49 48
AND 1547 1548
AND 47 46
AND 45 44
AND 1550 1551
AND 1549 1552
AND 43 42
AND 41 40
AND 1554 1555
AND 39 38
AND 37 36
AND 1557 1558
AND 1556 1559
AND 1553 1560
AND 35 34
AND 33 0
AND 1562 1563
AND 1561 1564
OR 19 1376
OR 1378 1381
OR 1566 1567
OR 1385 1390
OR 1396 1403
OR 1569 1570
OR 1568 1571
OR 1411 1420
OR 1430 1441
OR 1573 1574
OR 1453 1466
OR 1480 1495
OR 1576 1577
OR 1575 1578
OR 1572 1579
OR 1511 1528
OR 1546 1565
OR 1581 1582
OR 1580 1583
AND 52 19
AND 52 51
AND 1586 18
AND 52 51
AND 50 17
AND 1588 1589
AND 52 51
AND 50 49
AND 1591 1592
AND 1593 16
AND 52 51
AND 50 49
AND 1595 1596
AND 48 15
AND 1597 1598
AND 52 51
AND 50 49
AND 1600 1601
AND 48 47
AND 1603 14
AND 1602 1604
AND 52 51
AND 50 49
AND 1606 1607
AND 48 47
AND 46 13
AND 1609 1610
AND 1608 1611
AND 52 51
AND 50 49
AND 1613 1614
AND 48 47
AND 46 45
AND 1616 1617
AND 1615 1618
AND 1619 12
AND 52 51
AND 50 49
AND 1621 1622
AND 48 47
AND 46 45
AND 1624 1625
AND 1623 1626
AND 44 11
AND 1627 1628
AND 52 51
AND 50 49
AND 1630 1631
AND 48 47
AND 46 45
AND 1633 1634
AND 1632 1635
AND 44 43
AND 1637 10
AND 1636 1638
AND 52 51
AND 50 49
AND 1640 1641
AND 48 47
AND 46 45
AND 1643 1644
AND 1642 1645
AND 44 43
AND 42 9
AND 1647 1648
AND 1646 1649
AND 52 51
AND 50 49
AND 1651 1652
AND 48 47
AND 46 45
AND 1654 1655
AND 1653 1656
AND 44 43
AND 42 41
AND 1658 1659
AND 1660 8
AND 1657 1661
AND 52 51
AND 50 49
AND 1663 1664
AND 48 47
AND 46 45
AND 1666 1667
AND 1665 1668
AND 44 43
AND 42 41
AND 1670 1671
AND 40 7
AND 1672 1673
AND 1669 1674
AND 52 51
AND 50 49
AND 1676 1677
AND 48 47
AND 46 45
AND 1679 1680
AND 1678 1681
AND 44 43
AND 42 41
AND 1683 1684
AND 40 39
AND 1686 6
AND 1685 1687
AND 1682 1688
AND 52 51
AND 50 49
AND 1690 1691
AND 48 47
AND 46 45
AND 1693 1694
AND 1692 1695
AND 44 43
AND 42 41
AND 1697 1698
AND 40 39
AND 38 5
AND 1700 1701
AND 1699 1702
AND 1696 1703
AND 52 51
AND 50 49
AND 1705 1706
AND 48 47
AND 46 45
AND 1708 1709
AND 1707 1710
AND 44 43
AND 42 41
AND 1712 1713
AND 40 39
AND 38 37
AND 1715 1716
AND 1714 1717
AND 1711 1718
AND 1719 4
AND 52 51
AND 50 49
AND 1721 1722
AND 48 47
AND 46 45
AND 1724 1725
AND 1723 1726
AND 44 43
AND 42 41
AND 1728 1729
AND 40 39
AND 38 37
AND 1731 1732
AND 1730 1733
AND 1727 1734
AND 36 3
AND 1735 1736
AND 52 51
AND 50 49
AND 1738 1739
AND 48 47
AND 46 45
AND 1741 1742
AND 1740 1743
AND 44 43
AND 42 41
AND 1745 1746
AND 40 39
AND 38 37
AND 1748 1749
AND 1747 1750
AND 1744 1751
AND 36 35
AND 1753 2
AND 1752 1754
AND 52 51
AND 50 49
AND 1756 1757
AND 48 47
AND 46 45
AND 1759 1760
AND 1758 1761
AND 44 43
AND 42 41
AND 1763 1764
AND 40 39
AND 38 37
AND 1766 1767
AND 1765 1768
AND 1762 1769
AND 36 35
AND 34 1
AND 1771 1772
AND 1770 1773
AND 52 51
AND 50 49
AND 1775 1776
AND 48 47
AND 46 45
AND 1778 1779
AND 1777 1780
AND 44 43
AND 42 41
AND 1782 1783
AND 40 39
AND 38 37
AND 1785 1786
AND 1784 1787
AND 1781 1788
AND 36 35
AND 34 33
AND 1790 1791
AND 1792 0
AND 1789 1793
OR 20 1585
OR 1587 1590
OR 1795 1796
OR 1594 1599
OR 1605 1612
OR 1798 1799
OR 1797 1800
OR 1620 1629
OR 1639 1650
OR 1802 1803
OR 1662 1675
OR 1689 1704
OR 1805 1806
OR 1804 1807
OR 1801 1808
OR 1720 1737
OR 1755 1774
OR 1810 1811
OR 1812 1794
OR 1809 1813
AND 53 20
AND 53 52
AND 1816 19
AND 53 52
AND 51 18
AND 1818 1819
AND 53 52
AND 51 50
AND 1821 1822
AND 1823 17
AND 53 52
AND 51 50
AND 1825 1826
AND 49 16
AND 1827 1828
AND 53 52
AND 51 50
AND 1830 1831
AND 49 48
AND 1833 15
AND 1832 1834
AND 53 52
AND 51 50
AND 1836 1837
AND 49 48
AND 47 14
AND 1839 1840
AND 1838 1841
AND 53 52
AND 51 50
AND 1843 1844
AND 49 48
AND 47 46
AND 1846 1847
AND 1845 1848
AND 1849 13
AND 53 52
AND 51 50
AND 1851 1852
AND 49 48
AND 47 46
AND 1854 1855
AND 1853 1856
AND 45 12
AND 1857 1858
AND 53 52
AND 51 50
AND 1860 1861
AND 49 48
AND 47 46
AND 1863 1864
AND 1862 1865
AND 45 44
AND 1867 11
AND 1866 1868
AND 53 52
AND 51 50
AND 1870 1871
AND 49 48
AND 47 46
AND 1873 1874
AND 1872 1875
AND 45 44
AND 43 10
AND 1877 1878
AND 1876 1879
AND 53 52
AND 51 50
AND 1881 1882
AND 49 48
AND 47 46
AND 1884 1885
AND 1883 1886
AND 45 44
AND 43 42
AND 1888 1889
AND 1890 9
AND 1887 1891
AND 53 52
AND 51 50
AND 1893 1894
AND 49 48
AND 47 46
AND 1896 1897
AND 1895 1898
AND 45 44
AND 43 42
AND 1900 1901
AND 41 8
AND 1902 1903
AND 1899 1904
AND 53 52
AND 51 50
AND 1906 1907
AND 49 48
AND 47 46
AND 1909 1910
AND 1908 1911
AND 45 44
AND 43 42
AND 1913 1914
AND 41 40
AND 1916 7
AND 1915 1917
AND 1912 1918
AND 53 52
AND 51 50
AND 1920 1921
AND 49 48
AND 47 46
AND 1923 1924
AND 1922 1925
AND 45 44
AND 43 42
AND 1927 1928
AND 41 40
AND 39 6
AND 1930 1931
AND 1929 1932
AND 1926 1933
AND 53 52
AND 51 50
AND 1935 1936
AND 49 48
AND 47 46
AND 1938 1939
AND 1937 1940
AND 45 44
AND 43 42
AND 1942 1943
AND 41 40
AND 39 38
AND 1945 1946
AND 1944 1947
AND 1941 1948
AND 1949 5
AND 53 52
AND 51 50
AND 1951 1952
AND 49 48
AND 47 46
AND 1954 1955
AND 1953 1956
AND 45 44
AND 43 42
AND 1958 1959
AND 41 40
AND 39 38
AND 1961 1962
AND 1960 1963
AND 1957 1964
AND 37 4
AND 1965 1966
AND 53 52
AND 51 50
AND 1968 1969
AND 49 48
AND 47 46
AND 1971 1972
AND 1970 1973
AND 45 44
AND 43 42
AND 1975 1976
AND 41 40
AND 39 38
AND 1978 1979
AND 1977 1980
AND 1974 1981
AND 37 36
AND 1983 3
AND 1982 1984
AND 53 52
AND 51 50
AND 1986 1987
AND 49 48
AND 47 46
AND 1989 1990
AND 1988 1991
AND 45 44
AND 43 42
AND 1993 1994
AND 41 40
AND 39 38
AND 1996 1997
AND 1995 1998
AND 1992 1999
AND 37 36
AND 35 2
AND 2001 2002
AND 2000 2003
AND 53 52
AND 51 50
AND 2005 2006
AND 49 48
AND 47 46
AND 2008 2009
AND 2007 2010
AND 45 44
AND 43 42
AND 2012 2013
AND 41 40
AND 39 38
AND 2015 2016
AND 2014 2017
AND 2011 2018
AND 37 36
AND 35 34
AND 2020 2021
AND 2022 1
AND 2019 2023
AND 53 52
AND 51 50
AND 2025 2026
AND 49 48
AND 47 46
AND 2028 2029
AND 2027 2030
AND 45 44
AND 43 42
AND 2032 2033
AND 41 40
AND 39 38
AND 2035 2036
AND 2034 2037
AND 2031 2038
AND 37 36
AND 35 34
AND 2040 2041
AND 33 0
AND 2042 2043
AND 2039 2044
OR 21 1815
OR 1817 1820
OR 2046 2047
OR 1824 1829
OR 1835 1842
OR 2049 2050
OR 2048 2051
OR 1850 1859
OR 1869 1880
OR 2053 2054
OR 1892 1905
OR 1919 1934
OR 2056 2057
OR 2055 2058
OR 2052 2059
OR 1950 1967
OR 1985 2004
OR 2061 2062
OR 2024 2045
OR 2063 2064
OR 2060 2065
AND 54 21
AND 54 53
AND 2068 20
AND 54 53
AND 52 19
AND 2070 2071
AND 54 53
AND 52 51
AND 2073 2074
AND 2075 18
AND 54 53
AND 52 51
AND 2077 2078
AND 50 17
AND 2079 2080
AND 54 53
AND 52 51
AND 2082 2083
AND 50 49
AND 2085 16
AND 2084 2086
AND 54 53
AND 52 51
AND 2088 2089
AND 50 49
AND 48 15
AND 2091 2092
AND 2090 2093
AND 54 53
AND 52 51
AND 2095 2096
AND 50 49
AND 48 47
AND 2098 2099
AND 2097 2100
AND 2101 14
AND 54 53
AND 52 51
AND 2103 2104
AND 50 49
AND 48 47
AND 2106 2107
AND 2105 2108
AND 46 13
AND 2109 2110
AND 54 53
AND 52 51
AND 2112 2113
AND 50 49
AND 48 47
AND 2115 2116
AND 2114 2117
AND 46 45
AND 2119 12
AND 2118 2120
AND 54 53
AND 52 51
AND 2122 2123
AND 50 49
AND 48 47
AND 2125 2126
AND 2124 2127
AND 46 45
AND 44 11
AND 2129 2130
AND 2128 2131
AND 54 53
AND 52 51
AND 2133 2134
AND 50 49
AND 48 47
AND 2136 2137
AND 2135 2138
AND 46 45
AND 44 43
AND 2140 2141
AND 2142 10
AND 2139 2143
AND 54 53
AND 52 51
AND 2145 2146
AND 50 49
AND 48 47
AND 2148 2149
AND 2147 2150
AND 46 45
AND 44 43
AND 2152 2153
AND 42 9
AND 2154 2155
AND 2151 2156
AND 54 53
AND 52 51
AND 2158 2159
AND 50 49
AND 48 47
AND 2161 2162
AND 2160 2163
AND 46 45
AND 44 43
AND 2165 2166
AND 42 41
AND 2168 8
AND 2167 2169
AND 2164 2170
AND 54 53
AND 52 51
AND 2172 2173
AND 50 49
AND 48 47
AND 2175 2176
AND 2174 2177
AND 46 45
AND 44 43
AND 2179 2180
AND 42 41
AND 40 7
AND 2182 2183
AND 2181 2184
AND 2178 2185
AND 54 53
AND 52 51
AND 2187 2188
AND 50 49
AND 48 47
AND 2190 2191
AND 2189 2192
AND 46 45
AND 44 43
AND 2194 2195
AND 42 41
AND 40 39
AND 2197 2198
AND 2196 2199
AND 2193 2200
AND 2201 6
AND 54 53
AND 52 51
AND 2203 2204
AND 50 49
AND 48 47
AND 2206 2207
AND 2205 2208
AND 46 45
AND 44 43
AND 2210 2211
AND 42 41
AND 40 39
AND 2213 2214
AND 2212 2215
AND 2209 2216
AND 38 5
AND 2217 2218
AND 54 53
AND 52 51
AND 2220 2221
AND 50 49
AND 48 47
AND 2223 2224
AND 2222 2225
AND 46 45
AND 44 43
AND 2227 2228
AND 42 41
AND 40 39
AND 2230 2231
AND 2229 2232
AND 2226 2233
AND 38 37
AND 2235 4
AND 2234 2236
AND 54 53
AND 52 51
AND 2238 2239
AND 50 49
AND 48 47
AND 2241 2242
AND 2240 2243
AND 46 45
AND 44 43
AND 2245 2246
AND 42 41
AND 40 39
AND 2248 2249
AND 2247 2250
AND 2244 2251
AND 38 37
AND 36 3
AND 2253 2254
AND 2252 2255
AND 54 53
AND 52 51
AND 2257 2258
AND 50 49
AND 48 47
AND 2260 2261
AND 2259 2262
AND 46 45
AND 44 43
AND 2264 2265
AND 42 41
AND 40 39
AND 2267 2268
AND 2266 2269
AND 2263 2270
AND 38 37
AND 36 35
AND 2272 2273
AND 2274 2
AND 2271 2275
AND 54 53
AND 52 51
AND 2277 2278
AND 50 49
AND 48 47
AND 2280 2281
AND 2279 2282
AND 46 45
AND 44 43
AND 2284 2285
AND 42 41
AND 40 39
AND 2287 2288
AND 2286 2289
AND 2283 2290
AND 38 37
AND 36 35
AND 2292 2293
AND 34 1
AND 2294 2295
AND 2291 2296
AND 54 53
AND 52 51
AND 2298 2299
AND 50 49
AND 48 47
AND 2301 2302
AND 2300 2303
AND 46 45
AND 44 43
AND 2305 2306
AND 42 41
AND 40 39
AND 2308 2309
AND 2307 2310
AND 2304 2311
AND 38 37
AND 36 35
AND 2313 2314
AND 34 33
AND 2316 0
AND 2315 2317
AND 2312 2318
OR 22 2067
OR 2069 2072
OR 2320 2321
OR 2076 2081
OR 2087 2094
OR 2323 2324
OR 2322 2325
OR 2102 2111
OR 2121 2132
OR 2327 2328
OR 2144 2157
OR 2171 2186
OR 2330 2331
OR 2329 2332
OR 2326 2333
OR 2202 2219
OR 2237 2256
OR 2335 2336
OR 2276 2297
OR 2338 2319
OR 2337 2339
OR 2334 2340
AND 55 22
AND 55 54
AND 2343 21
AND 55 54
AND 53 20
AND 2345 2346
AND 55 54
AND 53 52
AND 2348 2349
AND 2350 19
AND 55 54
AND 53 52
AND 2352 2353
AND 51 18
AND 2354 2355
AND 55 54
AND 53 52
AND 2357 2358
AND 51 50
AND 2360 17
AND 2359 2361
AND 55 54
AND 53 52
AND 2363 2364
AND 51 50
AND 49 16
AND 2366 2367
AND 2365 2368
AND 55 54
AND 53 52
AND 2370 2371
AND 51 50
AND 49 48
AND 2373 2374
AND 2372 2375
AND 2376 15
AND 55 54
AND 53 52
AND 2378 2379
AND 51 50
AND 49 48
AND 2381 2382
AND 2380 2383
AND 47 14
AND 2384 2385
AND 55 54
AND 53 52
AND 2387 2388
AND 51 50
AND 49 48
AND 2390 2391
AND 2389 2392
AND 47 46
AND 2394 13
AND 2393 2395
AND 55 54
AND 53 52
AND 2397 2398
AND 51 50
AND 49 48
AND 2400 2401
AND 2399 2402
AND 47 46
AND 45 12
AND 2404 2405
AND 2403 2406
AND 55 54
AND 53 52
AND 2408 2409
AND 51 50
AND 49 48
AND 2411 2412
AND 2410 2413
AND 47 46
AND 45 44
AND 2415 2416
AND 2417 11
AND 2414 2418
AND 55 54
AND 53 52
AND 2420 2421
AND 51 50
AND 49 48
AND 2423 2424
AND 2422 2425
AND 47 46
AND 45 44
AND 2427 2428
AND 43 10
AND 2429 2430
AND 2426 2431
AND 55 54
AND 53 52
AND 2433 2434
AND 51 50
AND 49 48
AND 2436 2437
AND 2435 2438
AND 47 46
AND 45 44
AND 2440 2441
AND 43 42
AND 2443 9
AND 2442 2444
AND 2439 2445
AND 55 54
AND 53 52
AND 2447 2448
AND 51 50
AND 49 48
AND 2450 2451
AND 2449 2452
AND 47 46
AND 45 44
AND 2454 2455
AND 43 42
AND 41 8
AND 2457 2458
AND 2456 2459
AND 2453 2460
AND 55 54
AND 53 52
AND 2462 2463
AND 51 50
AND 49 48
AND 2465 2466
AND 2464 2467
AND 47 46
AND 45 44
AND 2469 2470
AND 43 42
AND 41 40
AND 2472 2473
AND 2471 2474
AND 2468 2475
AND 2476 7
AND 55 54
AND 53 52
AND 2478 2479
AND 51 50
AND 49 48
AND 2481 2482
AND 2480 2483
AND 47 46
AND 45 44
AND 2485 2486
AND 43 42
AND 41 40
AND 2488 2489
AND 2487 2490
AND 2484 2491
AND 39 6
AND 2492 2493
AND 55 54
AND 53 52
AND 2495 2496
AND 51 50
AND 49 48
AND 2498 2499
AND 2497 2500
AND 47 46
AND 45 44
AND 2502 2503
AND 43 42
AND 41 40
AND 2505 2506
AND 2504 2507
AND 2501 2508
AND 39 38
AND 2510 5
AND 2509 2511
AND 55 54
AND 53 52
AND 2513 2514
AND 51 50
AND 49 48
AND 2516 2517
AND 2515 2518
AND 47 46
AND 45 44
AND 2520 2521
AND 43 42
AND 41 40
AND 2523 2524
AND 2522 2525
AND 2519 2526
AND 39 38
AND 37 4
AND 2528 2529
AND 2527 2530
AND 55 54
AND 53 52
AND 2532 2533
AND 51 50
AND 49 48
AND 2535 2536
AND 2534 2537
AND 47 46
AND 45 44
AND 2539 2540
AND 43 42
AND 41 40
AND 2542 2543
AND 2541 2544
AND 2538 2545
AND 39 38
AND 37 36
AND 2547 2548
AND 2549 3
AND 2546 2550
AND 55 54
AND 53 52
AND 2552 2553
AND 51 50
AND 49 48
AND 2555 2556
AND 2554 2557
AND 47 46
AND 45 44
AND 2559 2560
AND 43 42
AND 41 40
AND 2562 2563
AND 2561 2564
AND 2558 2565
AND 39 38
AND 37 36
AND 2567 2568
AND 35 2
AND 2569 2570
AND 2566 2571
AND 55 54
AND 53 52
AND 2573 2574
AND 51 50
AND 49 48
AND 2576 2577
AND 2575 2578
AND 47 46
AND 45 44
AND 2580 2581
AND 43 42
AND 41 40
AND 2583 2584
AND 2582 2585
AND 2579 2586
AND 39 38
AND 37 36
AND 2588 2589
AND 35 34
AND 2591 1
AND 2590 2592
AND 2587 2593
AND 55 54
AND 53 52
AND 2595 2596
AND 51 50
AND 49 48
AND 2598 2599
AND 2597 2600
AND 47 46
AND 45 44
AND 2602 2603
AND 43 42
AND 41 40
AND 2605 2606
AND 2604 2607
AND 2601 2608
AND 39 38
AND 37 36
AND 2610 2611
AND 35 34
AND 33 0
AND 2613 2614
AND 2612 2615
AND 2609 2616
OR 23 2342
OR 2344 2347
OR 2618 2619
OR 2351 2356
OR 2362 2369
OR 2621 2622
OR 2620 2623
OR 2377 2386
OR 2396 2407
OR 2625 2626
OR 2419 2432
OR 2446 2461
OR 2628 2629
OR 2627 2630
OR 2624 2631
OR 2477 2494
OR 2512 2531
OR 2633 2634
OR 2551 2572
OR 2594 2617
OR 2636 2637
OR 2635 2638
OR 2632 2639
AND 56 23
AND 56 55
AND 2642 22
AND 56 55
AND 54 21
AND 2644 2645
AND 56 55
AND 54 53
AND 2647 2648
AND 2649 20
AND 56 55
AND 54 53
AND 2651 2652
AND 52 19
AND 2653 2654
AND 56 55
AND 54 53
AND 2656 2657
AND 52 51
AND 2659 18
AND 2658 2660
AND 56 55
AND 54 53
AND 2662 2663
AND 52 51
AND 50 17
AND 2665 2666
AND 2664 2667
AND 56 55
AND 54 53
AND 2669 2670
AND 52 51
AND 50 49
AND 2672 2673
AND 2671 2674
AND 2675 16
AND 56 55
AND 54 53
AND 2677 2678
AND 52 51
AND 50 49
AND 2680 2681
AND 2679 2682
AND 48 15
AND 2683 2684
AND 56 55
AND 54 53
AND 2686 2687
AND 52 51
AND 50 49
AND 2689 2690
AND 2688 2691
AND 48 47
AND 2693 14
AND 2692 2694
AND 56 55
AND 54 53
AND 2696 2697
AND 52 51
AND 50 49
AND 2699 2700
AND 2698 2701
AND 48 47
AND 46 13
AND 2703 2704
AND 2702 2705
AND 56 55
AND 54 53
AND 2707 2708
AND 52 51
AND 50 49
AND 2710 2711
AND 2709 2712
AND 48 47
AND 46 45
AND 2714 2715
AND 2716 12
AND 2713 2717
AND 56 55
AND 54 53
AND 2719 2720
AND 52 51
AND 50 49
AND 2722 2723
AND 2721 2724
AND 48 47
AND 46 45
AND 2726 2727
AND 44 11
AND 2728 2729
AND 2725 2730
AND 56 55
AND 54 53
AND 2732 2733
AND 52 51
AND 50 49
AND 2735 2736
AND 2734 2737
AND 48 47
AND 46 45
AND 2739 2740
AND 44 43
AND 2742 10
AND 2741 2743
AND 2738 2744
AND 56 55
AND 54 53
AND 2746 2747
AND 52 51
AND 50 49
AND 2749 2750
AND 2748 2751
AND 48 47
AND 46 45
AND 2753 2754
AND 44 43
AND 42 9
AND 2756 2757
AND 2755 2758
AND 2752 2759
AND 56 55
AND 54 53
AND 2761 2762
AND 52 51
AND 50 49
AND 2764 2765
AND 2763 2766
AND 48 47
AND 46 45
AND 2768 2769
AND 44 43
AND 42 41
AND 2771 2772
AND 2770 2773
AND 2767 2774
AND 2775 8
AND 56 55
AND 54 53
AND 2777 2778
AND 52 51
AND 50 49
AND 2780 2781
AND 2779 2782
AND 48 47
AND 46 45
AND 2784 2785
AND 44 43
AND 42 41
AND 2787 2788
AND 2786 2789
AND 2783 2790
AND 40 7
AND 2791 2792
AND 56 55
AND 54 53
AND 2794 2795
AND 52 51
AND 50 49
AND 2797 2798
AND 2796 2799
AND 48 47
AND 46 45
AND 2801 2802
AND 44 43
AND 42 41
AND 2804 2805
AND 2803 2806
AND 2800 2807
AND 40 39
AND 2809 6
AND 2808 2810
AND 56 55
AND 54 53
AND 2812 2813
AND 52 51
AND 50 49
AND 2815 2816
AND 2814 2817
AND 48 47
AND 46 45
AND 2819 2820
AND 44 43
AND 42 41
AND 2822 2823
AND 2821 2824
AND 2818 2825
AND 40 39
AND 38 5
AND 2827 2828
AND 2826 2829
AND 56 55
AND 54 53
AND 2831 2832
AND 52 51
AND 50 49
AND 2834 2835
AND 2833 2836
AND 48 47
AND 46 45
AND 2838 2839
AND 44 43
AND 42 41
AND 2841 2842
AND 2840 2843
AND 2837 2844
AND 40 39
AND 38 37
AND 2846 2847
AND 2848 4
AND 2845 2849
AND 56 55
AND 54 53
AND 2851 2852
AND 52 51
AND 50 49
AND 2854 2855
AND 2853 2856
AND 48 47
AND 46 45
AND 2858 2859
AND 44 43
AND 42 41
AND 2861 2862
AND 2860 2863
AND 2857 2864
AND 40 39
AND 38 37
AND 2866 2867
AND 36 3
AND 2868 2869
AND 2865 2870
AND 56 55
AND 54 53
AND 2872 2873
AND 52 51
AND 50 49
AND 2875 2876
AND 2874 2877
AND 48 47
AND 46 45
AND 2879 2880
AND 44 43
AND 42 41
AND 2882 2883
AND 2881 2884
AND 2878 2885
AND 40 39
AND 38 37
AND 2887 2888
AND 36 35
AND 2890 2
AND 2889 2891
AND 2886 2892
AND 56 55
AND 54 53
AND 2894 2895
AND 52 51
AND 50 49
AND 2897 2898
AND 2896 2899
AND 48 47
AND 46 45
AND 2901 2902
AND 44 43
AND 42 41
AND 2904 2905
AND 2903 2906
AND 2900 2907
AND 40 39
AND 38 37
AND 2909 2910
AND 36 35
AND 34 1
AND 2912 2913
AND 2911 2914
AND 2908 2915
AND 56 55
AND 54 53
AND 2917 2918
AND 52 51
AND 50 49
AND 2920 2921
AND 2919 2922
AND 48 47
AND 46 45
AND 2924 2925
AND 44 43
AND 42 41
AND 2927 2928
AND 2926 2929
AND 2923 2930
AND 40 39
AND 38 37
AND 2932 2933
AND 36 35
AND 34 33
AND 2935 2936
AND 2934 2937
AND 2938 0
AND 2931 2939
OR 24 2641
OR 2643 2646
OR 2941 2942
OR 2650 2655
OR 2661 2668
OR 2944 2945
OR 2943 2946
OR 2676 2685
OR 2695 2706
OR 2948 2949
OR 2718 2731
OR 2745 2760
OR 2951 2952
OR 2950 2953
OR 2947 2954
OR 2776 2793
OR 2811 2830
OR 2956 2957
OR 2850 2871
OR 2893 2916
OR 2959 2960
OR 2958 2961
OR 2962 2940
OR 2955 2963
AND 57 24
AND 57 56
AND 2966 23
AND 57 56
AND 55 22
AND 2968 2969
AND 57 56
AND 55 54
AND 2971 2972
AND 2973 21
AND 57 56
AND 55 54
AND 2975 2976
AND 53 20
AND 2977 2978
AND 57 56
AND 55 54
AND 2980 2981
AND 53 52
AND 2983 19
AND 2982 2984
AND 57 56
AND 55 54
AND 2986 2987
AND 53 52
AND 51 18
AND 2989 2990
AND 2988 2991
AND 57 56
AND 55 54
AND 2993 2994
AND 53 52
AND 51 50
AND 2996 2997
AND 2995 2998
AND 2999 17
AND 57 56
AND 55 54
AND 3001 3002
AND 53 52
AND 51 50
AND 3004 3005
AND 3003 3006
AND 49 16
AND 3007 3008
AND 57 56
AND 55 54
AND 3010 3011
AND 53 52
AND 51 50
AND 3013 3014
AND 3012 3015
AND 49 48
AND 3017 15
AND 3016 3018
AND 57 56
AND 55 54
AND 3020 3021
AND 53 52
AND 51 50
AND 3023 3024
AND 3022 3025
AND 49 48
AND 47 14
AND 3027 3028
AND 3026 3029
AND 57 56
AND 55 54
AND 3031 3032
AND 53 52
AND 51 50
AND 3034 3035
AND 3033 3036
AND 49 48
AND 47 46
AND 3038 3039
AND 3040 13
AND 3037 3041
AND 57 56
AND 55 54
AND 3043 3044
AND 53 52
AND 51 50
AND 3046 3047
AND 3045 3048
AND 49 48
AND 47 46
AND 3050 3051
AND 45 12
AND 3052 3053
AND 3049 3054
AND 57 56
AND 55 54
AND 3056 3057
AND 53 52
AND 51 50
AND 3059 3060
AND 3058 3061
AND 49 48
AND 47 46
AND 3063 3064
AND 45 44
AND 3066 11
AND 3065 3067
AND 3062 3068
AND 57 56
AND 55 54
AND 3070 3071
AND 53 52
AND 51 50
AND 3073 3074
AND 3072 3075
AND 49 48
AND 47 46
AND 3077 3078
AND 45 44
AND 43 10
AND 3080 3081
AND 3079 3082
AND 3076 3083
AND 57 56
AND 55 54
AND 3085 3086
AND 53 52
AND 51 50
AND 3088 3089
AND 3087 3090
AND 49 48
AND 47 46
AND 3092 3093
AND 45 44
AND 43 42
AND 3095 3096
AND 3094 3097
AND 3091 3098
AND 3099 9
AND 57 56
AND 55 54
AND 3101 3102
AND 53 52
AND 51 50
AND 3104 3105
AND 3103 3106
AND 49 48
AND 47 46
AND 3108 3109
AND 45 44
AND 43 42
AND 3111 3112
AND 3110 3113
AND 3107 3114
AND 41 8
AND 3115 3116
AND 57 56
AND 55 54
AND 3118 3119
AND 53 52
AND 51 50
AND 3121 3122
AND 3120 3123
AND 49 48
AND 47 46
AND 3125 3126
AND 45 44
AND 43 42
AND 3128 3129
AND 3127 3130
AND 3124 3131
AND 41 40
AND 3133 7
AND 3132 3134
AND 57 56
AND 55 54
AND 3136 3137
AND 53 52
AND 51 50
AND 3139 3140
AND 3138 3141
AND 49 48
AND 47 46
AND 3143 3144
AND 45 44
AND 43 42
AND 3146 3147
AND 3145 3148
AND 3142 3149
AND 41 40
AND 39 6
AND 3151 3152
AND 3150 3153
AND 57 56
AND 55 54
AND 3155 3156
AND 53 52
AND 51 50
AND 3158 3159
AND 3157 3160
AND 49 48
AND 47 46
AND 3162 3163
AND 45 44
AND 43 42
AND 3165 3166
AND 3164 3167
AND 3161 3168
AND 41 40
AND 39 38
AND 3170 3171
AND 3172 5
AND 3169 3173
AND 57 56
AND 55 54
AND 3175 3176
AND 53 52
AND 51 50
AND 3178 3179
AND 3177 3180
AND 49 48
AND 47 46
AND 3182 3183
AND 45 44
AND 43 42
AND 3185 3186
AND 3184 3187
AND 3181 3188
AND 41 40
AND 39 38
AND 3190 3191
AND 37 4
AND 3192 3193
AND 3189 3194
AND 57 56
AND 55 54
AND 3196 3197
AND 53 52
AND 51 50
AND 3199 3200
AND 3198 3201
AND 49 48
AND 47 46
AND 3203 3204
AND 45 44
AND 43 42
AND 3206 3207
AND 3205 3208
AND 3202 3209
AND 41 40
AND 39 38
AND 3211 3212
AND 37 36
AND 3214 3
AND 3213 3215
AND 3210 3216
AND 57 56
AND 55 54
AND 3218 3219
AND 53 52
AND 51 50
AND 3221 3222
AND 3220 3223
AND 49 48
AND 47 46
AND 3225 3226
AND 45 44
AND 43 42
AND 3228 3229
AND 3227 3230
AND 3224 3231
AND 41 40
AND 39 38
AND 3233 3234
AND 37 36
AND 35 2
AND 3236 3237
AND 3235 3238
AND 3232 3239
AND 57 56
AND 55 54
AND 3241 3242
AND 53 52
AND 51 50
AND 3244 3245
AND 3243 3246
AND 49 48
AND 47 46
AND 3248 3249
AND 45 44
AND 43 42
AND 3251 3252
AND 3250 3253
AND 3247 3254
AND 41 40
AND 39 38
AND 3256 3257
AND 37 36
AND 35 34
AND 3259 3260
AND 3258 3261
AND 3262 1
AND 3255 3263
AND 57 56
AND 55 54
AND 3265 3266
AND 53 52
AND 51 50
AND 3268 3269
AND 3267 3270
AND 49 48
AND 47 46
AND 3272 3273
AND 45 44
AND 43 42
AND 3275 3276
AND 3274 3277
AND 3271 3278
AND 41 40
AND 39 38
AND 3280 3281
AND 37 36
AND 35 34
AND 3283 3284
AND 3282 3285
AND 33 0
AND 3286 3287
AND 3279 3288
OR 25 2965
OR 2967 2970
OR 3290 3291
OR 2974 2979
OR 2985 2992
OR 3293 3294
OR 3292 3295
OR 3000 3009
OR 3019 3030
OR 3297 3298
OR 3042 3055
OR 3069 3084
OR 3300 3301
OR 3299 3302
OR 3296 3303
OR 3100 3117
OR 3135 3154
OR 3305 3306
OR 3174 3195
OR 3217 3240
OR 3308 3309
OR 3307 3310
OR 3264 3289
OR 3311 3312
OR 3304 3313
AND 58 25
AND 58 57
AND 3316 24
AND 58 57
AND 56 23
AND 3318 3319
AND 58 57
AND 56 55
AND 3321 3322
AND 3323 22
AND 58 57
AND 56 55
AND 3325 3326
AND 54 21
AND 3327 3328
AND 58 57
AND 56 55
AND 3330 3331
AND 54 53
AND 3333 20
AND 3332 3334
AND 58 57
AND 56 55
AND 3336 3337
AND 54 53
AND 52 19
AND 3339 3340
AND 3338 3341
AND 58 57
AND 56 55
AND 3343 3344
AND 54 53
AND 52 51
AND 3346 3347
AND 3345 3348
AND 3349 18
AND 58 57
AND 56 55
AND 3351 3352
AND 54 53
AND 52 51
AND 3354 3355
AND 3353 3356
AND 50 17
AND 3357 3358
AND 58 57
AND 56 55
AND 3360 3361
AND 54 53
AND 52 51
AND 3363 3364
AND 3362 3365
AND 50 49
AND 3367 16
AND 3366 3368
AND 58 57
AND 56 55
AND 3370 3371
AND 54 53
AND 52 51
AND 3373 3374
AND 3372 3375
AND 50 49
AND 48 15
AND 3377 3378
AND 3376 3379
AND 58 57
AND 56 55
AND 3381 3382
AND 54 53
AND 52 51
AND 3384 3385
AND 3383 3386
AND 50 49
AND 48 47
AND 3388 3389
AND 3390 14
AND 3387 3391
AND 58 57
AND 56 55
AND 3393 3394
AND 54 53
AND 52 51
AND 3396 3397
AND 3395 3398
AND 50 49
AND 48 47
AND 3400 3401
AND 46 13
AND 3402 3403
AND 3399 3404
AND 58 57
AND 56 55
AND 3406 3407
AND 54 53
AND 52 51
AND 3409 3410
AND 3408 3411
AND 50 49
AND 48 47
AND 3413 3414
AND 46 45
AND 3416 12
AND 3415 3417
AND 3412 3418
AND 58 57
AND 56 55
AND 3420 3421
AND 54 53
AND 52 51
AND 3423 3424
AND 3422 3425
AND 50 49
AND 48 47
AND 3427 3428
AND 46 45
AND 44 11
AND 3430 3431
AND 3429 3432
AND 3426 3433
AND 58 57
AND 56 55
AND 3435 3436
AND 54 53
AND 52 51
AND 3438 3439
AND 3437 3440
AND 50 49
AND 48 47
AND 3442 3443
AND 46 45
AND 44 43
AND 3445 3446
AND 3444 3447
AND 3441 3448
AND 3449 10
AND 58 57
AND 56 55
AND 3451 3452
AND 54 53
AND 52 51
AND 3454 3455
AND 3453 3456
AND 50 49
AND 48 47
AND 3458 3459
AND 46 45
AND 44 43
AND 3461 3462
AND 3460 3463
AND 3457 3464
AND 42 9
AND 3465 3466
AND 58 57
AND 56 55
AND 3468 3469
AND 54 53
AND 52 51
AND 3471 3472
AND 3470 3473
AND 50 49
AND 48 47
AND 3475 3476
AND 46 45
AND 44 43
AND 3478 3479
AND 3477 3480
AND 3474 3481
AND 42 41
AND 3483 8
AND 3482 3484
AND 58 57
AND 56 55
AND 3486 3487
AND 54 53
AND 52 51
AND 3489 3490
AND 3488 3491
AND 50 49
AND 48 47
AND 3493 3494
AND 46 45
AND 44 43
AND 3496 3497
AND 3495 3498
AND 3492 3499
AND 42 41
AND 40 7
AND 3501 3502
AND 3500 3503
AND 58 57
AND 56 55
AND 3505 3506
AND 54 53
AND 52 51
AND 3508 3509
AND 3507 3510
AND 50 49
AND 48 47
AND 3512 3513
AND 46 45
AND 44 43
AND 3515 3516
AND 3514 3517
AND 3511 3518
AND 42 41
AND 40 39
AND 3520 3521
AND 3522 6
AND 3519 3523
AND 58 57
AND 56 55
AND 3525 3526
AND 54 53
AND 52 51
AND 3528 3529
AND 3527 3530
AND 50 49
AND 48 47
AND 3532 3533
AND 46 45
AND 44 43
AND 3535 3536
AND 3534 3537
AND 3531 3538
AND 42 41
AND 40 39
AND 3540 3541
AND 38 5
AND 3542 3543
AND 3539 3544
AND 58 57
AND 56 55
AND 3546 3547
AND 54 53
AND 52 51
AND 3549 3550
AND 3548 3551
AND 50 49
AND 48 47
AND 3553 3554
AND 46 45
AND 44 43
AND 3556 3557
AND 3555 3558
AND 3552 3559
AND 42 41
AND 40 39
AND 3561 3562
AND 38 37
AND 3564 4
AND 3563 3565
AND 3560 3566
AND 58 57
AND 56 55
AND 3568 3569
AND 54 53
AND 52 51
AND 3571 3572
AND 3570 3573
AND 50 49
AND 48 47
AND 3575 3576
AND 46 45
AND 44 43
AND 3578 3579
AND 3577 3580
AND 3574 3581
AND 42 41
AND 40 39
AND 3583 3584
AND 38 37
AND 36 3
AND 3586 3587
AND 3585 3588
AND 3582 3589
AND 58 57
AND 56 55
AND 3591 3592
AND 54 53
AND 52 51
AND 3594 3595
AND 3593 3596
AND 50 49
AND 48 47
AND 3598 3599
AND 46 45
AND 44 43
AND 3601 3602
AND 3600 3603
AND 3597 3604
AND 42 41
AND 40 39
AND 3606 3607
AND 38 37
AND 36 35
AND 3609 3610
AND 3608 3611
AND 3612 2
AND 3605 3613
AND 58 57
AND 56 55
AND 3615 3616
AND 54 53
AND 52 51
AND 3618 3619
AND 3617 3620
AND 50 49
AND 48 47
AND 3622 3623
AND 46 45
AND 44 43
AND 3625 3626
AND 3624 3627
AND 3621 3628
AND 42 41
AND 40 39
AND 3630 3631
AND 38 37
AND 36 35
AND 3633 3634
AND 3632 3635
AND 34 1
AND 3636 3637
AND 3629 3638
AND 58 57
AND 56 55
AND 3640 3641
AND 54 53
AND 52 51
AND 3643 3644
AND 3642 3645
AND 50 49
AND 48 47
AND 3647 3648
AND 46 45
AND 44 43
AND 3650 3651
AND 3649 3652
AND 3646 3653
AND 42 41
AND 40 39
AND 3655 3656
AND 38 37
AND 36 35
AND 3658 3659
AND 3657 3660
AND 34 33
AND 3662 0
AND 3661 3663
AND 3654 3664
OR 26 3315
OR 3317 3320
OR 3666 3667
OR 3324 3329
OR 3335 3342
OR 3669 3670
OR 3668 3671
OR 3350 3359
OR 3369 3380
OR 3673 3674
OR 3392 3405
OR 3419 3434
OR 3676 3677
OR 3675 3678
OR 3672 3679
OR 3450 3467
OR 3485 3504
OR 3681 3682
OR 3524 3545
OR 3567 3590
OR 3684 3685
OR 3683 3686
OR 3614 3639
OR 3688 3665
OR 3687 3689
OR 3680 3690
AND 59 26
AND 59 58
AND 3693 25
AND 59 58
AND 57 24
AND 3695 3696
AND 59 58
AND 57 56
AND 3698 3699
AND 3700 23
AND 59 58
AND 57 56
AND 3702 3703
AND 55 22
AND 3704 3705
AND 59 58
AND 57 56
AND 3707 3708
AND 55 54
AND 3710 21
AND 3709 3711
AND 59 58
AND 57 56
AND 3713 3714
AND 55 54
AND 53 20
AND 3716 3717
AND 3715 3718
AND 59 58
AND 57 56
AND 3720 3721
AND 55 54
AND 53 52
AND 3723 3724
AND 3722 3725
AND 3726 19
AND 59 58
AND 57 56
AND 3728 3729
AND 55 54
AND 53 52
AND 3731 3732
AND 3730 3733
AND 51 18
AND 3734 3735
AND 59 58
AND 57 56
AND 3737 3738
AND 55 54
AND 53 52
AND 3740 3741
AND 3739 3742
AND 51 50
AND 3744 17
AND 3743 3745
AND 59 58
AND 57 56
AND 3747 3748
AND 55 54
AND 53 52
AND 3750 3751
AND 3749 3752
AND 51 50
AND 49 16
AND 3754 3755
AND 3753 3756
AND 59 58
AND 57 56
AND 3758 3759
AND 55 54
AND 53 52
AND 3761 3762
AND 3760 3763
AND 51 50
AND 49 48
AND 3765 3766
AND 3767 15
AND 3764 3768
AND 59 58
AND 57 56
AND 3770 3771
AND 55 54
AND 53 52
AND 3773 3774
AND 3772 3775
AND 51 50
AND 49 48
AND 3777 3778
AND 47 14
AND 3779 3780
AND 3776 3781
AND 59 58
AND 57 56
AND 3783 3784
AND 55 54
AND 53 52
AND 3786 3787
AND 3785 3788
AND 51 50
AND 49 48
AND 3790 3791
AND 47 46
AND 3793 13
AND 3792 3794
AND 3789 3795
AND 59 58
AND 57 56
AND 3797 3798
AND 55 54
AND 53 52
AND 3800 3801
AND 3799 3802
AND 51 50
AND 49 48
AND 3804 3805
AND 47 46
AND 45 12
AND 3807 3808
AND 3806 3809
AND 3803 3810
AND 59 58
AND 57 56
AND 3812 3813
AND 55 54
AND 53 52
AND 3815 3816
AND 3814 3817
AND 51 50
AND 49 48
AND 3819 3820
AND 47 46
AND 45 44
AND 3822 3823
AND 3821 3824
AND 3818 3825
AND 3826 11
AND 59 58
AND 57 56
AND 3828 3829
AND 55 54
AND 53 52
AND 3831 3832
AND 3830 3833
AND 51 50
AND 49 48
AND 3835 3836
AND 47 46
AND 45 44
AND 3838 3839
AND 3837 3840
AND 3834 3841
AND 43 10
AND 3842 3843
AND 59 58
AND 57 56
AND 3845 3846
AND 55 54
AND 53 52
AND 3848 3849
AND 3847 3850
AND 51 50
AND 49 48
AND 3852 3853
AND 47 46
AND 45 44
AND 3855 3856
AND 3854 3857
AND 3851 3858
AND 43 42
AND 3860 9
AND 3859 3861
AND 59 58
AND 57 56
AND 3863 3864
AND 55 54
AND 53 52
AND 3866 3867
AND 3865 3868
AND 51 50
AND 49 48
AND 3870 3871
AND 47 46
AND 45 44
AND 3873 3874
AND 3872 3875
AND 3869 3876
AND 43 42
AND 41 8
AND 3878 3879
AND 3877 3880
AND 59 58
AND 57 56
AND 3882 3883
AND 55 54
AND 53 52
AND 3885 3886
AND 3884 3887
AND 51 50
AND 49 48
AND 3889 3890
AND 47 46
AND 45 44
AND 3892 3893
AND 3891 3894
AND 3888 3895
AND 43 42
AND 41 40
AND 3897 3898
AND 3899 7
AND 3896 3900
AND 59 58
AND 57 56
AND 3902 3903
AND 55 54
AND 53 52
AND 3905 3906
AND 3904 3907
AND 51 50
AND 49 48
AND 3909 3910
AND 47 46
AND 45 44
AND 3912 3913
AND 3911 3914
AND 3908 3915
AND 43 42
AND 41 40
AND 3917 3918
AND 39 6
AND 3919 3920
AND 3916 3921
AND 59 58
AND 57 56
AND 3923 3924
AND 55 54
AND 53 52
AND 3926 3927
AND 3925 3928
AND 51 50
AND 49 48
AND 3930 3931
AND 47 46
AND 45 44
AND 3933 3934
AND 3932 3935
AND 3929 3936
AND 43 42
AND 41 40
AND 3938 3939
AND 39 38
AND 3941 5
AND 3940 3942
AND 3937 3943
AND 59 58
AND 57 56
AND 3945 3946
AND 55 54
AND 53 52
AND 3948 3949
AND 3947 3950
AND 51 50
AND 49 48
AND 3952 3953
AND 47 46
AND 45 44
AND 3955 3956
AND 3954 3957
AND 3951 3958
AND 43 42
AND 41 40
AND 3960 3961
AND 39 38
AND 37 4
AND 3963 3964
AND 3962 3965
AND 3959 3966
AND 59 58
AND 57 56
AND 3968 3969
AND 55 54
AND 53 52
AND 3971 3972
AND 3970 3973
AND 51 50
AND 49 48
AND 3975 3976
AND 47 46
AND 45 44
AND 3978 3979
AND 3977 3980
AND 3974 3981
AND 43 42
AND 41 40
AND 3983 3984
AND 39 38
AND 37 36
AND 3986 3987
AND 3985 3988
AND 3989 3
AND 3982 3990
AND 59 58
AND 57 56
AND 3992 3993
AND 55 54
AND 53 52
AND 3995 3996
AND 3994 3997
AND 51 50
AND 49 48
AND 3999 4000
AND 47 46
AND 45 44
AND 4002 4003
AND 4001 4004
AND 3998 4005
AND 43 42
AND 41 40
AND 4007 4008
AND 39 38
AND 37 36
AND 4010 4011
AND 4009 4012
AND 35 2
AND 4013 4014
AND 4006 4015
AND 59 58
AND 57 56
AND 4017 4018
AND 55 54
AND 53 52
AND 4020 4021
AND 4019 4022
AND 51 50
AND 49 48
AND 4024 4025
AND 47 46
AND 45 44
AND 4027 4028
AND 4026 4029
AND 4023 4030
AND 43 42
AND 41 40
AND 4032 4033
AND 39 38
AND 37 36
AND 4035 4036
AND 4034 4037
AND 35 34
AND 4039 1
AND 4038 4040
AND 4031 4041
AND 59 58
AND 57 56
AND 4043 4044
AND 55 54
AND 53 52
AND 4046 4047
AND 4045 4048
AND 51 50
AND 49 48
AND 4050 4051
AND 47 46
AND 45 44
AND 4053 4054
AND 4052 4055
AND 4049 4056
AND 43 42
AND 41 40
AND 4058 4059
AND 39 38
AND 37 36
AND 4061 4062
AND 4060 4063
AND 35 34
AND 33 0
AND 4065 4066
AND 4064 4067
AND 4057 4068
OR 27 3692
OR 3694 3697
OR 4070 4071
OR 3701 3706
OR 3712 3719
OR 4073 4074
OR 4072 4075
OR 3727 3736
OR 3746 3757
OR 4077 4078
OR 3769 3782
OR 3796 3811
OR 4080 4081
OR 4079 4082
OR 4076 4083
OR 3827 3844
OR 3862 3881
OR 4085 4086
OR 3901 3922
OR 3944 3967
OR 4088 4089
OR 4087 4090
OR 3991 4016
OR 4042 4069
OR 4092 4093
OR 4091 4094
OR 4084 4095
AND 60 27
AND 60 59
AND 4098 26
AND 60 59
AND 58 25
AND 4100 4101
AND 60 59
AND 58 57
AND 4103 4104
AND 4105 24
AND 60 59
AND 58 57
AND 4107 4108
AND 56 23
AND 4109 4110
AND 60 59
AND 58 57
AND 4112 4113
AND 56 55
AND 4115 22
AND 4114 4116
AND 60 59
AND 58 57
AND 4118 4119
AND 56 55
AND 54 21
AND 4121 4122
AND 4120 4123
AND 60 59
AND 58 57
AND 4125 4126
AND 56 55
AND 54 53
AND 4128 4129
AND 4127 4130
AND 4131 20
AND 60 59
AND 58 57
AND 4133 4134
AND 56 55
AND 54 53
AND 4136 4137
AND 4135 4138
AND 52 19
AND 4139 4140
AND 60 59
AND 58 57
AND 4142 4143
AND 56 55
AND 54 53
AND 4145 4146
AND 4144 4147
AND 52 51
AND 4149 18
AND 4148 4150
AND 60 59
AND 58 57
AND 4152 4153
AND 56 55
AND 54 53
AND 4155 4156
AND 4154 4157
AND 52 51
AND 50 17
AND 4159 4160
AND 4158 4161
AND 60 59
AND 58 57
AND 4163 4164
AND 56 55
AND 54 53
AND 4166 4167
AND 4165 4168
AND 52 51
AND 50 49
AND 4170 4171
AND 4172 16
AND 4169 4173
AND 60 59
AND 58 57
AND 4175 4176
AND 56 55
AND 54 53
AND 4178 4179
AND 4177 4180
AND 52 51
AND 50 49
AND 4182 4183
AND 48 15
AND 4184 4185
AND 4181 4186
AND 60 59
AND 58 57
AND 4188 4189
AND 56 55
AND 54 53
AND 4191 4192
AND 4190 4193
AND 52 51
AND 50 49
AND 4195 4196
AND 48 47
AND 4198 14
AND 4197 4199
AND 4194 4200
AND 60 59
AND 58 57
AND 4202 4203
AND 56 55
AND 54 53
AND 4205 4206
AND 4204 4207
AND 52 51
AND 50 49
AND 4209 4210
AND 48 47
AND 46 13
AND 4212 4213
AND 4211 4214
AND 4208 4215
AND 60 59
AND 58 57
AND 4217 4218
AND 56 55
AND 54 53
AND 4220 4221
AND 4219 4222
AND 52 51
AND 50 49
AND 4224 4225
AND 48 47
AND 46 45
AND 4227 4228
AND 4226 4229
AND 4223 4230
AND 4231 12
AND 60 59
AND 58 57
AND 4233 4234
AND 56 55
AND 54 53
AND 4236 4237
AND 4235 4238
AND 52 51
AND 50 49
AND 4240 4241
AND 48 47
AND 46 45
AND 4243 4244
AND 4242 4245
AND 4239 4246
AND 44 11
AND 4247 4248
AND 60 59
AND 58 57
AND 4250 4251
AND 56 55
AND 54 53
AND 4253 4254
AND 4252 4255
AND 52 51
AND 50 49
AND 4257 4258
AND 48 47
AND 46 45
AND 4260 4261
AND 4259 4262
AND 4256 4263
AND 44 43
AND 4265 10
AND 4264 4266
AND 60 59
AND 58 57
AND 4268 4269
AND 56 55
AND 54 53
AND 4271 4272
AND 4270 4273
AND 52 51
AND 50 49
AND 4275 4276
AND 48 47
AND 46 45
AND 4278 4279
AND 4277 4280
AND 4274 4281
AND 44 43
AND 42 9
AND 4283 4284
AND 4282 4285
AND 60 59
AND 58 57
AND 4287 4288
AND 56 55
AND 54 53
AND 4290 4291
AND 4289 4292
AND 52 51
AND 50 49
AND 4294 4295
AND 48 47
AND 46 45
AND 4297 4298
AND 4296 4299
AND 4293 4300
AND 44 43
AND 42 41
AND 4302 4303
AND 4304 8
AND 4301 4305
AND 60 59
AND 58 57
AND 4307 4308
AND 56 55
AND 54 53
AND 4310 4311
AND 4309 4312
AND 52 51
AND 50 49
AND 4314 4315
AND 48 47
AND 46 45
AND 4317 4318
AND 4316 4319
AND 4313 4320
AND 44 43
AND 42 41
AND 4322 4323
AND 40 7
AND 4324 4325
AND 4321 4326
AND 60 59
AND 58 57
AND 4328 4329
AND 56 55
AND 54 53
AND 4331 4332
AND 4330 4333
AND 52 51
AND 50 49
AND 4335 4336
AND 48 47
AND 46 45
AND 4338 4339
AND 4337 4340
AND 4334 4341
AND 44 43
AND 42 41
AND 4343 4344
AND 40 39
AND 4346 6
AND 4345 4347
AND 4342 4348
AND 60 59
AND 58 57
AND 4350 4351
AND 56 55
AND 54 53
AND 4353 4354
AND 4352 4355
AND 52 51
AND 50 49
AND 4357 4358
AND 48 47
AND 46 45
AND 4360 4361
AND 4359 4362
AND 4356 4363
AND 44 43
AND 42 41
AND 4365 4366
AND 40 39
AND 38 5
AND 4368 4369
AND 4367 4370
AND 4364 4371
AND 60 59
AND 58 57
AND 4373 4374
AND 56 55
AND 54 53
AND 4376 4377
AND 4375 4378
AND 52 51
AND 50 49
AND 4380 4381
AND 48 47
AND 46 45
AND 4383 4384
AND 4382 4385
AND 4379 4386
AND 44 43
AND 42 41
AND 4388 4389
AND 40 39
AND 38 37
AND 4391 4392
AND 4390 4393
AND 4394 4
AND 4387 4395
AND 60 59
AND 58 57
AND 4397 4398
AND 56 55
AND 54 53
AND 4400 4401
AND 4399 4402
AND 52 51
AND 50 49
AND 4404 4405
AND 48 47
AND 46 45
AND 4407 4408
AND 4406 4409
AND 4403 4410
AND 44 43
AND 42 41
AND 4412 4413
AND 40 39
AND 38 37
AND 4415 4416
AND 4414 4417
AND 36 3
AND 4418 4419
AND 4411 4420
AND 60 59
AND 58 57
AND 4422 4423
AND 56 55
AND 54 53
AND 4425 4426
AND 4424 4427
AND 52 51
AND 50 49
AND 4429 4430
AND 48 47
AND 46 45
AND 4432 4433
AND 4431 4434
AND 4428 4435
AND 44 43
AND 42 41
AND 4437 4438
AND 40 39
AND 38 37
AND 4440 4441
AND 4439 4442
AND 36 35
AND 4444 2
AND 4443 4445
AND 4436 4446
AND 60 59
AND 58 57
AND 4448 4449
AND 56 55
AND 54 53
AND 4451 4452
AND 4450 4453
AND 52 51
AND 50 49
AND 4455 4456
AND 48 47
AND 46 45
AND 4458 4459
AND 4457 4460
AND 4454 4461
AND 44 43
AND 42 41
AND 4463 4464
AND 40 39
AND 38 37
AND 4466 4467
AND 4465 4468
AND 36 35
AND 34 1
AND 4470 4471
AND 4469 4472
AND 4462 4473
AND 60 59
AND 58 57
AND 4475 4476
AND 56 55
AND 54 53
AND 4478 4479
AND 4477 4480
AND 52 51
AND 50 49
AND 4482 4483
AND 48 47
AND 46 45
AND 4485 4486
AND 4484 4487
AND 4481 4488
AND 44 43
AND 42 41
AND 4490 4491
AND 40 39
AND 38 37
AND 4493 4494
AND 4492 4495
AND 36 35
AND 34 33
AND 4497 4498
AND 4499 0
AND 4496 4500
AND 4489 4501
OR 28 4097
OR 4099 4102
OR 4503 4504
OR 4106 4111
OR 4117 4124
OR 4506 4507
OR 4505 4508
OR 4132 4141
OR 4151 4162
OR 4510 4511
OR 4174 4187
OR 4201 4216
OR 4513 4514
OR 4512 4515
OR 4509 4516
OR 4232 4249
OR 4267 4286
OR 4518 4519
OR 4306 4327
OR 4349 4372
OR 4521 4522
OR 4520 4523
OR 4396 4421
OR 4447 4474
OR 4525 4526
OR 4527 4502
OR 4524 4528
OR 4517 4529
AND 61 28
AND 61 60
AND 4532 27
AND 61 60
AND 59 26
AND 4534 4535
AND 61 60
AND 59 58
AND 4537 4538
AND 4539 25
AND 61 60
AND 59 58
AND 4541 4542
AND 57 24
AND 4543 4544
AND 61 60
AND 59 58
AND 4546 4547
AND 57 56
AND 4549 23
AND 4548 4550
AND 61 60
AND 59 58
AND 4552 4553
AND 57 56
AND 55 22
AND 4555 4556
AND 4554 4557
AND 61 60
AND 59 58
AND 4559 4560
AND 57 56
AND 55 54
AND 4562 4563
AND 4561 4564
AND 4565 21
AND 61 60
AND 59 58
AND 4567 4568
AND 57 56
AND 55 54
AND 4570 4571
AND 4569 4572
AND 53 20
AND 4573 4574
AND 61 60
AND 59 58
AND 4576 4577
AND 57 56
AND 55 54
AND 4579 4580
AND 4578 4581
AND 53 52
AND 4583 19
AND 4582 4584
AND 61 60
AND 59 58
AND 4586 4587
AND 57 56
AND 55 54
AND 4589 4590
AND 4588 4591
AND 53 52
AND 51 18
AND 4593 4594
AND 4592 4595
AND 61 60
AND 59 58
AND 4597 4598
AND 57 56
AND 55 54
AND 4600 4601
AND 4599 4602
AND 53 52
AND 51 50
AND 4604 4605
AND 4606 17
AND 4603 4607
AND 61 60
AND 59 58
AND 4609 4610
AND 57 56
AND 55 54
AND 4612 4613
AND 4611 4614
AND 53 52
AND 51 50
AND 4616 4617
AND 49 16
AND 4618 4619
AND 4615 4620
AND 61 60
AND 59 58
AND 4622 4623
AND 57 56
AND 55 54
AND 4625 4626
AND 4624 4627
AND 53 52
AND 51 50
AND 4629 4630
AND 49 48
AND 4632 15
AND 4631 4633
AND 4628 4634
AND 61 60
AND 59 58
AND 4636 4637
AND 57 56
AND 55 54
AND 4639 4640
AND 4638 4641
AND 53 52
AND 51 50
AND 4643 4644
AND 49 48
AND 47 14
AND 4646 4647
AND 4645 4648
AND 4642 4649
AND 61 60
AND 59 58
AND 4651 4652
AND 57 56
AND 55 54
AND 4654 4655
AND 4653 4656
AND 53 52
AND 51 50
AND 4658 4659
AND 49 48
AND 47 46
AND 4661 4662
AND 4660 4663
AND 4657 4664
AND 4665 13
AND 61 60
AND 59 58
AND 4667 4668
AND 57 56
AND 55 54
AND 4670 4671
AND 4669 4672
AND 53 52
AND 51 50
AND 4674 4675
AND 49 48
AND 47 46
AND 4677 4678
AND 4676 4679
AND 4673 4680
AND 45 12
AND 4681 4682
AND 61 60
AND 59 58
AND 4684 4685
AND 57 56
AND 55 54
AND 4687 4688
AND 4686 4689
AND 53 52
AND 51 50
AND 4691 4692
AND 49 48
AND 47 46
AND 4694 4695
AND 4693 4696
AND 4690 4697
AND 45 44
AND 4699 11
AND 4698 4700
AND 61 60
AND 59 58
AND 4702 4703
AND 57 56
AND 55 54
AND 4705 4706
AND 4704 4707
AND 53 52
AND 51 50
AND 4709 4710
AND 49 48
AND 47 46
AND 4712 4713
AND 4711 4714
AND 4708 4715
AND 45 44
AND 43 10
AND 4717 4718
AND 4716 4719
AND 61 60
AND 59 58
AND 4721 4722
AND 57 56
AND 55 54
AND 4724 4725
AND 4723 4726
AND 53 52
AND 51 50
AND 4728 4729
AND 49 48
AND 47 46
AND 4731 4732
AND 4730 4733
AND 4727 4734
AND 45 44
AND 43 42
AND 4736 4737
AND 4738 9
AND 4735 4739
AND 61 60
AND 59 58
AND 4741 4742
AND 57 56
AND 55 54
AND 4744 4745
AND 4743 4746
AND 53 52
AND 51 50
AND 4748 4749
AND 49 48
AND 47 46
AND 4751 4752
AND 4750 4753
AND 4747 4754
AND 45 44
AND 43 42
AND 4756 4757
AND 41 8
AND 4758 4759
AND 4755 4760
AND 61 60
AND 59 58
AND 4762 4763
AND 57 56
AND 55 54
AND 4765 4766
AND 4764 4767
AND 53 52
AND 51 50
AND 4769 4770
AND 49 48
AND 47 46
AND 4772 4773
AND 4771 4774
AND 4768 4775
AND 45 44
AND 43 42
AND 4777 4778
AND 41 40
AND 4780 7
AND 4779 4781
AND 4776 4782
AND 61 60
AND 59 58
AND 4784 4785
AND 57 56
AND 55 54
AND 4787 4788
AND 4786 4789
AND 53 52
AND 51 50
AND 4791 4792
AND 49 48
AND 47 46
AND 4794 4795
AND 4793 4796
AND 4790 4797
AND 45 44
AND 43 42
AND 4799 4800
AND 41 40
AND 39 6
AND 4802 4803
AND 4801 4804
AND 4798 4805
AND 61 60
AND 59 58
AND 4807 4808
AND 57 56
AND 55 54
AND 4810 4811
AND 4809 4812
AND 53 52
AND 51 50
AND 4814 4815
AND 49 48
AND 47 46
AND 4817 4818
AND 4816 4819
AND 4813 4820
AND 45 44
AND 43 42
AND 4822 4823
AND 41 40
AND 39 38
AND 4825 4826
AND 4824 4827
AND 4828 5
AND 4821 4829
AND 61 60
AND 59 58
AND 4831 4832
AND 57 56
AND 55 54
AND 4834 4835
AND 4833 4836
AND 53 52
AND 51 50
AND 4838 4839
AND 49 48
AND 47 46
AND 4841 4842
AND 4840 4843
AND 4837 4844
AND 45 44
AND 43 42
AND 4846 4847
AND 41 40
AND 39 38
AND 4849 4850
AND 4848 4851
AND 37 4
AND 4852 4853
AND 4845 4854
AND 61 60
AND 59 58
AND 4856 4857
AND 57 56
AND 55 54
AND 4859 4860
AND 4858 4861
AND 53 52
AND 51 50
AND 4863 4864
AND 49 48
AND 47 46
AND 4866 4867
AND 4865 4868
AND 4862 4869
AND 45 44
AND 43 42
AND 4871 4872
AND 41 40
AND 39 38
AND 4874 4875
AND 4873 4876
AND 37 36
AND 4878 3
AND 4877 4879
AND 4870 4880
AND 61 60
AND 59 58
AND 4882 4883
AND 57 56
AND 55 54
AND 4885 4886
AND 4884 4887
AND 53 52
AND 51 50
AND 4889 4890
AND 49 48
AND 47 46
AND 4892 4893
AND 4891 4894
AND 4888 4895
AND 45 44
AND 43 42
AND 4897 4898
AND 41 40
AND 39 38
AND 4900 4901
AND 4899 4902
AND 37 36
AND 35 2
AND 4904 4905
AND 4903 4906
AND 4896 4907
AND 61 60
AND 59 58
AND 4909 4910
AND 57 56
AND 55 54
AND 4912 4913
AND 4911 4914
AND 53 52
AND 51 50
AND 4916 4917
AND 49 48
AND 47 46
AND 4919 4920
AND 4918 4921
AND 4915 4922
AND 45 44
AND 43 42
AND 4924 4925
AND 41 40
AND 39 38
AND 4927 4928
AND 4926 4929
AND 37 36
AND 35 34
AND 4931 4932
AND 4933 1
AND 4930 4934
AND 4923 4935
AND 61 60
AND 59 58
AND 4937 4938
AND 57 56
AND 55 54
AND 4940 4941
AND 4939 4942
AND 53 52
AND 51 50
AND 4944 4945
AND 49 48
AND 47 46
AND 4947 4948
AND 4946 4949
AND 4943 4950
AND 45 44
AND 43 42
AND 4952 4953
AND 41 40
AND 39 38
AND 4955 4956
AND 4954 4957
AND 37 36
AND 35 34
AND 4959 4960
AND 33 0
AND 4961 4962
AND 4958 4963
AND 4951 4964
OR 29 4531
OR 4533 4536
OR 4966 4967
OR 4540 4545
OR 4551 4558
OR 4969 4970
OR 4968 4971
OR 4566 4575
OR 4585 4596
OR 4973 4974
OR 4608 4621
OR 4635 4650
OR 4976 4977
OR 4975 4978
OR 4972 4979
OR 4666 4683
OR 4701 4720
OR 4981 4982
OR 4740 4761
OR 4783 4806
OR 4984 4985
OR 4983 4986
OR 4830 4855
OR 4881 4908
OR 4988 4989
OR 4936 4965
OR 4990 4991
OR 4987 4992
OR 4980 4993
AND 62 29
AND 62 61
AND 4996 28
AND 62 61
AND 60 27
AND 4998 4999
AND 62 61
AND 60 59
AND 5001 5002
AND 5003 26
AND 62 61
AND 60 59
AND 5005 5006
AND 58 25
AND 5007 5008
AND 62 61
AND 60 59
AND 5010 5011
AND 58 57
AND 5013 24
AND 5012 5014
AND 62 61
AND 60 59
AND 5016 5017
AND 58 57
AND 56 23
AND 5019 5020
AND 5018 5021
AND 62 61
AND 60 59
AND 5023 5024
AND 58 57
AND 56 55
AND 5026 5027
AND 5025 5028
AND 5029 22
AND 62 61
AND 60 59
AND 5031 5032
AND 58 57
AND 56 55
AND 5034 5035
AND 5033 5036
AND 54 21
AND 5037 5038
AND 62 61
AND 60 59
AND 5040 5041
AND 58 57
AND 56 55
AND 5043 5044
AND 5042 5045
AND 54 53
AND 5047 20
AND 5046 5048
AND 62 61
AND 60 59
AND 5050 5051
AND 58 57
AND 56 55
AND 5053 5054
AND 5052 5055
AND 54 53
AND 52 19
AND 5057 5058
AND 5056 5059
AND 62 61
AND 60 59
AND 5061 5062
AND 58 57
AND 56 55
AND 5064 5065
AND 5063 5066
AND 54 53
AND 52 51
AND 5068 5069
AND 5070 18
AND 5067 5071
AND 62 61
AND 60 59
AND 5073 5074
AND 58 57
AND 56 55
AND 5076 5077
AND 5075 5078
AND 54 53
AND 52 51
AND 5080 5081
AND 50 17
AND 5082 5083
AND 5079 5084
AND 62 61
AND 60 59
AND 5086 5087
AND 58 57
AND 56 55
AND 5089 5090
AND 5088 5091
AND 54 53
AND 52 51
AND 5093 5094
AND 50 49
AND 5096 16
AND 5095 5097
AND 5092 5098
AND 62 61
AND 60 59
AND 5100 5101
AND 58 57
AND 56 55
AND 5103 5104
AND 5102 5105
AND 54 53
AND 52 51
AND 5107 5108
AND 50 49
AND 48 15
AND 5110 5111
AND 5109 5112
AND 5106 5113
AND 62 61
AND 60 59
AND 5115 5116
AND 58 57
AND 56 55
AND 5118 5119
AND 5117 5120
AND 54 53
AND 52 51
AND 5122 5123
AND 50 49
AND 48 47
AND 5125 5126
AND 5124 5127
AND 5121 5128
AND 5129 14
AND 62 61
AND 60 59
AND 5131 5132
AND 58 57
AND 56 55
AND 5134 5135
AND 5133 5136
AND 54 53
AND 52 51
AND 5138 5139
AND 50 49
AND 48 47
AND 5141 5142
AND 5140 5143
AND 5137 5144
AND 46 13
AND 5145 5146
AND 62 61
AND 60 59
AND 5148 5149
AND 58 57
AND 56 55
AND 5151 5152
AND 5150 5153
AND 54 53
AND 52 51
AND 5155 5156
AND 50 49
AND 48 47
AND 5158 5159
AND 5157 5160
AND 5154 5161
AND 46 45
AND 5163 12
AND 5162 5164
AND 62 61
AND 60 59
AND 5166 5167
AND 58 57
AND 56 55
AND 5169 5170
AND 5168 5171
AND 54 53
AND 52 51
AND 5173 5174
AND 50 49
AND 48 47
AND 5176 5177
AND 5175 5178
AND 5172 5179
AND 46 45
AND 44 11
AND 5181 5182
AND 5180 5183
AND 62 61
AND 60 59
AND 5185 5186
AND 58 57
AND 56 55
AND 5188 5189
AND 5187 5190
AND 54 53
AND 52 51
AND 5192 5193
AND 50 49
AND 48 47
AND 5195 5196
AND 5194 5197
AND 5191 5198
AND 46 45
AND 44 43
AND 5200 5201
AND 5202 10
AND 5199 5203
AND 62 61
AND 60 59
AND 5205 5206
AND 58 57
AND 56 55
AND 5208 5209
AND 5207 5210
AND 54 53
AND 52 51
AND 5212 5213
AND 50 49
AND 48 47
AND 5215 5216
AND 5214 5217
AND 5211 5218
AND 46 45
AND 44 43
AND 5220 5221
AND 42 9
AND 5222 5223
AND 5219 5224
AND 62 61
AND 60 59
AND 5226 5227
AND 58 57
AND 56 55
AND 5229 5230
AND 5228 5231
AND 54 53
AND 52 51
AND 5233 5234
AND 50 49
AND 48 47
AND 5236 5237
AND 5235 5238
AND 5232 5239
AND 46 45
AND 44 43
AND 5241 5242
AND 42 41
AND 5244 8
AND 5243 5245
AND 5240 5246
AND 62 61
AND 60 59
AND 5248 5249
AND 58 57
AND 56 55
AND 5251 5252
AND 5250 5253
AND 54 53
AND 52 51
AND 5255 5256
AND 50 49
AND 48 47
AND 5258 5259
AND 5257 5260
AND 5254 5261
AND 46 45
AND 44 43
AND 5263 5264
AND 42 41
AND 40 7
AND 5266 5267
AND 5265 5268
AND 5262 5269
AND 62 61
AND 60 59
AND 5271 5272
AND 58 57
AND 56 55
AND 5274 5275
AND 5273 5276
AND 54 53
AND 52 51
AND 5278 5279
AND 50 49
AND 48 47
AND 5281 5282
AND 5280 5283
AND 5277 5284
AND 46 45
AND 44 43
AND 5286 5287
AND 42 41
AND 40 39
AND 5289 5290
AND 5288 5291
AND 5292 6
AND 5285 5293
AND 62 61
AND 60 59
AND 5295 5296
AND 58 57
AND 56 55
AND 5298 5299
AND 5297 5300
AND 54 53
AND 52 51
AND 5302 5303
AND 50 49
AND 48 47
AND 5305 5306
AND 5304 5307
AND 5301 5308
AND 46 45
AND 44 43
AND 5310 5311
AND 42 41
AND 40 39
AND 5313 5314
AND 5312 5315
AND 38 5
AND 5316 5317
AND 5309 5318
AND 62 61
AND 60 59
AND 5320 5321
AND 58 57
AND 56 55
AND 5323 5324
AND 5322 5325
AND 54 53
AND 52 51
AND 5327 5328
AND 50 49
AND 48 47
AND 5330 5331
AND 5329 5332
AND 5326 5333
AND 46 45
AND 44 43
AND 5335 5336
AND 42 41
AND 40 39
AND 5338 5339
AND 5337 5340
AND 38 37
AND 5342 4
AND 5341 5343
AND 5334 5344
AND 62 61
AND 60 59
AND 5346 5347
AND 58 57
AND 56 55
AND 5349 5350
AND 5348 5351
AND 54 53
AND 52 51
AND 5353 5354
AND 50 49
AND 48 47
AND 5356 5357
AND 5355 5358
AND 5352 5359
AND 46 45
AND 44 43
AND 5361 5362
AND 42 41
AND 40 39
AND 5364 5365
AND 5363 5366
AND 38 37
AND 36 3
AND 5368 5369
AND 5367 5370
AND 5360 5371
AND 62 61
AND 60 59
AND 5373 5374
AND 58 57
AND 56 55
AND 5376 5377
AND 5375 5378
AND 54 53
AND 52 51
AND 5380 5381
AND 50 49
AND 48 47
AND 5383 5384
AND 5382 5385
AND 5379 5386
AND 46 45
AND 44 43
AND 5388 5389
AND 42 41
AND 40 39
AND 5391 5392
AND 5390 5393
AND 38 37
AND 36 35
AND 5395 5396
AND 5397 2
AND 5394 5398
AND 5387 5399
AND 62 61
AND 60 59
AND 5401 5402
AND 58 57
AND 56 55
AND 5404 5405
AND 5403 5406
AND 54 53
AND 52 51
AND 5408 5409
AND 50 49
AND 48 47
AND 5411 5412
AND 5410 5413
AND 5407 5414
AND 46 45
AND 44 43
AND 5416 5417
AND 42 41
AND 40 39
AND 5419 5420
AND 5418 5421
AND 38 37
AND 36 35
AND 5423 5424
AND 34 1
AND 5425 5426
AND 5422 5427
AND 5415 5428
AND 62 61
AND 60 59
AND 5430 5431
AND 58 57
AND 56 55
AND 5433 5434
AND 5432 5435
AND 54 53
AND 52 51
AND 5437 5438
AND 50 49
AND 48 47
AND 5440 5441
AND 5439 5442
AND 5436 5443
AND 46 45
AND 44 43
AND 5445 5446
AND 42 41
AND 40 39
AND 5448 5449
AND 5447 5450
AND 38 37
AND 36 35
AND 5452 5453
AND 34 33
AND 5455 0
AND 5454 5456
AND 5451 5457
AND 5444 5458
OR 30 4995
OR 4997 5000
OR 5460 5461
OR 5004 5009
OR 5015 5022
OR 5463 5464
OR 5462 5465
OR 5030 5039
OR 5049 5060
OR 5467 5468
OR 5072 5085
OR 5099 5114
OR 5470 5471
OR 5469 5472
OR 5466 5473
OR 5130 5147
OR 5165 5184
OR 5475 5476
OR 5204 5225
OR 5247 5270
OR 5478 5479
OR 5477 5480
OR 5294 5319
OR 5345 5372
OR 5482 5483
OR 5400 5429
OR 5485 5459
OR 5484 5486
OR 5481 5487
OR 5474 5488
AND 63 30
AND 63 62
AND 5491 29
AND 63 62
AND 61 28
AND 5493 5494
AND 63 62
AND 61 60
AND 5496 5497
AND 5498 27
AND 63 62
AND 61 60
AND 5500 5501
AND 59 26
AND 5502 5503
AND 63 62
AND 61 60
AND 5505 5506
AND 59 58
AND 5508 25
AND 5507 5509
AND 63 62
AND 61 60
AND 5511 5512
AND 59 58
AND 57 24
AND 5514 5515
AND 5513 5516
AND 63 62
AND 61 60
AND 5518 5519
AND 59 58
AND 57 56
AND 5521 5522
AND 5520 5523
AND 5524 23
AND 63 62
AND 61 60
AND 5526 5527
AND 59 58
AND 57 56
AND 5529 5530
AND 5528 5531
AND 55 22
AND 5532 5533
AND 63 62
AND 61 60
AND 5535 5536
AND 59 58
AND 57 56
AND 5538 5539
AND 5537 5540
AND 55 54
AND 5542 21
AND 5541 5543
AND 63 62
AND 61 60
AND 5545 5546
AND 59 58
AND 57 56
AND 5548 5549
AND 5547 5550
AND 55 54
AND 53 20
AND 5552 5553
AND 5551 5554
AND 63 62
AND 61 60
AND 5556 5557
AND 59 58
AND 57 56
AND 5559 5560
AND 5558 5561
AND 55 54
AND 53 52
AND 5563 5564
AND 5565 19
AND 5562 5566
AND 63 62
AND 61 60
AND 5568 5569
AND 59 58
AND 57 56
AND 5571 5572
AND 5570 5573
AND 55 54
AND 53 52
AND 5575 5576
AND 51 18
AND 5577 5578
AND 5574 5579
AND 63 62
AND 61 60
AND 5581 5582
AND 59 58
AND 57 56
AND 5584 5585
AND 5583 5586
AND 55 54
AND 53 52
AND 5588 5589
AND 51 50
AND 5591 17
AND 5590 5592
AND 5587 5593
AND 63 62
AND 61 60
AND 5595 5596
AND 59 58
AND 57 56
AND 5598 5599
AND 5597 5600
AND 55 54
AND 53 52
AND 5602 5603
AND 51 50
AND 49 16
AND 5605 5606
AND 5604 5607
AND 5601 5608
AND 63 62
AND 61 60
AND 5610 5611
AND 59 58
AND 57 56
AND 5613 5614
AND 5612 5615
AND 55 54
AND 53 52
AND 5617 5618
AND 51 50
AND 49 48
AND 5620 5621
AND 5619 5622
AND 5616 5623
AND 5624 15
AND 63 62
AND 61 60
AND 5626 5627
AND 59 58
AND 57 56
AND 5629 5630
AND 5628 5631
AND 55 54
AND 53 52
AND 5633 5634
AND 51 50
AND 49 48
AND 5636 5637
AND 5635 5638
AND 5632 5639
AND 47 14
AND 5640 5641
AND 63 62
AND 61 60
AND 5643 5644
AND 59 58
AND 57 56
AND 5646 5647
AND 5645 5648
AND 55 54
AND 53 52
AND 5650 5651
AND 51 50
AND 49 48
AND 5653 5654
AND 5652 5655
AND 5649 5656
AND 47 46
AND 5658 13
AND 5657 5659
AND 63 62
AND 61 60
AND 5661 5662
AND 59 58
AND 57 56
AND 5664 5665
AND 5663 5666
AND 55 54
AND 53 52
AND 5668 5669
AND 51 50
AND 49 48
AND 5671 5672
AND 5670 5673
AND 5667 5674
AND 47 46
AND 45 12
AND 5676 5677
AND 5675 5678
AND 63 62
AND 61 60
AND 5680 5681
AND 59 58
AND 57 56
AND 5683 5684
AND 5682 5685
AND 55 54
AND 53 52
AND 5687 5688
AND 51 50
AND 49 48
AND 5690 5691
AND 5689 5692
AND 5686 5693
AND 47 46
AND 45 44
AND 5695 5696
AND 5697 11
AND 5694 5698
AND 63 62
AND 61 60
AND 5700 5701
AND 59 58
AND 57 56
AND 5703 5704
AND 5702 5705
AND 55 54
AND 53 52
AND 5707 5708
AND 51 50
AND 49 48
AND 5710 5711
AND 5709 5712
AND 5706 5713
AND 47 46
AND 45 44
AND 5715 5716
AND 43 10
AND 5717 5718
AND 5714 5719
AND 63 62
AND 61 60
AND 5721 5722
AND 59 58
AND 57 56
AND 5724 5725
AND 5723 5726
AND 55 54
AND 53 52
AND 5728 5729
AND 51 50
AND 49 48
AND 5731 5732
AND 5730 5733
AND 5727 5734
AND 47 46
AND 45 44
AND 5736 5737
AND 43 42
AND 5739 9
AND 5738 5740
AND 5735 5741
AND 63 62
AND 61 60
AND 5743 5744
AND 59 58
AND 57 56
AND 5746 5747
AND 5745 5748
AND 55 54
AND 53 52
AND 5750 5751
AND 51 50
AND 49 48
AND 5753 5754
AND 5752 5755
AND 5749 5756
AND 47 46
AND 45 44
AND 5758 5759
AND 43 42
AND 41 8
AND 5761 5762
AND 5760 5763
AND 5757 5764
AND 63 62
AND 61 60
AND 5766 5767
AND 59 58
AND 57 56
AND 5769 5770
AND 5768 5771
AND 55 54
AND 53 52
AND 5773 5774
AND 51 50
AND 49 48
AND 5776 5777
AND 5775 5778
AND 5772 5779
AND 47 46
AND 45 44
AND 5781 5782
AND 43 42
AND 41 40
AND 5784 5785
AND 5783 5786
AND 5787 7
AND 5780 5788
AND 63 62
AND 61 60
AND 5790 5791
AND 59 58
AND 57 56
AND 5793 5794
AND 5792 5795
AND 55 54
AND 53 52
AND 5797 5798
AND 51 50
AND 49 48
AND 5800 5801
AND 5799 5802
AND 5796 5803
AND 47 46
AND 45 44
AND 5805 5806
AND 43 42
AND 41 40
AND 5808 5809
AND 5807 5810
AND 39 6
AND 5811 5812
AND 5804 5813
AND 63 62
AND 61 60
AND 5815 5816
AND 59 58
AND 57 56
AND 5818 5819
AND 5817 5820
AND 55 54
AND 53 52
AND 5822 5823
AND 51 50
AND 49 48
AND 5825 5826
AND 5824 5827
AND 5821 5828
AND 47 46
AND 45 44
AND 5830 5831
AND 43 42
AND 41 40
AND 5833 5834
AND 5832 5835
AND 39 38
AND 5837 5
AND 5836 5838
AND 5829 5839
AND 63 62
AND 61 60
AND 5841 5842
AND 59 58
AND 57 56
AND 5844 5845
AND 5843 5846
AND 55 54
AND 53 52
AND 5848 5849
AND 51 50
AND 49 48
AND 5851 5852
AND 5850 5853
AND 5847 5854
AND 47 46
AND 45 44
AND 5856 5857
AND 43 42
AND 41 40
AND 5859 5860
AND 5858 5861
AND 39 38
AND 37 4
AND 5863 5864
AND 5862 5865
AND 5855 5866
AND 63 62
AND 61 60
AND 5868 5869
AND 59 58
AND 57 56
AND 5871 5872
AND 5870 5873
AND 55 54
AND 53 52
AND 5875 5876
AND 51 50
AND 49 48
AND 5878 5879
AND 5877 5880
AND 5874 5881
AND 47 46
AND 45 44
AND 5883 5884
AND 43 42
AND 41 40
AND 5886 5887
AND 5885 5888
AND 39 38
AND 37 36
AND 5890 5891
AND 5892 3
AND 5889 5893
AND 5882 5894
AND 63 62
AND 61 60
AND 5896 5897
AND 59 58
AND 57 56
AND 5899 5900
AND 5898 5901
AND 55 54
AND 53 52
AND 5903 5904
AND 51 50
AND 49 48
AND 5906 5907
AND 5905 5908
AND 5902 5909
AND 47 46
AND 45 44
AND 5911 5912
AND 43 42
AND 41 40
AND 5914 5915
AND 5913 5916
AND 39 38
AND 37 36
AND 5918 5919
AND 35 2
AND 5920 5921
AND 5917 5922
AND 5910 5923
AND 63 62
AND 61 60
AND 5925 5926
AND 59 58
AND 57 56
AND 5928 5929
AND 5927 5930
AND 55 54
AND 53 52
AND 5932 5933
AND 51 50
AND 49 48
AND 5935 5936
AND 5934 5937
AND 5931 5938
AND 47 46
AND 45 44
AND 5940 5941
AND 43 42
AND 41 40
AND 5943 5944
AND 5942 5945
AND 39 38
AND 37 36
AND 5947 5948
AND 35 34
AND 5950 1
AND 5949 5951
AND 5946 5952
AND 5939 5953
AND 63 62
AND 61 60
AND 5955 5956
AND 59 58
AND 57 56
AND 5958 5959
AND 5957 5960
AND 55 54
AND 53 52
AND 5962 5963
AND 51 50
AND 49 48
AND 5965 5966
AND 5964 5967
AND 5961 5968
AND 47 46
AND 45 44
AND 5970 5971
AND 43 42
AND 41 40
AND 5973 5974
AND 5972 5975
AND 39 38
AND 37 36
AND 5977 5978
AND 35 34
AND 33 0
AND 5980 5981
AND 5979 5982
AND 5976 5983
AND 5969 5984
OR 31 5490
OR 5492 5495
OR 5986 5987
OR 5499 5504
OR 5510 5517
OR 5989 5990
OR 5988 5991
OR 5525 5534
OR 5544 5555
OR 5993 5994
OR 5567 5580
OR 5594 5609
OR 5996 5997
OR 5995 5998
OR 5992 5999
OR 5625 5642
OR 5660 5679
OR 6001 6002
OR 5699 5720
OR 5742 5765
OR 6004 6005
OR 6003 6006
OR 5789 5814
OR 5840 5867
OR 6008 6009
OR 5895 5924
OR 5954 5985
OR 6011 6012
OR 6010 6013
OR 6007 6014
OR 6000 6015
AND 64 31
AND 64 63
AND 6018 30
AND 64 63
AND 62 29
AND 6020 6021
AND 64 63
AND 62 61
AND 6023 6024
AND 6025 28
AND 64 63
AND 62 61
AND 6027 6028
AND 60 27
AND 6029 6030
AND 64 63
AND 62 61
AND 6032 6033
AND 60 59
AND 6035 26
AND 6034 6036
AND 64 63
AND 62 61
AND 6038 6039
AND 60 59
AND 58 25
AND 6041 6042
AND 6040 6043
AND 64 63
AND 62 61
AND 6045 6046
AND 60 59
AND 58 57
AND 6048 6049
AND 6047 6050
AND 6051 24
AND 64 63
AND 62 61
AND 6053 6054
AND 60 59
AND 58 57
AND 6056 6057
AND 6055 6058
AND 56 23
AND 6059 6060
AND 64 63
AND 62 61
AND 6062 6063
AND 60 59
AND 58 57
AND 6065 6066
AND 6064 6067
AND 56 55
AND 6069 22
AND 6068 6070
AND 64 63
AND 62 61
AND 6072 6073
AND 60 59
AND 58 57
AND 6075 6076
AND 6074 6077
AND 56 55
AND 54 21
AND 6079 6080
AND 6078 6081
AND 64 63
AND 62 61
AND 6083 6084
AND 60 59
AND 58 57
AND 6086 6087
AND 6085 6088
AND 56 55
AND 54 53
AND 6090 6091
AND 6092 20
AND 6089 6093
AND 64 63
AND 62 61
AND 6095 6096
AND 60 59
AND 58 57
AND 6098 6099
AND 6097 6100
AND 56 55
AND 54 53
AND 6102 6103
AND 52 19
AND 6104 6105
AND 6101 6106
AND 64 63
AND 62 61
AND 6108 6109
AND 60 59
AND 58 57
AND 6111 6112
AND 6110 6113
AND 56 55
AND 54 53
AND 6115 6116
AND 52 51
AND 6118 18
AND 6117 6119
AND 6114 6120
AND 64 63
AND 62 61
AND 6122 6123
AND 60 59
AND 58 57
AND 6125 6126
AND 6124 6127
AND 56 55
AND 54 53
AND 6129 6130
AND 52 51
AND 50 17
AND 6132 6133
AND 6131 6134
AND 6128 6135
AND 64 63
AND 62 61
AND 6137 6138
AND 60 59
AND 58 57
AND 6140 6141
AND 6139 6142
AND 56 55
AND 54 53
AND 6144 6145
AND 52 51
AND 50 49
AND 6147 6148
AND 6146 6149
AND 6143 6150
AND 6151 16
AND 64 63
AND 62 61
AND 6153 6154
AND 60 59
AND 58 57
AND 6156 6157
AND 6155 6158
AND 56 55
AND 54 53
AND 6160 6161
AND 52 51
AND 50 49
AND 6163 6164
AND 6162 6165
AND 6159 6166
AND 48 15
AND 6167 6168
AND 64 63
AND 62 61
AND 6170 6171
AND 60 59
AND 58 57
AND 6173 6174
AND 6172 6175
AND 56 55
AND 54 53
AND 6177 6178
AND 52 51
AND 50 49
AND 6180 6181
AND 6179 6182
AND 6176 6183
AND 48 47
AND 6185 14
AND 6184 6186
AND 64 63
AND 62 61
AND 6188 6189
AND 60 59
AND 58 57
AND 6191 6192
AND 6190 6193
AND 56 55
AND 54 53
AND 6195 6196
AND 52 51
AND 50 49
AND 6198 6199
AND 6197 6200
AND 6194 6201
AND 48 47
AND 46 13
AND 6203 6204
AND 6202 6205
AND 64 63
AND 62 61
AND 6207 6208
AND 60 59
AND 58 57
AND 6210 6211
AND 6209 6212
AND 56 55
AND 54 53
AND 6214 6215
AND 52 51
AND 50 49
AND 6217 6218
AND 6216 6219
AND 6213 6220
AND 48 47
AND 46 45
AND 6222 6223
AND 6224 12
AND 6221 6225
AND 64 63
AND 62 61
AND 6227 6228
AND 60 59
AND 58 57
AND 6230 6231
AND 6229 6232
AND 56 55
AND 54 53
AND 6234 6235
AND 52 51
AND 50 49
AND 6237 6238
AND 6236 6239
AND 6233 6240
AND 48 47
AND 46 45
AND 6242 6243
AND 44 11
AND 6244 6245
AND 6241 6246
AND 64 63
AND 62 61
AND 6248 6249
AND 60 59
AND 58 57
AND 6251 6252
AND 6250 6253
AND 56 55
AND 54 53
AND 6255 6256
AND 52 51
AND 50 49
AND 6258 6259
AND 6257 6260
AND 6254 6261
AND 48 47
AND 46 45
AND 6263 6264
AND 44 43
AND 6266 10
AND 6265 6267
AND 6262 6268
AND 64 63
AND 62 61
AND 6270 6271
AND 60 59
AND 58 57
AND 6273 6274
AND 6272 6275
AND 56 55
AND 54 53
AND 6277 6278
AND 52 51
AND 50 49
AND 6280 6281
AND 6279 6282
AND 6276 6283
AND 48 47
AND 46 45
AND 6285 6286
AND 44 43
AND 42 9
AND 6288 6289
AND 6287 6290
AND 6284 6291
AND 64 63
AND 62 61
AND 6293 6294
AND 60 59
AND 58 57
AND 6296 6297
AND 6295 6298
AND 56 55
AND 54 53
AND 6300 6301
AND 52 51
AND 50 49
AND 6303 6304
AND 6302 6305
AND 6299 6306
AND 48 47
AND 46 45
AND 6308 6309
AND 44 43
AND 42 41
AND 6311 6312
AND 6310 6313
AND 6314 8
AND 6307 6315
AND 64 63
AND 62 61
AND 6317 6318
AND 60 59
AND 58 57
AND 6320 6321
AND 6319 6322
AND 56 55
AND 54 53
AND 6324 6325
AND 52 51
AND 50 49
AND 6327 6328
AND 6326 6329
AND 6323 6330
AND 48 47
AND 46 45
AND 6332 6333
AND 44 43
AND 42 41
AND 6335 6336
AND 6334 6337
AND 40 7
AND 6338 6339
AND 6331 6340
AND 64 63
AND 62 61
AND 6342 6343
AND 60 59
AND 58 57
AND 6345 6346
AND 6344 6347
AND 56 55
AND 54 53
AND 6349 6350
AND 52 51
AND 50 49
AND 6352 6353
AND 6351 6354
AND 6348 6355
AND 48 47
AND 46 45
AND 6357 6358
AND 44 43
AND 42 41
AND 6360 6361
AND 6359 6362
AND 40 39
AND 6364 6
AND 6363 6365
AND 6356 6366
AND 64 63
AND 62 61
AND 6368 6369
AND 60 59
AND 58 57
AND 6371 6372
AND 6370 6373
AND 56 55
AND 54 53
AND 6375 6376
AND 52 51
AND 50 49
AND 6378 6379
AND 6377 6380
AND 6374 6381
AND 48 47
AND 46 45
AND 6383 6384
AND 44 43
AND 42 41
AND 6386 6387
AND 6385 6388
AND 40 39
AND 38 5
AND 6390 6391
AND 6389 6392
AND 6382 6393
AND 64 63
AND 62 61
AND 6395 6396
AND 60 59
AND 58 57
AND 6398 6399
AND 6397 6400
AND 56 55
AND 54 53
AND 6402 6403
AND 52 51
AND 50 49
AND 6405 6406
AND 6404 6407
AND 6401 6408
AND 48 47
AND 46 45
AND 6410 6411
AND 44 43
AND 42 41
AND 6413 6414
AND 6412 6415
AND 40 39
AND 38 37
AND 6417 6418
AND 6419 4
AND 6416 6420
AND 6409 6421
AND 64 63
AND 62 61
AND 6423 6424
AND 60 59
AND 58 57
AND 6426 6427
AND 6425 6428
AND 56 55
AND 54 53
AND 6430 6431
AND 52 51
AND 50 49
AND 6433 6434
AND 6432 6435
AND 6429 6436
AND 48 47
AND 46 45
AND 6438 6439
AND 44 43
AND 42 41
AND 6441 6442
AND 6440 6443
AND 40 39
AND 38 37
AND 6445 6446
AND 36 3
AND 6447 6448
AND 6444 6449
AND 6437 6450
AND 64 63
AND 62 61
AND 6452 6453
AND 60 59
AND 58 57
AND 6455 6456
AND 6454 6457
AND 56 55
AND 54 53
AND 6459 6460
AND 52 51
AND 50 49
AND 6462 6463
AND 6461 6464
AND 6458 6465
AND 48 47
AND 46 45
AND 6467 6468
AND 44 43
AND 42 41
AND 6470 6471
AND 6469 6472
AND 40 39
AND 38 37
AND 6474 6475
AND 36 35
AND 6477 2
AND 6476 6478
AND 6473 6479
AND 6466 6480
AND 64 63
AND 62 61
AND 6482 6483
AND 60 59
AND 58 57
AND 6485 6486
AND 6484 6487
AND 56 55
AND 54 53
AND 6489 6490
AND 52 51
AND 50 49
AND 6492 6493
AND 6491 6494
AND 6488 6495
AND 48 47
AND 46 45
AND 6497 6498
AND 44 43
AND 42 41
AND 6500 6501
AND 6499 6502
AND 40 39
AND 38 37
AND 6504 6505
AND 36 35
AND 34 1
AND 6507 6508
AND 6506 6509
AND 6503 6510
AND 6496 6511
AND 64 63
AND 62 61
AND 6513 6514
AND 60 59
AND 58 57
AND 6516 6517
AND 6515 6518
AND 56 55
AND 54 53
AND 6520 6521
AND 52 51
AND 50 49
AND 6523 6524
AND 6522 6525
AND 6519 6526
AND 48 47
AND 46 45
AND 6528 6529
AND 44 43
AND 42 41
AND 6531 6532
AND 6530 6533
AND 40 39
AND 38 37
AND 6535 6536
AND 36 35
AND 34 33
AND 6538 6539
AND 6537 6540
AND 6534 6541
AND 6527 6542
AND 6543 0
OR 32 6017
OR 6019 6022
OR 6545 6546
OR 6026 6031
OR 6037 6044
OR 6548 6549
OR 6547 6550
OR 6052 6061
OR 6071 6082
OR 6552 6553
OR 6094 6107
OR 6121 6136
OR 6555 6556
OR 6554 6557
OR 6551 6558
OR 6152 6169
OR 6187 6206
OR 6560 6561
OR 6226 6247
OR 6269 6292
OR 6563 6564
OR 6562 6565
OR 6316 6341
OR 6367 6394
OR 6567 6568
OR 6422 6451
OR 6481 6512
OR 6570 6571
OR 6569 6572
OR 6566 6573
OR 6559 6574
OR 6575 6544
AND 1 0
NOT 33
AND 0 6578
NOT 1
AND 33 6580
NOT 0
AND 6582 6581
OR 6577 6579
OR 6584 6583
AND 2 66
NOT 34
AND 66 6587
NOT 2
AND 34 6589
NOT 66
AND 6591 6590
OR 6586 6588
OR 6593 6592
AND 3 71
NOT 35
AND 71 6596
NOT 3
AND 35 6598
NOT 71
AND 6600 6599
OR 6595 6597
OR 6602 6601
AND 4 80
NOT 36
AND 80 6605
NOT 4
AND 36 6607
NOT 80
AND 6609 6608
OR 6604 6606
OR 6611 6610
AND 5 94
NOT 37
AND 94 6614
NOT 5
AND 37 6616
NOT 94
AND 6618 6617
OR 6613 6615
OR 6620 6619
AND 6 114
NOT 38
AND 114 6623
NOT 6
AND 38 6625
NOT 114
AND 6627 6626
OR 6622 6624
OR 6629 6628
AND 7 141
NOT 39
AND 141 6632
NOT 7
AND 39 6634
NOT 141
AND 6636 6635
OR 6631 6633
OR 6638 6637
AND 8 176
NOT 40
AND 176 6641
NOT 8
AND 40 6643
NOT 176
AND 6645 6644
OR 6640 6642
OR 6647 6646
AND 9 220
NOT 41
AND 220 6650
NOT 9
AND 41 6652
NOT 220
AND 6654 6653
OR 6649 6651
OR 6656 6655
AND 10 274
NOT 42
AND 274 6659
NOT 10
AND 42 6661
NOT 274
AND 6663 6662
OR 6658 6660
OR 6665 6664
AND 11 339
NOT 43
AND 339 6668
NOT 11
AND 43 6670
NOT 339
AND 6672 6671
OR 6667 6669
OR 6674 6673
AND 12 416
NOT 44
AND 416 6677
NOT 12
AND 44 6679
NOT 416
AND 6681 6680
OR 6676 6678
OR 6683 6682
AND 13 506
NOT 45
AND 506 6686
NOT 13
AND 45 6688
NOT 506
AND 6690 6689
OR 6685 6687
OR 6692 6691
AND 14 610
NOT 46
AND 610 6695
NOT 14
AND 46 6697
NOT 610
AND 6699 6698
OR 6694 6696
OR 6701 6700
AND 15 729
NOT 47
AND 729 6704
NOT 15
AND 47 6706
NOT 729
AND 6708 6707
OR 6703 6705
OR 6710 6709
AND 16 864
NOT 48
AND 864 6713
NOT 16
AND 48 6715
NOT 864
AND 6717 6716
OR 6712 6714
OR 6719 6718
AND 17 1016
NOT 49
AND 1016 6722
NOT 17
AND 49 6724
NOT 1016
AND 6726 6725
OR 6721 6723
OR 6728 6727
AND 18 1186
NOT 50
AND 1186 6731
NOT 18
AND 50 6733
NOT 1186
AND 6735 6734
OR 6730 6732
OR 6737 6736
AND 19 1375
NOT 51
AND 1375 6740
NOT 19
AND 51 6742
NOT 1375
AND 6744 6743
OR 6739 6741
OR 6746 6745
AND 20 1584
NOT 52
AND 1584 6749
NOT 20
AND 52 6751
NOT 1584
AND 6753 6752
OR 6748 6750
OR 6755 6754
AND 21 1814
NOT 53
AND 1814 6758
NOT 21
AND 53 6760
NOT 1814
AND 6762 6761
OR 6757 6759
OR 6764 6763
AND 22 2066
NOT 54
AND 2066 6767
NOT 22
AND 54 6769
NOT 2066
AND 6771 6770
OR 6766 6768
OR 6773 6772
AND 23 2341
NOT 55
AND 2341 6776
NOT 23
AND 55 6778
NOT 2341
AND 6780 6779
OR 6775 6777
OR 6782 6781
AND 24 2640
NOT 56
AND 2640 6785
NOT 24
AND 56 6787
NOT 2640
AND 6789 6788
OR 6784 6786
OR 6791 6790
AND 25 2964
NOT 57
AND 2964 6794
NOT 25
AND 57 6796
NOT 2964
AND 6798 6797
OR 6793 6795
OR 6800 6799
AND 26 3314
NOT 58
AND 3314 6803
NOT 26
AND 58 6805
NOT 3314
AND 6807 6806
OR 6802 6804
OR 6809 6808
AND 27 3691
NOT 59
AND 3691 6812
NOT 27
AND 59 6814
NOT 3691
AND 6816 6815
OR 6811 6813
OR 6818 6817
AND 28 4096
NOT 60
AND 4096 6821
NOT 28
AND 60 6823
NOT 4096
AND 6825 6824
OR 6820 6822
OR 6827 6826
AND 29 4530
NOT 61
AND 4530 6830
NOT 29
AND 61 6832
NOT 4530
AND 6834 6833
OR 6829 6831
OR 6836 6835
AND 30 4994
NOT 62
AND 4994 6839
NOT 30
AND 62 6841
NOT 4994
AND 6843 6842
OR 6838 6840
OR 6845 6844
AND 31 5489
NOT 63
AND 5489 6848
NOT 31
AND 63 6850
NOT 5489
AND 6852 6851
OR 6847 6849
OR 6854 6853
AND 32 6016
NOT 64
AND 6016 6857
NOT 32
AND 64 6859
NOT 6016
AND 6861 6860
OR 6856 6858
OR 6863 6862
