28 3 28 24
24 5 24 19
15 10 28 23
14 16 25 16
11 1 23 13
10 25 26 25
11 20 21 20
14 11 25 22
16 8 16 18
7 3 17 13
15 6 15 11
14 17 14 29
14 1 14 8
12 10 12 30
7 9 11 9
7 15 12 10
4 2 4 4
28 1 30 3
28 5 28 14
27 1 27 14
23 11 26 8
24 12 25 13
25 3 25 8
17 7 23 7
19 30 22 27
22 10 22 10
21 30 21 30
15 29 18 29
17 11 17 11
16 20 16 27
12 27 15 27
14 14 15 13
14 10 15 9
14 8 15 7
14 15 14 15
14 12 14 13
12 6 12 8
12 3 12 4
7 9 11 9
10 17 10 19
3 30 9 30
9 27 9 27
8 17 8 17
4 15 7 15
4 16 4 16
4 9 4 14
4 3 4 4
-1